{"/home/x/Desktop/games-arabic-main/src/app/api/comments/[id]/route.ts": {"path":"/home/x/Desktop/games-arabic-main/src/app/api/comments/[id]/route.ts","statementMap":{"0":{"start":{"line":19,"column":0},"end":{"line":19,"column":7}},"1":{"start":{"line":62,"column":0},"end":{"line":62,"column":7}},"2":{"start":{"line":2,"column":0},"end":{"line":2,"column":null}},"3":{"start":{"line":10,"column":0},"end":{"line":10,"column":47}},"4":{"start":{"line":11,"column":0},"end":{"line":11,"column":29}},"5":{"start":{"line":12,"column":0},"end":{"line":12,"column":51}},"6":{"start":{"line":20,"column":2},"end":{"line":58,"column":3}},"7":{"start":{"line":21,"column":17},"end":{"line":21,"column":43}},"8":{"start":{"line":22,"column":4},"end":{"line":24,"column":5}},"9":{"start":{"line":23,"column":6},"end":{"line":23,"column":null}},"10":{"start":{"line":26,"column":19},"end":{"line":26,"column":31}},"11":{"start":{"line":27,"column":20},"end":{"line":30,"column":6}},"12":{"start":{"line":32,"column":4},"end":{"line":34,"column":5}},"13":{"start":{"line":33,"column":6},"end":{"line":33,"column":null}},"14":{"start":{"line":36,"column":4},"end":{"line":38,"column":5}},"15":{"start":{"line":37,"column":6},"end":{"line":37,"column":null}},"16":{"start":{"line":40,"column":17},"end":{"line":40,"column":33}},"17":{"start":{"line":41,"column":19},"end":{"line":41,"column":54}},"18":{"start":{"line":42,"column":4},"end":{"line":44,"column":5}},"19":{"start":{"line":43,"column":6},"end":{"line":43,"column":null}},"20":{"start":{"line":46,"column":21},"end":{"line":46,"column":32}},"21":{"start":{"line":48,"column":20},"end":{"line":52,"column":6}},"22":{"start":{"line":54,"column":4},"end":{"line":54,"column":null}},"23":{"start":{"line":56,"column":4},"end":{"line":56,"column":null}},"24":{"start":{"line":57,"column":4},"end":{"line":57,"column":null}},"25":{"start":{"line":63,"column":2},"end":{"line":124,"column":3}},"26":{"start":{"line":64,"column":17},"end":{"line":64,"column":43}},"27":{"start":{"line":65,"column":4},"end":{"line":67,"column":5}},"28":{"start":{"line":66,"column":6},"end":{"line":66,"column":null}},"29":{"start":{"line":69,"column":19},"end":{"line":69,"column":31}},"30":{"start":{"line":70,"column":20},"end":{"line":73,"column":6}},"31":{"start":{"line":75,"column":4},"end":{"line":77,"column":5}},"32":{"start":{"line":76,"column":6},"end":{"line":76,"column":null}},"33":{"start":{"line":79,"column":20},"end":{"line":79,"column":46}},"34":{"start":{"line":80,"column":20},"end":{"line":80,"column":71}},"35":{"start":{"line":82,"column":4},"end":{"line":84,"column":5}},"36":{"start":{"line":83,"column":6},"end":{"line":83,"column":null}},"37":{"start":{"line":87,"column":27},"end":{"line":90,"column":6}},"38":{"start":{"line":91,"column":21},"end":{"line":91,"column":48}},"39":{"start":{"line":92,"column":4},"end":{"line":98,"column":5}},"40":{"start":{"line":93,"column":6},"end":{"line":97,"column":7}},"41":{"start":{"line":94,"column":20},"end":{"line":94,"column":50}},"42":{"start":{"line":95,"column":8},"end":{"line":95,"column":null}},"43":{"start":{"line":96,"column":8},"end":{"line":96,"column":null}},"44":{"start":{"line":99,"column":36},"end":{"line":99,"column":38}},"45":{"start":{"line":100,"column":28},"end":{"line":100,"column":32}},"46":{"start":{"line":101,"column":4},"end":{"line":108,"column":5}},"47":{"start":{"line":102,"column":22},"end":{"line":102,"column":36}},"48":{"start":{"line":103,"column":23},"end":{"line":103,"column":50}},"49":{"start":{"line":104,"column":6},"end":{"line":107,"column":7}},"50":{"start":{"line":105,"column":8},"end":{"line":105,"column":null}},"51":{"start":{"line":106,"column":8},"end":{"line":106,"column":null}},"52":{"start":{"line":109,"column":26},"end":{"line":109,"column":50}},"53":{"start":{"line":110,"column":24},"end":{"line":110,"column":46}},"54":{"start":{"line":112,"column":4},"end":{"line":118,"column":null}},"55":{"start":{"line":120,"column":4},"end":{"line":120,"column":null}},"56":{"start":{"line":122,"column":4},"end":{"line":122,"column":null}},"57":{"start":{"line":123,"column":4},"end":{"line":123,"column":null}}},"fnMap":{"0":{"name":"PATCH","decl":{"start":{"line":19,"column":22},"end":{"line":19,"column":27}},"loc":{"start":{"line":19,"column":69},"end":{"line":59,"column":1}}},"1":{"name":"DELETE","decl":{"start":{"line":62,"column":22},"end":{"line":62,"column":28}},"loc":{"start":{"line":62,"column":71},"end":{"line":125,"column":1}}}},"branchMap":{"0":{"loc":{"start":{"line":22,"column":4},"end":{"line":24,"column":5}},"type":"if","locations":[{"start":{"line":22,"column":4},"end":{"line":24,"column":5}},{"start":{},"end":{}}]},"1":{"loc":{"start":{"line":32,"column":4},"end":{"line":34,"column":5}},"type":"if","locations":[{"start":{"line":32,"column":4},"end":{"line":34,"column":5}},{"start":{},"end":{}}]},"2":{"loc":{"start":{"line":36,"column":4},"end":{"line":38,"column":5}},"type":"if","locations":[{"start":{"line":36,"column":4},"end":{"line":38,"column":5}},{"start":{},"end":{}}]},"3":{"loc":{"start":{"line":42,"column":4},"end":{"line":44,"column":5}},"type":"if","locations":[{"start":{"line":42,"column":4},"end":{"line":44,"column":5}},{"start":{},"end":{}}]},"4":{"loc":{"start":{"line":65,"column":4},"end":{"line":67,"column":5}},"type":"if","locations":[{"start":{"line":65,"column":4},"end":{"line":67,"column":5}},{"start":{},"end":{}}]},"5":{"loc":{"start":{"line":75,"column":4},"end":{"line":77,"column":5}},"type":"if","locations":[{"start":{"line":75,"column":4},"end":{"line":77,"column":5}},{"start":{},"end":{}}]},"6":{"loc":{"start":{"line":82,"column":4},"end":{"line":84,"column":5}},"type":"if","locations":[{"start":{"line":82,"column":4},"end":{"line":84,"column":5}},{"start":{},"end":{}}]},"7":{"loc":{"start":{"line":82,"column":8},"end":{"line":82,"column":28}},"type":"binary-expr","locations":[{"start":{"line":82,"column":8},"end":{"line":82,"column":16}},{"start":{"line":82,"column":20},"end":{"line":82,"column":28}}]},"8":{"loc":{"start":{"line":93,"column":6},"end":{"line":97,"column":7}},"type":"if","locations":[{"start":{"line":93,"column":6},"end":{"line":97,"column":7}},{"start":{},"end":{}}]},"9":{"loc":{"start":{"line":94,"column":20},"end":{"line":94,"column":50}},"type":"binary-expr","locations":[{"start":{"line":94,"column":20},"end":{"line":94,"column":44}},{"start":{"line":94,"column":48},"end":{"line":94,"column":50}}]},"10":{"loc":{"start":{"line":103,"column":23},"end":{"line":103,"column":50}},"type":"binary-expr","locations":[{"start":{"line":103,"column":23},"end":{"line":103,"column":44}},{"start":{"line":103,"column":48},"end":{"line":103,"column":50}}]}},"s":{"0":1,"1":1,"2":1,"3":1,"4":1,"5":1,"6":4,"7":4,"8":4,"9":0,"10":4,"11":4,"12":4,"13":0,"14":4,"15":1,"16":3,"17":3,"18":3,"19":0,"20":3,"21":3,"22":3,"23":0,"24":0,"25":2,"26":2,"27":2,"28":0,"29":2,"30":2,"31":2,"32":0,"33":2,"34":2,"35":2,"36":1,"37":1,"38":1,"39":1,"40":4,"41":3,"42":3,"43":3,"44":1,"45":1,"46":1,"47":4,"48":4,"49":4,"50":3,"51":3,"52":1,"53":1,"54":1,"55":1,"56":0,"57":0},"f":{"0":4,"1":2},"b":{"0":[0,4],"1":[0,4],"2":[1,3],"3":[0,3],"4":[0,2],"5":[0,2],"6":[1,1],"7":[2,1],"8":[3,1],"9":[3,2],"10":[4,2]}}
,"/home/x/Desktop/games-arabic-main/src/app/api/comments/[id]/dislike/route.ts": {"path":"/home/x/Desktop/games-arabic-main/src/app/api/comments/[id]/dislike/route.ts","statementMap":{"0":{"start":{"line":12,"column":0},"end":{"line":12,"column":7}},"1":{"start":{"line":2,"column":0},"end":{"line":2,"column":91}},"2":{"start":{"line":3,"column":0},"end":{"line":3,"column":47}},"3":{"start":{"line":4,"column":0},"end":{"line":4,"column":29}},"4":{"start":{"line":5,"column":0},"end":{"line":5,"column":44}},"5":{"start":{"line":13,"column":2},"end":{"line":91,"column":3}},"6":{"start":{"line":14,"column":15},"end":{"line":14,"column":93}},"7":{"start":{"line":15,"column":4},"end":{"line":17,"column":5}},"8":{"start":{"line":16,"column":6},"end":{"line":16,"column":null}},"9":{"start":{"line":19,"column":21},"end":{"line":19,"column":47}},"10":{"start":{"line":20,"column":4},"end":{"line":22,"column":5}},"11":{"start":{"line":21,"column":6},"end":{"line":21,"column":null}},"12":{"start":{"line":24,"column":19},"end":{"line":24,"column":31}},"13":{"start":{"line":25,"column":20},"end":{"line":28,"column":6}},"14":{"start":{"line":29,"column":4},"end":{"line":31,"column":5}},"15":{"start":{"line":30,"column":6},"end":{"line":30,"column":null}},"16":{"start":{"line":33,"column":21},"end":{"line":35,"column":6}},"17":{"start":{"line":37,"column":4},"end":{"line":77,"column":5}},"18":{"start":{"line":38,"column":6},"end":{"line":62,"column":7}},"19":{"start":{"line":39,"column":8},"end":{"line":54,"column":9}},"20":{"start":{"line":41,"column":10},"end":{"line":44,"column":null}},"21":{"start":{"line":47,"column":10},"end":{"line":53,"column":null}},"22":{"start":{"line":58,"column":8},"end":{"line":61,"column":null}},"23":{"start":{"line":64,"column":6},"end":{"line":75,"column":7}},"24":{"start":{"line":70,"column":22},"end":{"line":73,"column":10}},"25":{"start":{"line":74,"column":8},"end":{"line":74,"column":null}},"26":{"start":{"line":76,"column":6},"end":{"line":76,"column":null}},"27":{"start":{"line":79,"column":20},"end":{"line":82,"column":6}},"28":{"start":{"line":84,"column":4},"end":{"line":88,"column":null}},"29":{"start":{"line":90,"column":4},"end":{"line":90,"column":null}}},"fnMap":{"0":{"name":"POST","decl":{"start":{"line":12,"column":22},"end":{"line":12,"column":26}},"loc":{"start":{"line":12,"column":68},"end":{"line":92,"column":1}}}},"branchMap":{"0":{"loc":{"start":{"line":15,"column":4},"end":{"line":17,"column":5}},"type":"if","locations":[{"start":{"line":15,"column":4},"end":{"line":17,"column":5}},{"start":{},"end":{}}]},"1":{"loc":{"start":{"line":20,"column":4},"end":{"line":22,"column":5}},"type":"if","locations":[{"start":{"line":20,"column":4},"end":{"line":22,"column":5}},{"start":{},"end":{}}]},"2":{"loc":{"start":{"line":29,"column":4},"end":{"line":31,"column":5}},"type":"if","locations":[{"start":{"line":29,"column":4},"end":{"line":31,"column":5}},{"start":{},"end":{}}]},"3":{"loc":{"start":{"line":38,"column":6},"end":{"line":62,"column":7}},"type":"if","locations":[{"start":{"line":38,"column":6},"end":{"line":62,"column":7}},{"start":{"line":55,"column":13},"end":{"line":62,"column":7}}]},"4":{"loc":{"start":{"line":39,"column":8},"end":{"line":54,"column":9}},"type":"if","locations":[{"start":{"line":39,"column":8},"end":{"line":54,"column":9}},{"start":{"line":45,"column":15},"end":{"line":54,"column":9}}]},"5":{"loc":{"start":{"line":64,"column":6},"end":{"line":75,"column":7}},"type":"if","locations":[{"start":{"line":64,"column":6},"end":{"line":75,"column":7}},{"start":{},"end":{}}]},"6":{"loc":{"start":{"line":65,"column":8},"end":{"line":68,"column":50}},"type":"binary-expr","locations":[{"start":{"line":65,"column":8},"end":{"line":65,"column":31}},{"start":{"line":66,"column":8},"end":{"line":66,"column":20}},{"start":{"line":67,"column":8},"end":{"line":67,"column":21}},{"start":{"line":68,"column":9},"end":{"line":68,"column":50}}]},"7":{"loc":{"start":{"line":74,"column":43},"end":{"line":74,"column":60}},"type":"cond-expr","locations":[{"start":{"line":74,"column":55},"end":{"line":74,"column":59}},{"start":{"line":74,"column":59},"end":{"line":74,"column":60}}]},"8":{"loc":{"start":{"line":74,"column":43},"end":{"line":74,"column":59}},"type":"binary-expr","locations":[{"start":{"line":74,"column":43},"end":{"line":74,"column":59}},{"start":{"line":74,"column":55},"end":{"line":74,"column":59}}]},"9":{"loc":{"start":{"line":74,"column":43},"end":{"line":74,"column":55}},"type":"cond-expr","locations":[{"start":{"line":74,"column":48},"end":{"line":74,"column":50}},{"start":{"line":74,"column":43},"end":{"line":74,"column":55}}]},"10":{"loc":{"start":{"line":74,"column":43},"end":{"line":74,"column":50}},"type":"binary-expr","locations":[{"start":{"line":74,"column":43},"end":{"line":74,"column":50}},{"start":{"line":74,"column":43},"end":{"line":74,"column":50}}]},"11":{"loc":{"start":{"line":74,"column":72},"end":{"line":74,"column":92}},"type":"cond-expr","locations":[{"start":{"line":74,"column":87},"end":{"line":74,"column":91}},{"start":{"line":74,"column":91},"end":{"line":74,"column":92}}]},"12":{"loc":{"start":{"line":74,"column":72},"end":{"line":74,"column":91}},"type":"binary-expr","locations":[{"start":{"line":74,"column":72},"end":{"line":74,"column":91}},{"start":{"line":74,"column":87},"end":{"line":74,"column":91}}]},"13":{"loc":{"start":{"line":74,"column":72},"end":{"line":74,"column":87}},"type":"cond-expr","locations":[{"start":{"line":74,"column":77},"end":{"line":74,"column":79}},{"start":{"line":74,"column":72},"end":{"line":74,"column":87}}]},"14":{"loc":{"start":{"line":74,"column":72},"end":{"line":74,"column":79}},"type":"binary-expr","locations":[{"start":{"line":74,"column":72},"end":{"line":74,"column":79}},{"start":{"line":74,"column":72},"end":{"line":74,"column":79}}]},"15":{"loc":{"start":{"line":85,"column":16},"end":{"line":85,"column":57}},"type":"binary-expr","locations":[{"start":{"line":85,"column":16},"end":{"line":85,"column":25}},{"start":{"line":85,"column":29},"end":{"line":85,"column":57}}]},"16":{"loc":{"start":{"line":86,"column":13},"end":{"line":86,"column":32}},"type":"cond-expr","locations":[{"start":{"line":86,"column":27},"end":{"line":86,"column":31}},{"start":{"line":86,"column":31},"end":{"line":86,"column":32}}]},"17":{"loc":{"start":{"line":86,"column":13},"end":{"line":86,"column":31}},"type":"binary-expr","locations":[{"start":{"line":86,"column":13},"end":{"line":86,"column":31}},{"start":{"line":86,"column":27},"end":{"line":86,"column":31}}]},"18":{"loc":{"start":{"line":86,"column":13},"end":{"line":86,"column":27}},"type":"cond-expr","locations":[{"start":{"line":86,"column":20},"end":{"line":86,"column":22}},{"start":{"line":86,"column":13},"end":{"line":86,"column":27}}]},"19":{"loc":{"start":{"line":86,"column":13},"end":{"line":86,"column":22}},"type":"binary-expr","locations":[{"start":{"line":86,"column":13},"end":{"line":86,"column":22}},{"start":{"line":86,"column":13},"end":{"line":86,"column":22}}]},"20":{"loc":{"start":{"line":87,"column":16},"end":{"line":87,"column":38}},"type":"cond-expr","locations":[{"start":{"line":87,"column":33},"end":{"line":87,"column":37}},{"start":{"line":87,"column":37},"end":{"line":87,"column":38}}]},"21":{"loc":{"start":{"line":87,"column":16},"end":{"line":87,"column":37}},"type":"binary-expr","locations":[{"start":{"line":87,"column":16},"end":{"line":87,"column":37}},{"start":{"line":87,"column":33},"end":{"line":87,"column":37}}]},"22":{"loc":{"start":{"line":87,"column":16},"end":{"line":87,"column":33}},"type":"cond-expr","locations":[{"start":{"line":87,"column":23},"end":{"line":87,"column":25}},{"start":{"line":87,"column":16},"end":{"line":87,"column":33}}]},"23":{"loc":{"start":{"line":87,"column":16},"end":{"line":87,"column":25}},"type":"binary-expr","locations":[{"start":{"line":87,"column":16},"end":{"line":87,"column":25}},{"start":{"line":87,"column":16},"end":{"line":87,"column":25}}]}},"s":{"0":1,"1":1,"2":1,"3":1,"4":1,"5":1,"6":1,"7":1,"8":0,"9":1,"10":1,"11":0,"12":1,"13":1,"14":1,"15":0,"16":1,"17":1,"18":1,"19":1,"20":0,"21":1,"22":0,"23":0,"24":0,"25":0,"26":0,"27":1,"28":1,"29":0},"f":{"0":1},"b":{"0":[0,1],"1":[0,1],"2":[0,1],"3":[1,0],"4":[0,1],"5":[0,0],"6":[0,0,0,0],"7":[0,0],"8":[0,0],"9":[0,0],"10":[0,0],"11":[0,0],"12":[0,0],"13":[0,0],"14":[0,0],"15":[1,1],"16":[1,0],"17":[1,1],"18":[0,1],"19":[1,1],"20":[1,0],"21":[1,1],"22":[0,1],"23":[1,1]}}
,"/home/x/Desktop/games-arabic-main/src/app/api/comments/[id]/like/route.ts": {"path":"/home/x/Desktop/games-arabic-main/src/app/api/comments/[id]/like/route.ts","statementMap":{"0":{"start":{"line":12,"column":0},"end":{"line":12,"column":7}},"1":{"start":{"line":2,"column":0},"end":{"line":2,"column":91}},"2":{"start":{"line":3,"column":0},"end":{"line":3,"column":47}},"3":{"start":{"line":4,"column":0},"end":{"line":4,"column":29}},"4":{"start":{"line":5,"column":0},"end":{"line":5,"column":44}},"5":{"start":{"line":13,"column":2},"end":{"line":93,"column":3}},"6":{"start":{"line":14,"column":15},"end":{"line":14,"column":90}},"7":{"start":{"line":15,"column":4},"end":{"line":17,"column":5}},"8":{"start":{"line":16,"column":6},"end":{"line":16,"column":null}},"9":{"start":{"line":19,"column":21},"end":{"line":19,"column":47}},"10":{"start":{"line":20,"column":4},"end":{"line":22,"column":5}},"11":{"start":{"line":21,"column":6},"end":{"line":21,"column":null}},"12":{"start":{"line":24,"column":19},"end":{"line":24,"column":31}},"13":{"start":{"line":25,"column":20},"end":{"line":28,"column":6}},"14":{"start":{"line":29,"column":4},"end":{"line":31,"column":5}},"15":{"start":{"line":30,"column":6},"end":{"line":30,"column":null}},"16":{"start":{"line":33,"column":21},"end":{"line":35,"column":6}},"17":{"start":{"line":37,"column":4},"end":{"line":79,"column":5}},"18":{"start":{"line":38,"column":6},"end":{"line":62,"column":7}},"19":{"start":{"line":39,"column":8},"end":{"line":54,"column":9}},"20":{"start":{"line":41,"column":10},"end":{"line":44,"column":null}},"21":{"start":{"line":47,"column":10},"end":{"line":53,"column":null}},"22":{"start":{"line":58,"column":8},"end":{"line":61,"column":null}},"23":{"start":{"line":66,"column":6},"end":{"line":77,"column":7}},"24":{"start":{"line":72,"column":22},"end":{"line":75,"column":10}},"25":{"start":{"line":76,"column":8},"end":{"line":76,"column":null}},"26":{"start":{"line":78,"column":6},"end":{"line":78,"column":null}},"27":{"start":{"line":81,"column":20},"end":{"line":84,"column":6}},"28":{"start":{"line":86,"column":4},"end":{"line":90,"column":null}},"29":{"start":{"line":92,"column":4},"end":{"line":92,"column":null}}},"fnMap":{"0":{"name":"POST","decl":{"start":{"line":12,"column":22},"end":{"line":12,"column":26}},"loc":{"start":{"line":12,"column":68},"end":{"line":94,"column":1}}}},"branchMap":{"0":{"loc":{"start":{"line":15,"column":4},"end":{"line":17,"column":5}},"type":"if","locations":[{"start":{"line":15,"column":4},"end":{"line":17,"column":5}},{"start":{},"end":{}}]},"1":{"loc":{"start":{"line":20,"column":4},"end":{"line":22,"column":5}},"type":"if","locations":[{"start":{"line":20,"column":4},"end":{"line":22,"column":5}},{"start":{},"end":{}}]},"2":{"loc":{"start":{"line":29,"column":4},"end":{"line":31,"column":5}},"type":"if","locations":[{"start":{"line":29,"column":4},"end":{"line":31,"column":5}},{"start":{},"end":{}}]},"3":{"loc":{"start":{"line":38,"column":6},"end":{"line":62,"column":7}},"type":"if","locations":[{"start":{"line":38,"column":6},"end":{"line":62,"column":7}},{"start":{"line":55,"column":13},"end":{"line":62,"column":7}}]},"4":{"loc":{"start":{"line":39,"column":8},"end":{"line":54,"column":9}},"type":"if","locations":[{"start":{"line":39,"column":8},"end":{"line":54,"column":9}},{"start":{"line":45,"column":15},"end":{"line":54,"column":9}}]},"5":{"loc":{"start":{"line":66,"column":6},"end":{"line":77,"column":7}},"type":"if","locations":[{"start":{"line":66,"column":6},"end":{"line":77,"column":7}},{"start":{},"end":{}}]},"6":{"loc":{"start":{"line":67,"column":8},"end":{"line":70,"column":50}},"type":"binary-expr","locations":[{"start":{"line":67,"column":8},"end":{"line":67,"column":31}},{"start":{"line":68,"column":8},"end":{"line":68,"column":20}},{"start":{"line":69,"column":8},"end":{"line":69,"column":21}},{"start":{"line":70,"column":9},"end":{"line":70,"column":50}}]},"7":{"loc":{"start":{"line":76,"column":40},"end":{"line":76,"column":57}},"type":"cond-expr","locations":[{"start":{"line":76,"column":52},"end":{"line":76,"column":56}},{"start":{"line":76,"column":56},"end":{"line":76,"column":57}}]},"8":{"loc":{"start":{"line":76,"column":40},"end":{"line":76,"column":56}},"type":"binary-expr","locations":[{"start":{"line":76,"column":40},"end":{"line":76,"column":56}},{"start":{"line":76,"column":52},"end":{"line":76,"column":56}}]},"9":{"loc":{"start":{"line":76,"column":40},"end":{"line":76,"column":52}},"type":"cond-expr","locations":[{"start":{"line":76,"column":45},"end":{"line":76,"column":47}},{"start":{"line":76,"column":40},"end":{"line":76,"column":52}}]},"10":{"loc":{"start":{"line":76,"column":40},"end":{"line":76,"column":47}},"type":"binary-expr","locations":[{"start":{"line":76,"column":40},"end":{"line":76,"column":47}},{"start":{"line":76,"column":40},"end":{"line":76,"column":47}}]},"11":{"loc":{"start":{"line":76,"column":69},"end":{"line":76,"column":89}},"type":"cond-expr","locations":[{"start":{"line":76,"column":84},"end":{"line":76,"column":88}},{"start":{"line":76,"column":88},"end":{"line":76,"column":89}}]},"12":{"loc":{"start":{"line":76,"column":69},"end":{"line":76,"column":88}},"type":"binary-expr","locations":[{"start":{"line":76,"column":69},"end":{"line":76,"column":88}},{"start":{"line":76,"column":84},"end":{"line":76,"column":88}}]},"13":{"loc":{"start":{"line":76,"column":69},"end":{"line":76,"column":84}},"type":"cond-expr","locations":[{"start":{"line":76,"column":74},"end":{"line":76,"column":76}},{"start":{"line":76,"column":69},"end":{"line":76,"column":84}}]},"14":{"loc":{"start":{"line":76,"column":69},"end":{"line":76,"column":76}},"type":"binary-expr","locations":[{"start":{"line":76,"column":69},"end":{"line":76,"column":76}},{"start":{"line":76,"column":69},"end":{"line":76,"column":76}}]},"15":{"loc":{"start":{"line":87,"column":13},"end":{"line":87,"column":51}},"type":"binary-expr","locations":[{"start":{"line":87,"column":13},"end":{"line":87,"column":22}},{"start":{"line":87,"column":26},"end":{"line":87,"column":51}}]},"16":{"loc":{"start":{"line":88,"column":13},"end":{"line":88,"column":32}},"type":"cond-expr","locations":[{"start":{"line":88,"column":27},"end":{"line":88,"column":31}},{"start":{"line":88,"column":31},"end":{"line":88,"column":32}}]},"17":{"loc":{"start":{"line":88,"column":13},"end":{"line":88,"column":31}},"type":"binary-expr","locations":[{"start":{"line":88,"column":13},"end":{"line":88,"column":31}},{"start":{"line":88,"column":27},"end":{"line":88,"column":31}}]},"18":{"loc":{"start":{"line":88,"column":13},"end":{"line":88,"column":27}},"type":"cond-expr","locations":[{"start":{"line":88,"column":20},"end":{"line":88,"column":22}},{"start":{"line":88,"column":13},"end":{"line":88,"column":27}}]},"19":{"loc":{"start":{"line":88,"column":13},"end":{"line":88,"column":22}},"type":"binary-expr","locations":[{"start":{"line":88,"column":13},"end":{"line":88,"column":22}},{"start":{"line":88,"column":13},"end":{"line":88,"column":22}}]},"20":{"loc":{"start":{"line":89,"column":16},"end":{"line":89,"column":38}},"type":"cond-expr","locations":[{"start":{"line":89,"column":33},"end":{"line":89,"column":37}},{"start":{"line":89,"column":37},"end":{"line":89,"column":38}}]},"21":{"loc":{"start":{"line":89,"column":16},"end":{"line":89,"column":37}},"type":"binary-expr","locations":[{"start":{"line":89,"column":16},"end":{"line":89,"column":37}},{"start":{"line":89,"column":33},"end":{"line":89,"column":37}}]},"22":{"loc":{"start":{"line":89,"column":16},"end":{"line":89,"column":33}},"type":"cond-expr","locations":[{"start":{"line":89,"column":23},"end":{"line":89,"column":25}},{"start":{"line":89,"column":16},"end":{"line":89,"column":33}}]},"23":{"loc":{"start":{"line":89,"column":16},"end":{"line":89,"column":25}},"type":"binary-expr","locations":[{"start":{"line":89,"column":16},"end":{"line":89,"column":25}},{"start":{"line":89,"column":16},"end":{"line":89,"column":25}}]}},"s":{"0":1,"1":1,"2":1,"3":1,"4":1,"5":2,"6":2,"7":2,"8":0,"9":2,"10":2,"11":0,"12":2,"13":2,"14":2,"15":0,"16":2,"17":2,"18":2,"19":1,"20":1,"21":0,"22":1,"23":0,"24":0,"25":0,"26":0,"27":2,"28":2,"29":0},"f":{"0":2},"b":{"0":[0,2],"1":[0,2],"2":[0,2],"3":[1,1],"4":[1,0],"5":[0,0],"6":[0,0,0,0],"7":[0,0],"8":[0,0],"9":[0,0],"10":[0,0],"11":[0,0],"12":[0,0],"13":[0,0],"14":[0,0],"15":[2,1],"16":[2,0],"17":[2,2],"18":[0,2],"19":[2,2],"20":[2,0],"21":[2,2],"22":[0,2],"23":[2,2]}}
,"/home/x/Desktop/games-arabic-main/src/app/api/creator/comments/[id]/route.ts": {"path":"/home/x/Desktop/games-arabic-main/src/app/api/creator/comments/[id]/route.ts","statementMap":{"0":{"start":{"line":10,"column":0},"end":{"line":10,"column":7}},"1":{"start":{"line":55,"column":0},"end":{"line":55,"column":7}},"2":{"start":{"line":2,"column":0},"end":{"line":2,"column":76}},"3":{"start":{"line":3,"column":0},"end":{"line":3,"column":49}},"4":{"start":{"line":4,"column":0},"end":{"line":4,"column":29}},"5":{"start":{"line":11,"column":26},"end":{"line":11,"column":57}},"6":{"start":{"line":12,"column":2},"end":{"line":12,"column":null}},"7":{"start":{"line":12,"column":13},"end":{"line":12,"column":null}},"8":{"start":{"line":13,"column":2},"end":{"line":13,"column":null}},"9":{"start":{"line":13,"column":13},"end":{"line":13,"column":null}},"10":{"start":{"line":15,"column":17},"end":{"line":15,"column":29}},"11":{"start":{"line":16,"column":18},"end":{"line":19,"column":4}},"12":{"start":{"line":21,"column":2},"end":{"line":21,"column":null}},"13":{"start":{"line":21,"column":16},"end":{"line":21,"column":null}},"14":{"start":{"line":23,"column":18},"end":{"line":23,"column":67}},"15":{"start":{"line":24,"column":2},"end":{"line":26,"column":3}},"16":{"start":{"line":25,"column":4},"end":{"line":25,"column":null}},"17":{"start":{"line":28,"column":15},"end":{"line":28,"column":49}},"18":{"start":{"line":28,"column":45},"end":{"line":28,"column":47}},"19":{"start":{"line":29,"column":21},"end":{"line":29,"column":48}},"20":{"start":{"line":31,"column":2},"end":{"line":37,"column":3}},"21":{"start":{"line":32,"column":4},"end":{"line":35,"column":null}},"22":{"start":{"line":36,"column":4},"end":{"line":36,"column":null}},"23":{"start":{"line":39,"column":2},"end":{"line":45,"column":3}},"24":{"start":{"line":40,"column":4},"end":{"line":43,"column":null}},"25":{"start":{"line":44,"column":4},"end":{"line":44,"column":null}},"26":{"start":{"line":47,"column":2},"end":{"line":50,"column":3}},"27":{"start":{"line":48,"column":4},"end":{"line":48,"column":null}},"28":{"start":{"line":49,"column":4},"end":{"line":49,"column":null}},"29":{"start":{"line":52,"column":2},"end":{"line":52,"column":null}},"30":{"start":{"line":57,"column":26},"end":{"line":57,"column":57}},"31":{"start":{"line":58,"column":2},"end":{"line":58,"column":null}},"32":{"start":{"line":58,"column":13},"end":{"line":58,"column":null}},"33":{"start":{"line":59,"column":2},"end":{"line":59,"column":null}},"34":{"start":{"line":59,"column":13},"end":{"line":59,"column":null}},"35":{"start":{"line":61,"column":17},"end":{"line":61,"column":29}},"36":{"start":{"line":62,"column":18},"end":{"line":65,"column":4}},"37":{"start":{"line":66,"column":2},"end":{"line":66,"column":null}},"38":{"start":{"line":66,"column":16},"end":{"line":66,"column":null}},"39":{"start":{"line":68,"column":18},"end":{"line":68,"column":67}},"40":{"start":{"line":69,"column":2},"end":{"line":71,"column":3}},"41":{"start":{"line":70,"column":4},"end":{"line":70,"column":null}},"42":{"start":{"line":73,"column":2},"end":{"line":73,"column":null}},"43":{"start":{"line":74,"column":2},"end":{"line":74,"column":null}}},"fnMap":{"0":{"name":"PATCH","decl":{"start":{"line":10,"column":22},"end":{"line":10,"column":27}},"loc":{"start":{"line":10,"column":69},"end":{"line":53,"column":1}}},"1":{"name":"(anonymous_1)","decl":{"start":{"line":28,"column":38},"end":{"line":28,"column":41}},"loc":{"start":{"line":28,"column":45},"end":{"line":28,"column":47}}},"2":{"name":"DELETE","decl":{"start":{"line":55,"column":22},"end":{"line":55,"column":28}},"loc":{"start":{"line":55,"column":70},"end":{"line":75,"column":1}}}},"branchMap":{"0":{"loc":{"start":{"line":12,"column":2},"end":{"line":12,"column":null}},"type":"if","locations":[{"start":{"line":12,"column":2},"end":{"line":12,"column":null}},{"start":{},"end":{}}]},"1":{"loc":{"start":{"line":13,"column":2},"end":{"line":13,"column":null}},"type":"if","locations":[{"start":{"line":13,"column":2},"end":{"line":13,"column":null}},{"start":{},"end":{}}]},"2":{"loc":{"start":{"line":21,"column":2},"end":{"line":21,"column":null}},"type":"if","locations":[{"start":{"line":21,"column":2},"end":{"line":21,"column":null}},{"start":{},"end":{}}]},"3":{"loc":{"start":{"line":24,"column":2},"end":{"line":26,"column":3}},"type":"if","locations":[{"start":{"line":24,"column":2},"end":{"line":26,"column":3}},{"start":{},"end":{}}]},"4":{"loc":{"start":{"line":24,"column":6},"end":{"line":24,"column":50}},"type":"binary-expr","locations":[{"start":{"line":24,"column":6},"end":{"line":24,"column":38}},{"start":{"line":24,"column":42},"end":{"line":24,"column":50}}]},"5":{"loc":{"start":{"line":31,"column":2},"end":{"line":37,"column":3}},"type":"if","locations":[{"start":{"line":31,"column":2},"end":{"line":37,"column":3}},{"start":{},"end":{}}]},"6":{"loc":{"start":{"line":39,"column":2},"end":{"line":45,"column":3}},"type":"if","locations":[{"start":{"line":39,"column":2},"end":{"line":45,"column":3}},{"start":{},"end":{}}]},"7":{"loc":{"start":{"line":47,"column":2},"end":{"line":50,"column":3}},"type":"if","locations":[{"start":{"line":47,"column":2},"end":{"line":50,"column":3}},{"start":{},"end":{}}]},"8":{"loc":{"start":{"line":58,"column":2},"end":{"line":58,"column":null}},"type":"if","locations":[{"start":{"line":58,"column":2},"end":{"line":58,"column":null}},{"start":{},"end":{}}]},"9":{"loc":{"start":{"line":59,"column":2},"end":{"line":59,"column":null}},"type":"if","locations":[{"start":{"line":59,"column":2},"end":{"line":59,"column":null}},{"start":{},"end":{}}]},"10":{"loc":{"start":{"line":66,"column":2},"end":{"line":66,"column":null}},"type":"if","locations":[{"start":{"line":66,"column":2},"end":{"line":66,"column":null}},{"start":{},"end":{}}]},"11":{"loc":{"start":{"line":69,"column":2},"end":{"line":71,"column":3}},"type":"if","locations":[{"start":{"line":69,"column":2},"end":{"line":71,"column":3}},{"start":{},"end":{}}]},"12":{"loc":{"start":{"line":69,"column":6},"end":{"line":69,"column":50}},"type":"binary-expr","locations":[{"start":{"line":69,"column":6},"end":{"line":69,"column":38}},{"start":{"line":69,"column":42},"end":{"line":69,"column":50}}]}},"s":{"0":0,"1":0,"2":0,"3":0,"4":0,"5":0,"6":0,"7":0,"8":0,"9":0,"10":0,"11":0,"12":0,"13":0,"14":0,"15":0,"16":0,"17":0,"18":0,"19":0,"20":0,"21":0,"22":0,"23":0,"24":0,"25":0,"26":0,"27":0,"28":0,"29":0,"30":0,"31":0,"32":0,"33":0,"34":0,"35":0,"36":0,"37":0,"38":0,"39":0,"40":0,"41":0,"42":0,"43":0},"f":{"0":0,"1":0,"2":0},"b":{"0":[0,0],"1":[0,0],"2":[0,0],"3":[0,0],"4":[0,0],"5":[0,0],"6":[0,0],"7":[0,0],"8":[0,0],"9":[0,0],"10":[0,0],"11":[0,0],"12":[0,0]}}
,"/home/x/Desktop/games-arabic-main/src/app/api/mods/[slug]/comments/route.ts": {"path":"/home/x/Desktop/games-arabic-main/src/app/api/mods/[slug]/comments/route.ts","statementMap":{"0":{"start":{"line":16,"column":0},"end":{"line":16,"column":7}},"1":{"start":{"line":108,"column":0},"end":{"line":108,"column":7}},"2":{"start":{"line":2,"column":0},"end":{"line":2,"column":61}},"3":{"start":{"line":3,"column":0},"end":{"line":3,"column":94}},"4":{"start":{"line":4,"column":0},"end":{"line":4,"column":47}},"5":{"start":{"line":5,"column":0},"end":{"line":5,"column":29}},"6":{"start":{"line":6,"column":0},"end":{"line":6,"column":51}},"7":{"start":{"line":17,"column":19},"end":{"line":17,"column":31}},"8":{"start":{"line":18,"column":27},"end":{"line":18,"column":43}},"9":{"start":{"line":19,"column":15},"end":{"line":19,"column":51}},"10":{"start":{"line":21,"column":14},"end":{"line":21,"column":80}},"11":{"start":{"line":22,"column":2},"end":{"line":24,"column":3}},"12":{"start":{"line":23,"column":4},"end":{"line":23,"column":null}},"13":{"start":{"line":27,"column":22},"end":{"line":42,"column":4}},"14":{"start":{"line":45,"column":21},"end":{"line":45,"column":null}},"15":{"start":{"line":49,"column":91},"end":{"line":49,"column":93}},"16":{"start":{"line":51,"column":2},"end":{"line":53,"column":3}},"17":{"start":{"line":52,"column":4},"end":{"line":52,"column":null}},"18":{"start":{"line":54,"column":2},"end":{"line":66,"column":3}},"19":{"start":{"line":55,"column":17},"end":{"line":55,"column":38}},"20":{"start":{"line":56,"column":4},"end":{"line":65,"column":5}},"21":{"start":{"line":57,"column":21},"end":{"line":57,"column":47}},"22":{"start":{"line":58,"column":6},"end":{"line":62,"column":7}},"23":{"start":{"line":59,"column":8},"end":{"line":59,"column":null}},"24":{"start":{"line":61,"column":8},"end":{"line":61,"column":null}},"25":{"start":{"line":64,"column":6},"end":{"line":64,"column":null}},"26":{"start":{"line":70,"column":22},"end":{"line":75,"column":3}},"27":{"start":{"line":71,"column":4},"end":{"line":74,"column":5}},"28":{"start":{"line":72,"column":6},"end":{"line":72,"column":null}},"29":{"start":{"line":72,"column":31},"end":{"line":72,"column":96}},"30":{"start":{"line":73,"column":6},"end":{"line":73,"column":null}},"31":{"start":{"line":76,"column":2},"end":{"line":76,"column":null}},"32":{"start":{"line":79,"column":25},"end":{"line":87,"column":3}},"33":{"start":{"line":84,"column":4},"end":{"line":84,"column":null}},"34":{"start":{"line":84,"column":35},"end":{"line":84,"column":null}},"35":{"start":{"line":85,"column":4},"end":{"line":85,"column":null}},"36":{"start":{"line":85,"column":35},"end":{"line":85,"column":null}},"37":{"start":{"line":86,"column":4},"end":{"line":86,"column":null}},"38":{"start":{"line":89,"column":4},"end":{"line":96,"column":null}},"39":{"start":{"line":91,"column":10},"end":{"line":91,"column":97}},"40":{"start":{"line":94,"column":43},"end":{"line":94,"column":82}},"41":{"start":{"line":96,"column":12},"end":{"line":96,"column":99}},"42":{"start":{"line":100,"column":21},"end":{"line":100,"column":39}},"43":{"start":{"line":102,"column":2},"end":{"line":102,"column":null}},"44":{"start":{"line":109,"column":2},"end":{"line":219,"column":3}},"45":{"start":{"line":111,"column":17},"end":{"line":111,"column":43}},"46":{"start":{"line":113,"column":4},"end":{"line":115,"column":5}},"47":{"start":{"line":114,"column":6},"end":{"line":114,"column":null}},"48":{"start":{"line":117,"column":21},"end":{"line":117,"column":33}},"49":{"start":{"line":118,"column":17},"end":{"line":118,"column":51}},"50":{"start":{"line":118,"column":47},"end":{"line":118,"column":49}},"51":{"start":{"line":119,"column":19},"end":{"line":119,"column":54}},"52":{"start":{"line":120,"column":4},"end":{"line":122,"column":5}},"53":{"start":{"line":121,"column":6},"end":{"line":121,"column":null}},"54":{"start":{"line":124,"column":31},"end":{"line":124,"column":42}},"55":{"start":{"line":126,"column":16},"end":{"line":129,"column":6}},"56":{"start":{"line":130,"column":4},"end":{"line":132,"column":5}},"57":{"start":{"line":131,"column":6},"end":{"line":131,"column":null}},"58":{"start":{"line":135,"column":4},"end":{"line":159,"column":5}},"59":{"start":{"line":136,"column":21},"end":{"line":139,"column":8}},"60":{"start":{"line":140,"column":6},"end":{"line":142,"column":7}},"61":{"start":{"line":141,"column":8},"end":{"line":141,"column":null}},"62":{"start":{"line":145,"column":26},"end":{"line":148,"column":8}},"63":{"start":{"line":149,"column":24},"end":{"line":149,"column":98}},"64":{"start":{"line":149,"column":78},"end":{"line":149,"column":96}},"65":{"start":{"line":150,"column":18},"end":{"line":150,"column":19}},"66":{"start":{"line":151,"column":43},"end":{"line":151,"column":58}},"67":{"start":{"line":152,"column":6},"end":{"line":155,"column":7}},"68":{"start":{"line":153,"column":8},"end":{"line":153,"column":null}},"69":{"start":{"line":154,"column":8},"end":{"line":154,"column":null}},"70":{"start":{"line":156,"column":6},"end":{"line":158,"column":7}},"71":{"start":{"line":157,"column":8},"end":{"line":157,"column":null}},"72":{"start":{"line":161,"column":20},"end":{"line":168,"column":6}},"73":{"start":{"line":171,"column":4},"end":{"line":174,"column":null}},"74":{"start":{"line":177,"column":4},"end":{"line":197,"column":5}},"75":{"start":{"line":178,"column":28},"end":{"line":181,"column":8}},"76":{"start":{"line":182,"column":6},"end":{"line":196,"column":7}},"77":{"start":{"line":183,"column":8},"end":{"line":195,"column":18}},"78":{"start":{"line":184,"column":27},"end":{"line":184,"column":40}},"79":{"start":{"line":185,"column":10},"end":{"line":194,"column":null}},"80":{"start":{"line":200,"column":4},"end":{"line":213,"column":5}},"81":{"start":{"line":201,"column":6},"end":{"line":212,"column":16}},"82":{"start":{"line":202,"column":25},"end":{"line":202,"column":38}},"83":{"start":{"line":203,"column":8},"end":{"line":211,"column":null}},"84":{"start":{"line":215,"column":4},"end":{"line":215,"column":null}},"85":{"start":{"line":217,"column":4},"end":{"line":217,"column":null}},"86":{"start":{"line":218,"column":4},"end":{"line":218,"column":null}}},"fnMap":{"0":{"name":"GET","decl":{"start":{"line":16,"column":22},"end":{"line":16,"column":25}},"loc":{"start":{"line":16,"column":67},"end":{"line":103,"column":1}}},"1":{"name":"(anonymous_1)","decl":{"start":{"line":70,"column":22},"end":{"line":70,"column":23}},"loc":{"start":{"line":70,"column":47},"end":{"line":75,"column":3}}},"2":{"name":"(anonymous_2)","decl":{"start":{"line":72,"column":21},"end":{"line":72,"column":22}},"loc":{"start":{"line":72,"column":31},"end":{"line":72,"column":96}}},"3":{"name":"(anonymous_3)","decl":{"start":{"line":79,"column":25},"end":{"line":79,"column":null}},"loc":{"start":{"line":83,"column":6},"end":{"line":87,"column":3}}},"4":{"name":"(anonymous_4)","decl":{"start":{"line":90,"column":31},"end":{"line":90,"column":32}},"loc":{"start":{"line":91,"column":10},"end":{"line":91,"column":97}}},"5":{"name":"(anonymous_5)","decl":{"start":{"line":94,"column":33},"end":{"line":94,"column":34}},"loc":{"start":{"line":94,"column":43},"end":{"line":94,"column":82}}},"6":{"name":"(anonymous_6)","decl":{"start":{"line":95,"column":33},"end":{"line":95,"column":34}},"loc":{"start":{"line":96,"column":12},"end":{"line":96,"column":99}}},"7":{"name":"POST","decl":{"start":{"line":108,"column":22},"end":{"line":108,"column":26}},"loc":{"start":{"line":108,"column":68},"end":{"line":220,"column":1}}},"8":{"name":"(anonymous_8)","decl":{"start":{"line":118,"column":40},"end":{"line":118,"column":43}},"loc":{"start":{"line":118,"column":47},"end":{"line":118,"column":49}}},"9":{"name":"(anonymous_9)","decl":{"start":{"line":149,"column":71},"end":{"line":149,"column":72}},"loc":{"start":{"line":149,"column":78},"end":{"line":149,"column":96}}}},"branchMap":{"0":{"loc":{"start":{"line":19,"column":15},"end":{"line":19,"column":51}},"type":"binary-expr","locations":[{"start":{"line":19,"column":15},"end":{"line":19,"column":39}},{"start":{"line":19,"column":43},"end":{"line":19,"column":51}}]},"1":{"loc":{"start":{"line":22,"column":2},"end":{"line":24,"column":3}},"type":"if","locations":[{"start":{"line":22,"column":2},"end":{"line":24,"column":3}},{"start":{},"end":{}}]},"2":{"loc":{"start":{"line":56,"column":4},"end":{"line":65,"column":5}},"type":"if","locations":[{"start":{"line":56,"column":4},"end":{"line":65,"column":5}},{"start":{"line":63,"column":11},"end":{"line":65,"column":5}}]},"3":{"loc":{"start":{"line":58,"column":6},"end":{"line":62,"column":7}},"type":"if","locations":[{"start":{"line":58,"column":6},"end":{"line":62,"column":7}},{"start":{"line":60,"column":13},"end":{"line":62,"column":7}}]},"4":{"loc":{"start":{"line":84,"column":4},"end":{"line":84,"column":null}},"type":"if","locations":[{"start":{"line":84,"column":4},"end":{"line":84,"column":null}},{"start":{},"end":{}}]},"5":{"loc":{"start":{"line":84,"column":8},"end":{"line":84,"column":33}},"type":"binary-expr","locations":[{"start":{"line":84,"column":8},"end":{"line":84,"column":18}},{"start":{"line":84,"column":22},"end":{"line":84,"column":33}}]},"6":{"loc":{"start":{"line":85,"column":4},"end":{"line":85,"column":null}},"type":"if","locations":[{"start":{"line":85,"column":4},"end":{"line":85,"column":null}},{"start":{},"end":{}}]},"7":{"loc":{"start":{"line":85,"column":8},"end":{"line":85,"column":33}},"type":"binary-expr","locations":[{"start":{"line":85,"column":8},"end":{"line":85,"column":19}},{"start":{"line":85,"column":23},"end":{"line":85,"column":33}}]},"8":{"loc":{"start":{"line":89,"column":4},"end":{"line":96,"column":null}},"type":"cond-expr","locations":[{"start":{"line":90,"column":8},"end":{"line":91,"column":null}},{"start":{"line":93,"column":8},"end":{"line":96,"column":null}}]},"9":{"loc":{"start":{"line":93,"column":8},"end":{"line":96,"column":null}},"type":"cond-expr","locations":[{"start":{"line":94,"column":10},"end":{"line":94,"column":83}},{"start":{"line":95,"column":10},"end":{"line":96,"column":null}}]},"10":{"loc":{"start":{"line":113,"column":4},"end":{"line":115,"column":5}},"type":"if","locations":[{"start":{"line":113,"column":4},"end":{"line":115,"column":5}},{"start":{},"end":{}}]},"11":{"loc":{"start":{"line":120,"column":4},"end":{"line":122,"column":5}},"type":"if","locations":[{"start":{"line":120,"column":4},"end":{"line":122,"column":5}},{"start":{},"end":{}}]},"12":{"loc":{"start":{"line":130,"column":4},"end":{"line":132,"column":5}},"type":"if","locations":[{"start":{"line":130,"column":4},"end":{"line":132,"column":5}},{"start":{},"end":{}}]},"13":{"loc":{"start":{"line":135,"column":4},"end":{"line":159,"column":5}},"type":"if","locations":[{"start":{"line":135,"column":4},"end":{"line":159,"column":5}},{"start":{},"end":{}}]},"14":{"loc":{"start":{"line":140,"column":6},"end":{"line":142,"column":7}},"type":"if","locations":[{"start":{"line":140,"column":6},"end":{"line":142,"column":7}},{"start":{},"end":{}}]},"15":{"loc":{"start":{"line":140,"column":10},"end":{"line":140,"column":44}},"type":"binary-expr","locations":[{"start":{"line":140,"column":10},"end":{"line":140,"column":17}},{"start":{"line":140,"column":21},"end":{"line":140,"column":44}}]},"16":{"loc":{"start":{"line":152,"column":13},"end":{"line":152,"column":42}},"type":"binary-expr","locations":[{"start":{"line":152,"column":13},"end":{"line":152,"column":28}},{"start":{"line":152,"column":32},"end":{"line":152,"column":42}}]},"17":{"loc":{"start":{"line":154,"column":26},"end":{"line":154,"column":64}},"type":"cond-expr","locations":[{"start":{"line":154,"column":56},"end":{"line":154,"column":60}},{"start":{"line":154,"column":60},"end":{"line":154,"column":64}}]},"18":{"loc":{"start":{"line":154,"column":26},"end":{"line":154,"column":60}},"type":"binary-expr","locations":[{"start":{"line":154,"column":26},"end":{"line":154,"column":60}},{"start":{"line":154,"column":56},"end":{"line":154,"column":60}}]},"19":{"loc":{"start":{"line":156,"column":6},"end":{"line":158,"column":7}},"type":"if","locations":[{"start":{"line":156,"column":6},"end":{"line":158,"column":7}},{"start":{},"end":{}}]},"20":{"loc":{"start":{"line":164,"column":18},"end":{"line":164,"column":34}},"type":"binary-expr","locations":[{"start":{"line":164,"column":18},"end":{"line":164,"column":26}},{"start":{"line":164,"column":30},"end":{"line":164,"column":34}}]},"21":{"loc":{"start":{"line":177,"column":4},"end":{"line":197,"column":5}},"type":"if","locations":[{"start":{"line":177,"column":4},"end":{"line":197,"column":5}},{"start":{},"end":{}}]},"22":{"loc":{"start":{"line":182,"column":6},"end":{"line":196,"column":7}},"type":"if","locations":[{"start":{"line":182,"column":6},"end":{"line":196,"column":7}},{"start":{},"end":{}}]},"23":{"loc":{"start":{"line":182,"column":10},"end":{"line":182,"column":31}},"type":"cond-expr","locations":[{"start":{"line":182,"column":23},"end":{"line":182,"column":25}},{"start":{"line":182,"column":10},"end":{"line":182,"column":31}}]},"24":{"loc":{"start":{"line":182,"column":10},"end":{"line":182,"column":25}},"type":"binary-expr","locations":[{"start":{"line":182,"column":10},"end":{"line":182,"column":25}},{"start":{"line":182,"column":10},"end":{"line":182,"column":25}}]},"25":{"loc":{"start":{"line":188,"column":25},"end":{"line":188,"column":50}},"type":"binary-expr","locations":[{"start":{"line":188,"column":25},"end":{"line":188,"column":38}},{"start":{"line":188,"column":42},"end":{"line":188,"column":50}}]},"26":{"loc":{"start":{"line":190,"column":22},"end":{"line":190,"column":38}},"type":"binary-expr","locations":[{"start":{"line":190,"column":22},"end":{"line":190,"column":30}},{"start":{"line":190,"column":34},"end":{"line":190,"column":38}}]},"27":{"loc":{"start":{"line":200,"column":4},"end":{"line":213,"column":5}},"type":"if","locations":[{"start":{"line":200,"column":4},"end":{"line":213,"column":5}},{"start":{},"end":{}}]},"28":{"loc":{"start":{"line":200,"column":8},"end":{"line":200,"column":33}},"type":"binary-expr","locations":[{"start":{"line":200,"column":8},"end":{"line":200,"column":17}},{"start":{"line":200,"column":21},"end":{"line":200,"column":33}}]},"29":{"loc":{"start":{"line":206,"column":25},"end":{"line":206,"column":50}},"type":"binary-expr","locations":[{"start":{"line":206,"column":25},"end":{"line":206,"column":38}},{"start":{"line":206,"column":42},"end":{"line":206,"column":50}}]},"30":{"loc":{"start":{"line":208,"column":20},"end":{"line":208,"column":36}},"type":"binary-expr","locations":[{"start":{"line":208,"column":20},"end":{"line":208,"column":28}},{"start":{"line":208,"column":32},"end":{"line":208,"column":36}}]}},"s":{"0":1,"1":1,"2":1,"3":1,"4":1,"5":1,"6":1,"7":3,"8":3,"9":3,"10":3,"11":3,"12":0,"13":3,"14":3,"15":3,"16":3,"17":1005,"18":3,"19":1005,"20":1005,"21":0,"22":0,"23":0,"24":0,"25":1005,"26":3,"27":1008,"28":1005,"29":0,"30":1005,"31":3,"32":3,"33":1057,"34":1,"35":1056,"36":0,"37":1056,"38":3,"39":0,"40":2,"41":1055,"42":3,"43":3,"44":8,"45":8,"46":8,"47":1,"48":7,"49":7,"50":0,"51":7,"52":7,"53":1,"54":6,"55":6,"56":6,"57":0,"58":6,"59":2,"60":2,"61":0,"62":2,"63":2,"64":7,"65":2,"66":2,"67":2,"68":5,"69":5,"70":2,"71":1,"72":5,"73":5,"74":5,"75":1,"76":1,"77":0,"78":0,"79":0,"80":5,"81":4,"82":4,"83":4,"84":5,"85":0,"86":0},"f":{"0":3,"1":1008,"2":0,"3":1057,"4":0,"5":2,"6":1055,"7":8,"8":0,"9":7},"b":{"0":[3,1],"1":[0,3],"2":[0,1005],"3":[0,0],"4":[1,1056],"5":[1057,1],"6":[0,1056],"7":[1056,1056],"8":[0,3],"9":[1,2],"10":[1,7],"11":[1,6],"12":[0,6],"13":[2,4],"14":[0,2],"15":[2,2],"16":[7,5],"17":[4,1],"18":[5,4],"19":[1,1],"20":[5,4],"21":[1,4],"22":[0,1],"23":[0,1],"24":[1,1],"25":[0,0],"26":[0,0],"27":[4,1],"28":[5,4],"29":[4,0],"30":[4,0]}}
}
