{"/home/x/Desktop/games-arabic-main/src/app/api/admin/templates/route.ts": {"path":"/home/x/Desktop/games-arabic-main/src/app/api/admin/templates/route.ts","statementMap":{"0":{"start":{"line":8,"column":0},"end":{"line":8,"column":7}},"1":{"start":{"line":48,"column":0},"end":{"line":48,"column":7}},"2":{"start":{"line":2,"column":0},"end":{"line":2,"column":29}},"3":{"start":{"line":3,"column":0},"end":{"line":3,"column":43}},"4":{"start":{"line":4,"column":0},"end":{"line":4,"column":83}},"5":{"start":{"line":5,"column":0},"end":{"line":5,"column":70}},"6":{"start":{"line":6,"column":0},"end":{"line":6,"column":35}},"7":{"start":{"line":9,"column":2},"end":{"line":45,"column":3}},"8":{"start":{"line":10,"column":4},"end":{"line":10,"column":null}},"9":{"start":{"line":12,"column":29},"end":{"line":12,"column":45}},"10":{"start":{"line":13,"column":19},"end":{"line":16,"column":6}},"11":{"start":{"line":17,"column":28},"end":{"line":17,"column":81}},"12":{"start":{"line":19,"column":17},"end":{"line":19,"column":41}},"13":{"start":{"line":20,"column":20},"end":{"line":20,"column":47}},"14":{"start":{"line":22,"column":43},"end":{"line":22,"column":45}},"15":{"start":{"line":23,"column":4},"end":{"line":23,"column":null}},"16":{"start":{"line":23,"column":14},"end":{"line":23,"column":null}},"17":{"start":{"line":24,"column":4},"end":{"line":24,"column":null}},"18":{"start":{"line":24,"column":17},"end":{"line":24,"column":null}},"19":{"start":{"line":26,"column":31},"end":{"line":34,"column":6}},"20":{"start":{"line":36,"column":4},"end":{"line":41,"column":null}},"21":{"start":{"line":43,"column":4},"end":{"line":43,"column":null}},"22":{"start":{"line":44,"column":4},"end":{"line":44,"column":null}},"23":{"start":{"line":49,"column":2},"end":{"line":108,"column":3}},"24":{"start":{"line":50,"column":4},"end":{"line":50,"column":null}},"25":{"start":{"line":51,"column":17},"end":{"line":51,"column":33}},"26":{"start":{"line":53,"column":19},"end":{"line":53,"column":55}},"27":{"start":{"line":54,"column":4},"end":{"line":56,"column":5}},"28":{"start":{"line":55,"column":6},"end":{"line":55,"column":null}},"29":{"start":{"line":58,"column":80},"end":{"line":58,"column":91}},"30":{"start":{"line":61,"column":4},"end":{"line":65,"column":5}},"31":{"start":{"line":62,"column":6},"end":{"line":62,"column":null}},"32":{"start":{"line":64,"column":6},"end":{"line":64,"column":null}},"33":{"start":{"line":66,"column":4},"end":{"line":70,"column":5}},"34":{"start":{"line":67,"column":6},"end":{"line":67,"column":null}},"35":{"start":{"line":69,"column":6},"end":{"line":69,"column":null}},"36":{"start":{"line":73,"column":21},"end":{"line":75,"column":6}},"37":{"start":{"line":77,"column":4},"end":{"line":90,"column":5}},"38":{"start":{"line":79,"column":22},"end":{"line":88,"column":8}},"39":{"start":{"line":89,"column":6},"end":{"line":89,"column":null}},"40":{"start":{"line":92,"column":21},"end":{"line":102,"column":6}},"41":{"start":{"line":104,"column":4},"end":{"line":104,"column":null}},"42":{"start":{"line":106,"column":4},"end":{"line":106,"column":null}},"43":{"start":{"line":107,"column":4},"end":{"line":107,"column":null}}},"fnMap":{"0":{"name":"GET","decl":{"start":{"line":8,"column":22},"end":{"line":8,"column":25}},"loc":{"start":{"line":8,"column":42},"end":{"line":46,"column":1}}},"1":{"name":"POST","decl":{"start":{"line":48,"column":22},"end":{"line":48,"column":26}},"loc":{"start":{"line":48,"column":43},"end":{"line":109,"column":1}}}},"branchMap":{"0":{"loc":{"start":{"line":17,"column":28},"end":{"line":17,"column":81}},"type":"cond-expr","locations":[{"start":{"line":17,"column":45},"end":{"line":17,"column":56}},{"start":{"line":17,"column":59},"end":{"line":17,"column":81}}]},"1":{"loc":{"start":{"line":23,"column":4},"end":{"line":23,"column":null}},"type":"if","locations":[{"start":{"line":23,"column":4},"end":{"line":23,"column":null}},{"start":{},"end":{}}]},"2":{"loc":{"start":{"line":24,"column":4},"end":{"line":24,"column":null}},"type":"if","locations":[{"start":{"line":24,"column":4},"end":{"line":24,"column":null}},{"start":{},"end":{}}]},"3":{"loc":{"start":{"line":54,"column":4},"end":{"line":56,"column":5}},"type":"if","locations":[{"start":{"line":54,"column":4},"end":{"line":56,"column":5}},{"start":{},"end":{}}]},"4":{"loc":{"start":{"line":77,"column":4},"end":{"line":90,"column":5}},"type":"if","locations":[{"start":{"line":77,"column":4},"end":{"line":90,"column":5}},{"start":{},"end":{}}]}},"s":{"0":1,"1":1,"2":1,"3":1,"4":1,"5":1,"6":1,"7":3,"8":3,"9":3,"10":3,"11":3,"12":3,"13":3,"14":3,"15":3,"16":1,"17":3,"18":1,"19":3,"20":3,"21":0,"22":0,"23":5,"24":5,"25":5,"26":5,"27":5,"28":3,"29":2,"30":2,"31":2,"32":0,"33":2,"34":2,"35":0,"36":2,"37":2,"38":1,"39":1,"40":1,"41":1,"42":0,"43":0},"f":{"0":3,"1":5},"b":{"0":[0,3],"1":[1,2],"2":[1,2],"3":[3,2],"4":[1,1]}}
,"/home/x/Desktop/games-arabic-main/src/app/api/admin/templates/[id]/route.ts": {"path":"/home/x/Desktop/games-arabic-main/src/app/api/admin/templates/[id]/route.ts","statementMap":{"0":{"start":{"line":12,"column":0},"end":{"line":12,"column":7}},"1":{"start":{"line":73,"column":0},"end":{"line":73,"column":7}},"2":{"start":{"line":2,"column":0},"end":{"line":2,"column":29}},"3":{"start":{"line":3,"column":0},"end":{"line":3,"column":43}},"4":{"start":{"line":4,"column":0},"end":{"line":4,"column":80}},"5":{"start":{"line":5,"column":0},"end":{"line":5,"column":52}},"6":{"start":{"line":6,"column":0},"end":{"line":6,"column":35}},"7":{"start":{"line":13,"column":2},"end":{"line":70,"column":3}},"8":{"start":{"line":14,"column":4},"end":{"line":14,"column":null}},"9":{"start":{"line":15,"column":19},"end":{"line":15,"column":31}},"10":{"start":{"line":16,"column":17},"end":{"line":16,"column":33}},"11":{"start":{"line":18,"column":21},"end":{"line":18,"column":80}},"12":{"start":{"line":19,"column":4},"end":{"line":21,"column":5}},"13":{"start":{"line":20,"column":6},"end":{"line":20,"column":null}},"14":{"start":{"line":23,"column":19},"end":{"line":23,"column":55}},"15":{"start":{"line":24,"column":4},"end":{"line":26,"column":5}},"16":{"start":{"line":25,"column":6},"end":{"line":25,"column":null}},"17":{"start":{"line":28,"column":17},"end":{"line":28,"column":28}},"18":{"start":{"line":31,"column":4},"end":{"line":37,"column":5}},"19":{"start":{"line":32,"column":6},"end":{"line":36,"column":7}},"20":{"start":{"line":33,"column":8},"end":{"line":33,"column":null}},"21":{"start":{"line":35,"column":8},"end":{"line":35,"column":null}},"22":{"start":{"line":38,"column":4},"end":{"line":44,"column":5}},"23":{"start":{"line":39,"column":6},"end":{"line":43,"column":7}},"24":{"start":{"line":40,"column":8},"end":{"line":40,"column":null}},"25":{"start":{"line":42,"column":8},"end":{"line":42,"column":null}},"26":{"start":{"line":46,"column":48},"end":{"line":46,"column":50}},"27":{"start":{"line":47,"column":4},"end":{"line":47,"column":null}},"28":{"start":{"line":47,"column":33},"end":{"line":47,"column":null}},"29":{"start":{"line":48,"column":4},"end":{"line":48,"column":null}},"30":{"start":{"line":48,"column":36},"end":{"line":48,"column":null}},"31":{"start":{"line":49,"column":4},"end":{"line":49,"column":null}},"32":{"start":{"line":49,"column":42},"end":{"line":49,"column":null}},"33":{"start":{"line":50,"column":4},"end":{"line":50,"column":null}},"34":{"start":{"line":50,"column":41},"end":{"line":50,"column":null}},"35":{"start":{"line":51,"column":4},"end":{"line":51,"column":null}},"36":{"start":{"line":51,"column":38},"end":{"line":51,"column":null}},"37":{"start":{"line":52,"column":4},"end":{"line":52,"column":null}},"38":{"start":{"line":52,"column":37},"end":{"line":52,"column":null}},"39":{"start":{"line":55,"column":4},"end":{"line":55,"column":null}},"40":{"start":{"line":57,"column":20},"end":{"line":60,"column":6}},"41":{"start":{"line":62,"column":4},"end":{"line":62,"column":null}},"42":{"start":{"line":64,"column":4},"end":{"line":64,"column":null}},"43":{"start":{"line":65,"column":21},"end":{"line":65,"column":54}},"44":{"start":{"line":66,"column":4},"end":{"line":68,"column":5}},"45":{"start":{"line":67,"column":6},"end":{"line":67,"column":null}},"46":{"start":{"line":69,"column":4},"end":{"line":69,"column":null}},"47":{"start":{"line":74,"column":2},"end":{"line":105,"column":3}},"48":{"start":{"line":75,"column":4},"end":{"line":75,"column":null}},"49":{"start":{"line":76,"column":19},"end":{"line":76,"column":31}},"50":{"start":{"line":78,"column":21},"end":{"line":78,"column":80}},"51":{"start":{"line":79,"column":4},"end":{"line":81,"column":5}},"52":{"start":{"line":80,"column":6},"end":{"line":80,"column":null}},"53":{"start":{"line":84,"column":24},"end":{"line":91,"column":6}},"54":{"start":{"line":93,"column":4},"end":{"line":97,"column":5}},"55":{"start":{"line":94,"column":6},"end":{"line":96,"column":null}},"56":{"start":{"line":99,"column":4},"end":{"line":99,"column":null}},"57":{"start":{"line":101,"column":4},"end":{"line":101,"column":null}},"58":{"start":{"line":103,"column":4},"end":{"line":103,"column":null}},"59":{"start":{"line":104,"column":4},"end":{"line":104,"column":null}}},"fnMap":{"0":{"name":"PUT","decl":{"start":{"line":12,"column":22},"end":{"line":12,"column":25}},"loc":{"start":{"line":12,"column":67},"end":{"line":71,"column":1}}},"1":{"name":"DELETE","decl":{"start":{"line":73,"column":22},"end":{"line":73,"column":28}},"loc":{"start":{"line":73,"column":71},"end":{"line":106,"column":1}}}},"branchMap":{"0":{"loc":{"start":{"line":19,"column":4},"end":{"line":21,"column":5}},"type":"if","locations":[{"start":{"line":19,"column":4},"end":{"line":21,"column":5}},{"start":{},"end":{}}]},"1":{"loc":{"start":{"line":24,"column":4},"end":{"line":26,"column":5}},"type":"if","locations":[{"start":{"line":24,"column":4},"end":{"line":26,"column":5}},{"start":{},"end":{}}]},"2":{"loc":{"start":{"line":31,"column":4},"end":{"line":37,"column":5}},"type":"if","locations":[{"start":{"line":31,"column":4},"end":{"line":37,"column":5}},{"start":{},"end":{}}]},"3":{"loc":{"start":{"line":38,"column":4},"end":{"line":44,"column":5}},"type":"if","locations":[{"start":{"line":38,"column":4},"end":{"line":44,"column":5}},{"start":{},"end":{}}]},"4":{"loc":{"start":{"line":47,"column":4},"end":{"line":47,"column":null}},"type":"if","locations":[{"start":{"line":47,"column":4},"end":{"line":47,"column":null}},{"start":{},"end":{}}]},"5":{"loc":{"start":{"line":48,"column":4},"end":{"line":48,"column":null}},"type":"if","locations":[{"start":{"line":48,"column":4},"end":{"line":48,"column":null}},{"start":{},"end":{}}]},"6":{"loc":{"start":{"line":49,"column":4},"end":{"line":49,"column":null}},"type":"if","locations":[{"start":{"line":49,"column":4},"end":{"line":49,"column":null}},{"start":{},"end":{}}]},"7":{"loc":{"start":{"line":50,"column":4},"end":{"line":50,"column":null}},"type":"if","locations":[{"start":{"line":50,"column":4},"end":{"line":50,"column":null}},{"start":{},"end":{}}]},"8":{"loc":{"start":{"line":51,"column":4},"end":{"line":51,"column":null}},"type":"if","locations":[{"start":{"line":51,"column":4},"end":{"line":51,"column":null}},{"start":{},"end":{}}]},"9":{"loc":{"start":{"line":52,"column":4},"end":{"line":52,"column":null}},"type":"if","locations":[{"start":{"line":52,"column":4},"end":{"line":52,"column":null}},{"start":{},"end":{}}]},"10":{"loc":{"start":{"line":65,"column":21},"end":{"line":65,"column":54}},"type":"binary-expr","locations":[{"start":{"line":65,"column":21},"end":{"line":65,"column":42}},{"start":{"line":65,"column":46},"end":{"line":65,"column":54}}]},"11":{"loc":{"start":{"line":66,"column":4},"end":{"line":68,"column":5}},"type":"if","locations":[{"start":{"line":66,"column":4},"end":{"line":68,"column":5}},{"start":{},"end":{}}]},"12":{"loc":{"start":{"line":79,"column":4},"end":{"line":81,"column":5}},"type":"if","locations":[{"start":{"line":79,"column":4},"end":{"line":81,"column":5}},{"start":{},"end":{}}]},"13":{"loc":{"start":{"line":93,"column":4},"end":{"line":97,"column":5}},"type":"if","locations":[{"start":{"line":93,"column":4},"end":{"line":97,"column":5}},{"start":{},"end":{}}]},"14":{"loc":{"start":{"line":93,"column":8},"end":{"line":93,"column":46}},"type":"binary-expr","locations":[{"start":{"line":93,"column":8},"end":{"line":93,"column":25}},{"start":{"line":93,"column":29},"end":{"line":93,"column":46}}]}},"s":{"0":1,"1":1,"2":1,"3":1,"4":1,"5":1,"6":1,"7":3,"8":3,"9":3,"10":3,"11":3,"12":3,"13":1,"14":2,"15":2,"16":1,"17":1,"18":1,"19":1,"20":1,"21":0,"22":1,"23":0,"24":0,"25":0,"26":1,"27":1,"28":0,"29":1,"30":0,"31":1,"32":1,"33":1,"34":0,"35":1,"36":1,"37":1,"38":1,"39":1,"40":1,"41":1,"42":0,"43":0,"44":0,"45":0,"46":0,"47":3,"48":3,"49":3,"50":3,"51":3,"52":1,"53":2,"54":2,"55":1,"56":1,"57":1,"58":0,"59":0},"f":{"0":3,"1":3},"b":{"0":[1,2],"1":[1,1],"2":[1,0],"3":[0,1],"4":[0,1],"5":[0,1],"6":[1,0],"7":[0,1],"8":[1,0],"9":[1,0],"10":[0,0],"11":[0,0],"12":[1,2],"13":[1,1],"14":[2,2]}}
,"/home/x/Desktop/games-arabic-main/src/app/api/admin/templates/[id]/preview/route.ts": {"path":"/home/x/Desktop/games-arabic-main/src/app/api/admin/templates/[id]/preview/route.ts","statementMap":{"0":{"start":{"line":35,"column":0},"end":{"line":35,"column":7}},"1":{"start":{"line":2,"column":0},"end":{"line":2,"column":29}},"2":{"start":{"line":3,"column":0},"end":{"line":3,"column":43}},"3":{"start":{"line":4,"column":0},"end":{"line":4,"column":64}},"4":{"start":{"line":5,"column":0},"end":{"line":5,"column":76}},"5":{"start":{"line":6,"column":0},"end":{"line":6,"column":35}},"6":{"start":{"line":12,"column":61},"end":{"line":33,"column":null}},"7":{"start":{"line":36,"column":2},"end":{"line":76,"column":3}},"8":{"start":{"line":37,"column":4},"end":{"line":37,"column":null}},"9":{"start":{"line":38,"column":19},"end":{"line":38,"column":31}},"10":{"start":{"line":40,"column":21},"end":{"line":40,"column":80}},"11":{"start":{"line":41,"column":4},"end":{"line":43,"column":5}},"12":{"start":{"line":42,"column":6},"end":{"line":42,"column":null}},"13":{"start":{"line":45,"column":17},"end":{"line":45,"column":51}},"14":{"start":{"line":45,"column":47},"end":{"line":45,"column":49}},"15":{"start":{"line":46,"column":23},"end":{"line":48,"column":40}},"16":{"start":{"line":50,"column":26},"end":{"line":50,"column":68}},"17":{"start":{"line":51,"column":25},"end":{"line":51,"column":66}},"18":{"start":{"line":53,"column":18},"end":{"line":53,"column":43}},"19":{"start":{"line":54,"column":21},"end":{"line":54,"column":45}},"20":{"start":{"line":57,"column":4},"end":{"line":65,"column":5}},"21":{"start":{"line":58,"column":6},"end":{"line":64,"column":null}},"22":{"start":{"line":67,"column":4},"end":{"line":72,"column":null}},"23":{"start":{"line":74,"column":4},"end":{"line":74,"column":null}},"24":{"start":{"line":75,"column":4},"end":{"line":75,"column":null}}},"fnMap":{"0":{"name":"POST","decl":{"start":{"line":35,"column":22},"end":{"line":35,"column":26}},"loc":{"start":{"line":35,"column":68},"end":{"line":77,"column":1}}},"1":{"name":"(anonymous_2)","decl":{"start":{"line":45,"column":40},"end":{"line":45,"column":43}},"loc":{"start":{"line":45,"column":47},"end":{"line":45,"column":49}}}},"branchMap":{"0":{"loc":{"start":{"line":41,"column":4},"end":{"line":43,"column":5}},"type":"if","locations":[{"start":{"line":41,"column":4},"end":{"line":43,"column":5}},{"start":{},"end":{}}]},"1":{"loc":{"start":{"line":46,"column":23},"end":{"line":48,"column":40}},"type":"cond-expr","locations":[{"start":{"line":47,"column":8},"end":{"line":47,"column":22}},{"start":{"line":48,"column":8},"end":{"line":48,"column":40}}]},"2":{"loc":{"start":{"line":46,"column":23},"end":{"line":46,"column":75}},"type":"binary-expr","locations":[{"start":{"line":46,"column":23},"end":{"line":46,"column":37}},{"start":{"line":46,"column":41},"end":{"line":46,"column":75}}]},"3":{"loc":{"start":{"line":48,"column":8},"end":{"line":48,"column":40}},"type":"binary-expr","locations":[{"start":{"line":48,"column":8},"end":{"line":48,"column":34}},{"start":{"line":48,"column":38},"end":{"line":48,"column":40}}]},"4":{"loc":{"start":{"line":57,"column":4},"end":{"line":65,"column":5}},"type":"if","locations":[{"start":{"line":57,"column":4},"end":{"line":65,"column":5}},{"start":{},"end":{}}]}},"s":{"0":1,"1":1,"2":1,"3":1,"4":1,"5":1,"6":1,"7":4,"8":4,"9":4,"10":4,"11":4,"12":1,"13":3,"14":0,"15":3,"16":3,"17":3,"18":3,"19":3,"20":3,"21":1,"22":3,"23":0,"24":0},"f":{"0":4,"1":0},"b":{"0":[1,3],"1":[1,2],"2":[3,1],"3":[2,0],"4":[1,2]}}
,"/home/x/Desktop/games-arabic-main/src/app/api/notifications/preferences/route.ts": {"path":"/home/x/Desktop/games-arabic-main/src/app/api/notifications/preferences/route.ts","statementMap":{"0":{"start":{"line":21,"column":0},"end":{"line":21,"column":7}},"1":{"start":{"line":44,"column":0},"end":{"line":44,"column":7}},"2":{"start":{"line":2,"column":0},"end":{"line":2,"column":29}},"3":{"start":{"line":4,"column":0},"end":{"line":4,"column":40}},"4":{"start":{"line":5,"column":0},"end":{"line":5,"column":84}},"5":{"start":{"line":6,"column":0},"end":{"line":6,"column":55}},"6":{"start":{"line":8,"column":28},"end":{"line":18,"column":null}},"7":{"start":{"line":22,"column":2},"end":{"line":40,"column":3}},"8":{"start":{"line":23,"column":17},"end":{"line":23,"column":36}},"9":{"start":{"line":25,"column":22},"end":{"line":27,"column":6}},"10":{"start":{"line":29,"column":4},"end":{"line":33,"column":5}},"11":{"start":{"line":30,"column":6},"end":{"line":32,"column":null}},"12":{"start":{"line":35,"column":4},"end":{"line":35,"column":null}},"13":{"start":{"line":37,"column":4},"end":{"line":37,"column":null}},"14":{"start":{"line":37,"column":48},"end":{"line":37,"column":null}},"15":{"start":{"line":38,"column":4},"end":{"line":38,"column":null}},"16":{"start":{"line":39,"column":4},"end":{"line":39,"column":null}},"17":{"start":{"line":45,"column":2},"end":{"line":85,"column":3}},"18":{"start":{"line":46,"column":17},"end":{"line":46,"column":36}},"19":{"start":{"line":48,"column":17},"end":{"line":48,"column":33}},"20":{"start":{"line":49,"column":19},"end":{"line":49,"column":58}},"21":{"start":{"line":50,"column":4},"end":{"line":52,"column":5}},"22":{"start":{"line":51,"column":6},"end":{"line":51,"column":null}},"23":{"start":{"line":54,"column":17},"end":{"line":54,"column":28}},"24":{"start":{"line":56,"column":48},"end":{"line":56,"column":50}},"25":{"start":{"line":57,"column":4},"end":{"line":57,"column":null}},"26":{"start":{"line":57,"column":41},"end":{"line":57,"column":null}},"27":{"start":{"line":58,"column":4},"end":{"line":58,"column":null}},"28":{"start":{"line":58,"column":40},"end":{"line":58,"column":null}},"29":{"start":{"line":59,"column":4},"end":{"line":59,"column":null}},"30":{"start":{"line":59,"column":41},"end":{"line":59,"column":null}},"31":{"start":{"line":60,"column":4},"end":{"line":60,"column":null}},"32":{"start":{"line":60,"column":48},"end":{"line":60,"column":null}},"33":{"start":{"line":61,"column":4},"end":{"line":61,"column":null}},"34":{"start":{"line":61,"column":42},"end":{"line":61,"column":null}},"35":{"start":{"line":62,"column":4},"end":{"line":62,"column":null}},"36":{"start":{"line":62,"column":46},"end":{"line":62,"column":null}},"37":{"start":{"line":63,"column":4},"end":{"line":63,"column":null}},"38":{"start":{"line":63,"column":44},"end":{"line":63,"column":null}},"39":{"start":{"line":64,"column":4},"end":{"line":64,"column":null}},"40":{"start":{"line":64,"column":42},"end":{"line":64,"column":null}},"41":{"start":{"line":65,"column":4},"end":{"line":67,"column":5}},"42":{"start":{"line":66,"column":6},"end":{"line":66,"column":null}},"43":{"start":{"line":69,"column":24},"end":{"line":78,"column":6}},"44":{"start":{"line":80,"column":4},"end":{"line":80,"column":null}},"45":{"start":{"line":82,"column":4},"end":{"line":82,"column":null}},"46":{"start":{"line":82,"column":48},"end":{"line":82,"column":null}},"47":{"start":{"line":83,"column":4},"end":{"line":83,"column":null}},"48":{"start":{"line":84,"column":4},"end":{"line":84,"column":null}}},"fnMap":{"0":{"name":"GET","decl":{"start":{"line":21,"column":22},"end":{"line":21,"column":25}},"loc":{"start":{"line":21,"column":25},"end":{"line":41,"column":1}}},"1":{"name":"PUT","decl":{"start":{"line":44,"column":22},"end":{"line":44,"column":25}},"loc":{"start":{"line":44,"column":42},"end":{"line":86,"column":1}}}},"branchMap":{"0":{"loc":{"start":{"line":29,"column":4},"end":{"line":33,"column":5}},"type":"if","locations":[{"start":{"line":29,"column":4},"end":{"line":33,"column":5}},{"start":{},"end":{}}]},"1":{"loc":{"start":{"line":37,"column":4},"end":{"line":37,"column":null}},"type":"if","locations":[{"start":{"line":37,"column":4},"end":{"line":37,"column":null}},{"start":{},"end":{}}]},"2":{"loc":{"start":{"line":50,"column":4},"end":{"line":52,"column":5}},"type":"if","locations":[{"start":{"line":50,"column":4},"end":{"line":52,"column":5}},{"start":{},"end":{}}]},"3":{"loc":{"start":{"line":57,"column":4},"end":{"line":57,"column":null}},"type":"if","locations":[{"start":{"line":57,"column":4},"end":{"line":57,"column":null}},{"start":{},"end":{}}]},"4":{"loc":{"start":{"line":58,"column":4},"end":{"line":58,"column":null}},"type":"if","locations":[{"start":{"line":58,"column":4},"end":{"line":58,"column":null}},{"start":{},"end":{}}]},"5":{"loc":{"start":{"line":59,"column":4},"end":{"line":59,"column":null}},"type":"if","locations":[{"start":{"line":59,"column":4},"end":{"line":59,"column":null}},{"start":{},"end":{}}]},"6":{"loc":{"start":{"line":60,"column":4},"end":{"line":60,"column":null}},"type":"if","locations":[{"start":{"line":60,"column":4},"end":{"line":60,"column":null}},{"start":{},"end":{}}]},"7":{"loc":{"start":{"line":61,"column":4},"end":{"line":61,"column":null}},"type":"if","locations":[{"start":{"line":61,"column":4},"end":{"line":61,"column":null}},{"start":{},"end":{}}]},"8":{"loc":{"start":{"line":62,"column":4},"end":{"line":62,"column":null}},"type":"if","locations":[{"start":{"line":62,"column":4},"end":{"line":62,"column":null}},{"start":{},"end":{}}]},"9":{"loc":{"start":{"line":63,"column":4},"end":{"line":63,"column":null}},"type":"if","locations":[{"start":{"line":63,"column":4},"end":{"line":63,"column":null}},{"start":{},"end":{}}]},"10":{"loc":{"start":{"line":64,"column":4},"end":{"line":64,"column":null}},"type":"if","locations":[{"start":{"line":64,"column":4},"end":{"line":64,"column":null}},{"start":{},"end":{}}]},"11":{"loc":{"start":{"line":65,"column":4},"end":{"line":67,"column":5}},"type":"if","locations":[{"start":{"line":65,"column":4},"end":{"line":67,"column":5}},{"start":{},"end":{}}]},"12":{"loc":{"start":{"line":76,"column":26},"end":{"line":76,"column":52}},"type":"cond-expr","locations":[{"start":{"line":76,"column":46},"end":{"line":76,"column":50}},{"start":{"line":76,"column":50},"end":{"line":76,"column":52}}]},"13":{"loc":{"start":{"line":76,"column":26},"end":{"line":76,"column":50}},"type":"binary-expr","locations":[{"start":{"line":76,"column":26},"end":{"line":76,"column":50}},{"start":{"line":76,"column":46},"end":{"line":76,"column":50}}]},"14":{"loc":{"start":{"line":82,"column":4},"end":{"line":82,"column":null}},"type":"if","locations":[{"start":{"line":82,"column":4},"end":{"line":82,"column":null}},{"start":{},"end":{}}]}},"s":{"0":1,"1":1,"2":1,"3":1,"4":1,"5":1,"6":1,"7":3,"8":3,"9":2,"10":2,"11":1,"12":2,"13":1,"14":1,"15":0,"16":0,"17":11,"18":11,"19":10,"20":10,"21":10,"22":7,"23":3,"24":3,"25":3,"26":1,"27":3,"28":0,"29":3,"30":0,"31":3,"32":0,"33":3,"34":0,"35":3,"36":1,"37":3,"38":1,"39":3,"40":1,"41":3,"42":1,"43":3,"44":3,"45":1,"46":1,"47":0,"48":0},"f":{"0":3,"1":11},"b":{"0":[1,1],"1":[1,0],"2":[7,3],"3":[1,2],"4":[0,3],"5":[0,3],"6":[0,3],"7":[0,3],"8":[1,2],"9":[1,2],"10":[1,2],"11":[1,2],"12":[1,2],"13":[3,3],"14":[1,0]}}
,"/home/x/Desktop/games-arabic-main/src/application/event-bus/in-memory-event-bus.ts": {"path":"/home/x/Desktop/games-arabic-main/src/application/event-bus/in-memory-event-bus.ts","statementMap":{"0":{"start":{"line":9,"column":10},"end":{"line":9,"column":null}},"1":{"start":{"line":12,"column":26},"end":{"line":12,"column":60}},"2":{"start":{"line":13,"column":4},"end":{"line":13,"column":30}},"3":{"start":{"line":13,"column":24},"end":{"line":13,"column":30}},"4":{"start":{"line":15,"column":4},"end":{"line":21,"column":5}},"5":{"start":{"line":16,"column":6},"end":{"line":20,"column":7}},"6":{"start":{"line":17,"column":8},"end":{"line":17,"column":null}},"7":{"start":{"line":19,"column":8},"end":{"line":19,"column":null}},"8":{"start":{"line":25,"column":4},"end":{"line":27,"column":5}},"9":{"start":{"line":26,"column":6},"end":{"line":26,"column":null}},"10":{"start":{"line":28,"column":4},"end":{"line":28,"column":null}},"11":{"start":{"line":32,"column":4},"end":{"line":32,"column":null}},"12":{"start":{"line":8,"column":0},"end":{"line":8,"column":13}}},"fnMap":{"0":{"name":"(anonymous_0)","decl":{"start":{"line":8,"column":0},"end":{"line":8,"column":13}},"loc":{"start":{"line":8,"column":0},"end":{"line":34,"column":1}}},"1":{"name":"(anonymous_1)","decl":{"start":{"line":11,"column":2},"end":{"line":11,"column":7}},"loc":{"start":{"line":11,"column":34},"end":{"line":22,"column":3}}},"2":{"name":"(anonymous_2)","decl":{"start":{"line":24,"column":2},"end":{"line":24,"column":11}},"loc":{"start":{"line":24,"column":52},"end":{"line":29,"column":3}}},"3":{"name":"(anonymous_3)","decl":{"start":{"line":31,"column":2},"end":{"line":31,"column":13}},"loc":{"start":{"line":31,"column":54},"end":{"line":33,"column":3}}}},"branchMap":{"0":{"loc":{"start":{"line":13,"column":4},"end":{"line":13,"column":30}},"type":"if","locations":[{"start":{"line":13,"column":4},"end":{"line":13,"column":30}},{"start":{},"end":{}}]},"1":{"loc":{"start":{"line":25,"column":4},"end":{"line":27,"column":5}},"type":"if","locations":[{"start":{"line":25,"column":4},"end":{"line":27,"column":5}},{"start":{},"end":{}}]},"2":{"loc":{"start":{"line":32,"column":4},"end":{"line":32,"column":49}},"type":"cond-expr","locations":[{"start":{"line":32,"column":32},"end":{"line":32,"column":34}},{"start":{"line":32,"column":32},"end":{"line":32,"column":49}}]},"3":{"loc":{"start":{"line":32,"column":4},"end":{"line":32,"column":34}},"type":"binary-expr","locations":[{"start":{"line":32,"column":4},"end":{"line":32,"column":34}},{"start":{"line":32,"column":32},"end":{"line":32,"column":34}}]}},"s":{"0":5,"1":5,"2":5,"3":1,"4":4,"5":5,"6":5,"7":1,"8":7,"9":5,"10":7,"11":1,"12":1},"f":{"0":5,"1":5,"2":7,"3":1},"b":{"0":[1,4],"1":[5,2],"2":[0,1],"3":[1,1]}}
,"/home/x/Desktop/games-arabic-main/src/application/services/notification-query-service.ts": {"path":"/home/x/Desktop/games-arabic-main/src/application/services/notification-query-service.ts","statementMap":{"0":{"start":{"line":10,"column":31},"end":{"line":10,"column":59}},"1":{"start":{"line":20,"column":41},"end":{"line":23,"column":6}},"2":{"start":{"line":25,"column":4},"end":{"line":34,"column":null}},"3":{"start":{"line":26,"column":44},"end":{"line":26,"column":60}},"4":{"start":{"line":41,"column":4},"end":{"line":41,"column":null}},"5":{"start":{"line":55,"column":4},"end":{"line":65,"column":null}},"6":{"start":{"line":9,"column":0},"end":{"line":9,"column":13}}},"fnMap":{"0":{"name":"(anonymous_0)","decl":{"start":{"line":10,"column":2},"end":{"line":10,"column":31}},"loc":{"start":{"line":10,"column":59},"end":{"line":10,"column":63}}},"1":{"name":"(anonymous_1)","decl":{"start":{"line":15,"column":2},"end":{"line":15,"column":7}},"loc":{"start":{"line":18,"column":22},"end":{"line":35,"column":3}}},"2":{"name":"(anonymous_2)","decl":{"start":{"line":26,"column":39},"end":{"line":26,"column":40}},"loc":{"start":{"line":26,"column":44},"end":{"line":26,"column":60}}},"3":{"name":"(anonymous_3)","decl":{"start":{"line":40,"column":2},"end":{"line":40,"column":7}},"loc":{"start":{"line":40,"column":37},"end":{"line":42,"column":3}}},"4":{"name":"(anonymous_4)","decl":{"start":{"line":44,"column":10},"end":{"line":44,"column":18}},"loc":{"start":{"line":54,"column":3},"end":{"line":66,"column":3}}}},"branchMap":{"0":{"loc":{"start":{"line":17,"column":4},"end":{"line":17,"column":20}},"type":"default-arg","locations":[{"start":{"line":17,"column":19},"end":{"line":17,"column":20}}]},"1":{"loc":{"start":{"line":18,"column":4},"end":{"line":18,"column":22}},"type":"default-arg","locations":[{"start":{"line":18,"column":20},"end":{"line":18,"column":22}}]},"2":{"loc":{"start":{"line":31,"column":20},"end":{"line":31,"column":55}},"type":"binary-expr","locations":[{"start":{"line":31,"column":20},"end":{"line":31,"column":50}},{"start":{"line":31,"column":54},"end":{"line":31,"column":55}}]},"3":{"loc":{"start":{"line":63,"column":15},"end":{"line":63,"column":48}},"type":"cond-expr","locations":[{"start":{"line":63,"column":35},"end":{"line":63,"column":39}},{"start":{"line":63,"column":39},"end":{"line":63,"column":48}}]},"4":{"loc":{"start":{"line":63,"column":15},"end":{"line":63,"column":39}},"type":"binary-expr","locations":[{"start":{"line":63,"column":15},"end":{"line":63,"column":39}},{"start":{"line":63,"column":35},"end":{"line":63,"column":39}}]},"5":{"loc":{"start":{"line":64,"column":12},"end":{"line":64,"column":42}},"type":"cond-expr","locations":[{"start":{"line":64,"column":29},"end":{"line":64,"column":33}},{"start":{"line":64,"column":33},"end":{"line":64,"column":42}}]},"6":{"loc":{"start":{"line":64,"column":12},"end":{"line":64,"column":33}},"type":"binary-expr","locations":[{"start":{"line":64,"column":12},"end":{"line":64,"column":33}},{"start":{"line":64,"column":29},"end":{"line":64,"column":33}}]}},"s":{"0":2,"1":1,"2":1,"3":1,"4":1,"5":1,"6":1},"f":{"0":2,"1":1,"2":1,"3":1,"4":1},"b":{"0":[0],"1":[0],"2":[1,0],"3":[0,1],"4":[1,0],"5":[0,1],"6":[1,0]}}
,"/home/x/Desktop/games-arabic-main/src/application/services/notification-service.ts": {"path":"/home/x/Desktop/games-arabic-main/src/application/services/notification-service.ts","statementMap":{"0":{"start":{"line":7,"column":0},"end":{"line":7,"column":null}},"1":{"start":{"line":50,"column":31},"end":{"line":50,"column":68}},"2":{"start":{"line":57,"column":21},"end":{"line":57,"column":66}},"3":{"start":{"line":58,"column":37},"end":{"line":58,"column":39}},"4":{"start":{"line":60,"column":4},"end":{"line":63,"column":5}},"5":{"start":{"line":61,"column":21},"end":{"line":61,"column":61}},"6":{"start":{"line":62,"column":6},"end":{"line":62,"column":null}},"7":{"start":{"line":65,"column":4},"end":{"line":69,"column":null}},"8":{"start":{"line":66,"column":33},"end":{"line":66,"column":42}},"9":{"start":{"line":67,"column":40},"end":{"line":67,"column":56}},"10":{"start":{"line":77,"column":23},"end":{"line":78,"column":null}},"11":{"start":{"line":80,"column":4},"end":{"line":82,"column":5}},"12":{"start":{"line":81,"column":6},"end":{"line":81,"column":null}},"13":{"start":{"line":85,"column":21},"end":{"line":86,"column":null}},"14":{"start":{"line":89,"column":18},"end":{"line":89,"column":47}},"15":{"start":{"line":90,"column":20},"end":{"line":90,"column":50}},"16":{"start":{"line":93,"column":4},"end":{"line":111,"column":5}},"17":{"start":{"line":94,"column":26},"end":{"line":101,"column":null}},"18":{"start":{"line":103,"column":6},"end":{"line":110,"column":7}},"19":{"start":{"line":104,"column":8},"end":{"line":109,"column":null}},"20":{"start":{"line":114,"column":25},"end":{"line":121,"column":6}},"21":{"start":{"line":124,"column":18},"end":{"line":124,"column":71}},"22":{"start":{"line":127,"column":18},"end":{"line":133,"column":6}},"23":{"start":{"line":134,"column":4},"end":{"line":134,"column":null}},"24":{"start":{"line":137,"column":4},"end":{"line":140,"column":5}},"25":{"start":{"line":138,"column":18},"end":{"line":138,"column":59}},"26":{"start":{"line":139,"column":6},"end":{"line":139,"column":null}},"27":{"start":{"line":142,"column":4},"end":{"line":142,"column":null}},"28":{"start":{"line":49,"column":0},"end":{"line":49,"column":13}}},"fnMap":{"0":{"name":"(anonymous_0)","decl":{"start":{"line":50,"column":2},"end":{"line":50,"column":31}},"loc":{"start":{"line":50,"column":68},"end":{"line":50,"column":72}}},"1":{"name":"(anonymous_1)","decl":{"start":{"line":56,"column":2},"end":{"line":56,"column":7}},"loc":{"start":{"line":56,"column":41},"end":{"line":70,"column":3}}},"2":{"name":"(anonymous_2)","decl":{"start":{"line":66,"column":28},"end":{"line":66,"column":29}},"loc":{"start":{"line":66,"column":33},"end":{"line":66,"column":42}}},"3":{"name":"(anonymous_3)","decl":{"start":{"line":67,"column":35},"end":{"line":67,"column":36}},"loc":{"start":{"line":67,"column":40},"end":{"line":67,"column":56}}},"4":{"name":"(anonymous_4)","decl":{"start":{"line":72,"column":10},"end":{"line":72,"column":15}},"loc":{"start":{"line":74,"column":32},"end":{"line":143,"column":3}}}},"branchMap":{"0":{"loc":{"start":{"line":57,"column":21},"end":{"line":57,"column":66}},"type":"cond-expr","locations":[{"start":{"line":57,"column":35},"end":{"line":57,"column":39}},{"start":{"line":57,"column":39},"end":{"line":57,"column":66}}]},"1":{"loc":{"start":{"line":57,"column":21},"end":{"line":57,"column":39}},"type":"binary-expr","locations":[{"start":{"line":57,"column":21},"end":{"line":57,"column":39}},{"start":{"line":57,"column":35},"end":{"line":57,"column":39}}]},"2":{"loc":{"start":{"line":67,"column":22},"end":{"line":67,"column":73}},"type":"cond-expr","locations":[{"start":{"line":67,"column":57},"end":{"line":67,"column":59}},{"start":{"line":67,"column":57},"end":{"line":67,"column":73}}]},"3":{"loc":{"start":{"line":67,"column":22},"end":{"line":67,"column":59}},"type":"binary-expr","locations":[{"start":{"line":67,"column":22},"end":{"line":67,"column":59}},{"start":{"line":67,"column":57},"end":{"line":67,"column":59}}]},"4":{"loc":{"start":{"line":80,"column":4},"end":{"line":82,"column":5}},"type":"if","locations":[{"start":{"line":80,"column":4},"end":{"line":82,"column":5}},{"start":{},"end":{}}]},"5":{"loc":{"start":{"line":86,"column":27},"end":{"line":86,"column":56}},"type":"cond-expr","locations":[{"start":{"line":86,"column":50},"end":{"line":86,"column":54}},{"start":{"line":86,"column":54},"end":{"line":86,"column":56}}]},"6":{"loc":{"start":{"line":86,"column":27},"end":{"line":86,"column":54}},"type":"binary-expr","locations":[{"start":{"line":86,"column":27},"end":{"line":86,"column":54}},{"start":{"line":86,"column":50},"end":{"line":86,"column":54}}]},"7":{"loc":{"start":{"line":89,"column":18},"end":{"line":89,"column":47}},"type":"cond-expr","locations":[{"start":{"line":89,"column":29},"end":{"line":89,"column":33}},{"start":{"line":89,"column":33},"end":{"line":89,"column":47}}]},"8":{"loc":{"start":{"line":89,"column":18},"end":{"line":89,"column":33}},"type":"binary-expr","locations":[{"start":{"line":89,"column":18},"end":{"line":89,"column":33}},{"start":{"line":89,"column":29},"end":{"line":89,"column":33}}]},"9":{"loc":{"start":{"line":90,"column":20},"end":{"line":90,"column":50}},"type":"cond-expr","locations":[{"start":{"line":90,"column":33},"end":{"line":90,"column":37}},{"start":{"line":90,"column":37},"end":{"line":90,"column":50}}]},"10":{"loc":{"start":{"line":90,"column":20},"end":{"line":90,"column":37}},"type":"binary-expr","locations":[{"start":{"line":90,"column":20},"end":{"line":90,"column":37}},{"start":{"line":90,"column":33},"end":{"line":90,"column":37}}]},"11":{"loc":{"start":{"line":93,"column":4},"end":{"line":111,"column":5}},"type":"if","locations":[{"start":{"line":93,"column":4},"end":{"line":111,"column":5}},{"start":{},"end":{}}]},"12":{"loc":{"start":{"line":103,"column":6},"end":{"line":110,"column":7}},"type":"if","locations":[{"start":{"line":103,"column":6},"end":{"line":110,"column":7}},{"start":{},"end":{}}]},"13":{"loc":{"start":{"line":108,"column":26},"end":{"line":108,"column":62}},"type":"cond-expr","locations":[{"start":{"line":108,"column":58},"end":{"line":108,"column":60}},{"start":{"line":108,"column":58},"end":{"line":108,"column":62}}]},"14":{"loc":{"start":{"line":108,"column":26},"end":{"line":108,"column":60}},"type":"binary-expr","locations":[{"start":{"line":108,"column":26},"end":{"line":108,"column":60}},{"start":{"line":108,"column":58},"end":{"line":108,"column":60}}]},"15":{"loc":{"start":{"line":132,"column":15},"end":{"line":132,"column":41}},"type":"cond-expr","locations":[{"start":{"line":132,"column":28},"end":{"line":132,"column":32}},{"start":{"line":132,"column":32},"end":{"line":132,"column":41}}]},"16":{"loc":{"start":{"line":132,"column":15},"end":{"line":132,"column":32}},"type":"binary-expr","locations":[{"start":{"line":132,"column":15},"end":{"line":132,"column":32}},{"start":{"line":132,"column":28},"end":{"line":132,"column":32}}]},"17":{"loc":{"start":{"line":137,"column":4},"end":{"line":140,"column":5}},"type":"if","locations":[{"start":{"line":137,"column":4},"end":{"line":140,"column":5}},{"start":{},"end":{}}]}},"s":{"0":1,"1":7,"2":7,"3":7,"4":7,"5":8,"6":8,"7":7,"8":7,"9":7,"10":8,"11":8,"12":1,"13":7,"14":7,"15":7,"16":7,"17":6,"18":6,"19":1,"20":6,"21":6,"22":6,"23":6,"24":6,"25":2,"26":2,"27":6,"28":1},"f":{"0":7,"1":7,"2":7,"3":7,"4":8},"b":{"0":[2,5],"1":[7,7],"2":[2,5],"3":[7,7],"4":[1,7],"5":[0,7],"6":[7,7],"7":[1,6],"8":[7,7],"9":[1,6],"10":[7,7],"11":[6,1],"12":[1,5],"13":[1,0],"14":[1,1],"15":[0,6],"16":[6,0],"17":[2,4]}}
,"/home/x/Desktop/games-arabic-main/src/application/use-cases/reports/send-report-confirmed.ts": {"path":"/home/x/Desktop/games-arabic-main/src/application/use-cases/reports/send-report-confirmed.ts","statementMap":{"0":{"start":{"line":7,"column":0},"end":{"line":7,"column":64}},"1":{"start":{"line":23,"column":31},"end":{"line":23,"column":71}},"2":{"start":{"line":29,"column":4},"end":{"line":46,"column":null}},"3":{"start":{"line":49,"column":4},"end":{"line":63,"column":null}},"4":{"start":{"line":22,"column":0},"end":{"line":22,"column":13}}},"fnMap":{"0":{"name":"(anonymous_0)","decl":{"start":{"line":23,"column":2},"end":{"line":23,"column":31}},"loc":{"start":{"line":23,"column":71},"end":{"line":23,"column":75}}},"1":{"name":"(anonymous_1)","decl":{"start":{"line":25,"column":2},"end":{"line":25,"column":7}},"loc":{"start":{"line":25,"column":47},"end":{"line":64,"column":3}}}},"branchMap":{},"s":{"0":1,"1":2,"2":2,"3":2,"4":1},"f":{"0":2,"1":2},"b":{}}
,"/home/x/Desktop/games-arabic-main/src/application/use-cases/social/send-comment-reply.ts": {"path":"/home/x/Desktop/games-arabic-main/src/application/use-cases/social/send-comment-reply.ts","statementMap":{"0":{"start":{"line":6,"column":0},"end":{"line":6,"column":64}},"1":{"start":{"line":21,"column":31},"end":{"line":21,"column":71}},"2":{"start":{"line":24,"column":4},"end":{"line":24,"column":60}},"3":{"start":{"line":24,"column":54},"end":{"line":24,"column":60}},"4":{"start":{"line":26,"column":4},"end":{"line":42,"column":null}},"5":{"start":{"line":20,"column":0},"end":{"line":20,"column":13}}},"fnMap":{"0":{"name":"(anonymous_0)","decl":{"start":{"line":21,"column":2},"end":{"line":21,"column":31}},"loc":{"start":{"line":21,"column":71},"end":{"line":21,"column":75}}},"1":{"name":"(anonymous_1)","decl":{"start":{"line":23,"column":2},"end":{"line":23,"column":7}},"loc":{"start":{"line":23,"column":44},"end":{"line":43,"column":3}}}},"branchMap":{"0":{"loc":{"start":{"line":24,"column":4},"end":{"line":24,"column":60}},"type":"if","locations":[{"start":{"line":24,"column":4},"end":{"line":24,"column":60}},{"start":{},"end":{}}]}},"s":{"0":1,"1":2,"2":2,"3":1,"4":1,"5":1},"f":{"0":2,"1":2},"b":{"0":[1,1]}}
,"/home/x/Desktop/games-arabic-main/src/domain/index.ts": {"path":"/home/x/Desktop/games-arabic-main/src/domain/index.ts","statementMap":{"0":{"start":{"line":7,"column":0},"end":{"line":7,"column":31}},"1":{"start":{"line":10,"column":0},"end":{"line":10,"column":26}},"2":{"start":{"line":13,"column":0},"end":{"line":13,"column":24}},"3":{"start":{"line":16,"column":0},"end":{"line":16,"column":23}},"4":{"start":{"line":19,"column":0},"end":{"line":19,"column":26}}},"fnMap":{},"branchMap":{},"s":{"0":9,"1":9,"2":9,"3":9,"4":9},"f":{},"b":{}}
,"/home/x/Desktop/games-arabic-main/src/domain/entities/index.ts": {"path":"/home/x/Desktop/games-arabic-main/src/domain/entities/index.ts","statementMap":{"0":{"start":{"line":1,"column":0},"end":{"line":1,"column":9}},"1":{"start":{"line":1,"column":9},"end":{"line":1,"column":45}},"2":{"start":{"line":3,"column":0},"end":{"line":3,"column":9}},"3":{"start":{"line":3,"column":9},"end":{"line":3,"column":66}},"4":{"start":{"line":5,"column":0},"end":{"line":5,"column":9}},"5":{"start":{"line":5,"column":9},"end":{"line":5,"column":52}}},"fnMap":{"0":{"name":"(anonymous_0)","decl":{"start":{"line":1,"column":9},"end":{"line":1,"column":21}},"loc":{"start":{"line":1,"column":9},"end":{"line":1,"column":45}}},"1":{"name":"(anonymous_1)","decl":{"start":{"line":3,"column":9},"end":{"line":3,"column":31}},"loc":{"start":{"line":3,"column":9},"end":{"line":3,"column":66}}},"2":{"name":"(anonymous_2)","decl":{"start":{"line":5,"column":9},"end":{"line":5,"column":24}},"loc":{"start":{"line":5,"column":9},"end":{"line":5,"column":52}}}},"branchMap":{},"s":{"0":9,"1":22,"2":9,"3":16,"4":9,"5":22},"f":{"0":13,"1":7,"2":13},"b":{}}
,"/home/x/Desktop/games-arabic-main/src/domain/entities/notification-job.ts": {"path":"/home/x/Desktop/games-arabic-main/src/domain/entities/notification-job.ts","statementMap":{"0":{"start":{"line":7,"column":0},"end":{"line":7,"column":70}},"1":{"start":{"line":30,"column":29},"end":{"line":30,"column":30}},"2":{"start":{"line":34,"column":13},"end":{"line":34,"column":23}},"3":{"start":{"line":35,"column":13},"end":{"line":35,"column":35}},"4":{"start":{"line":36,"column":13},"end":{"line":36,"column":41}},"5":{"start":{"line":37,"column":13},"end":{"line":37,"column":35}},"6":{"start":{"line":38,"column":13},"end":{"line":38,"column":29}},"7":{"start":{"line":39,"column":13},"end":{"line":39,"column":32}},"8":{"start":{"line":40,"column":13},"end":{"line":40,"column":37}},"9":{"start":{"line":41,"column":13},"end":{"line":41,"column":31}},"10":{"start":{"line":42,"column":13},"end":{"line":42,"column":37}},"11":{"start":{"line":43,"column":13},"end":{"line":43,"column":28}},"12":{"start":{"line":44,"column":13},"end":{"line":44,"column":28}},"13":{"start":{"line":51,"column":4},"end":{"line":51,"column":null}},"14":{"start":{"line":51,"column":25},"end":{"line":51,"column":null}},"15":{"start":{"line":53,"column":16},"end":{"line":53,"column":26}},"16":{"start":{"line":54,"column":4},"end":{"line":66,"column":null}},"17":{"start":{"line":73,"column":4},"end":{"line":85,"column":null}},"18":{"start":{"line":90,"column":4},"end":{"line":90,"column":null}},"19":{"start":{"line":95,"column":4},"end":{"line":98,"column":null}},"20":{"start":{"line":103,"column":4},"end":{"line":115,"column":null}},"21":{"start":{"line":120,"column":16},"end":{"line":120,"column":26}},"22":{"start":{"line":121,"column":4},"end":{"line":133,"column":null}},"23":{"start":{"line":138,"column":4},"end":{"line":150,"column":null}},"24":{"start":{"line":155,"column":16},"end":{"line":155,"column":26}},"25":{"start":{"line":156,"column":25},"end":{"line":156,"column":58}},"26":{"start":{"line":157,"column":4},"end":{"line":169,"column":null}},"27":{"start":{"line":174,"column":16},"end":{"line":174,"column":26}},"28":{"start":{"line":175,"column":4},"end":{"line":187,"column":null}},"29":{"start":{"line":32,"column":0},"end":{"line":32,"column":13}},"30":{"start":{"line":193,"column":20},"end":{"line":193,"column":43}},"31":{"start":{"line":194,"column":17},"end":{"line":194,"column":60}},"32":{"start":{"line":195,"column":2},"end":{"line":195,"column":null}}},"fnMap":{"0":{"name":"(anonymous_0)","decl":{"start":{"line":33,"column":2},"end":{"line":33,"column":null}},"loc":{"start":{"line":44,"column":28},"end":{"line":45,"column":6}}},"1":{"name":"(anonymous_1)","decl":{"start":{"line":50,"column":2},"end":{"line":50,"column":8}},"loc":{"start":{"line":50,"column":68},"end":{"line":67,"column":3}}},"2":{"name":"(anonymous_2)","decl":{"start":{"line":72,"column":2},"end":{"line":72,"column":8}},"loc":{"start":{"line":72,"column":59},"end":{"line":86,"column":3}}},"3":{"name":"(anonymous_3)","decl":{"start":{"line":89,"column":2},"end":{"line":89,"column":10}},"loc":{"start":{"line":89,"column":10},"end":{"line":91,"column":3}}},"4":{"name":"(anonymous_4)","decl":{"start":{"line":94,"column":2},"end":{"line":94,"column":18}},"loc":{"start":{"line":94,"column":18},"end":{"line":99,"column":3}}},"5":{"name":"(anonymous_5)","decl":{"start":{"line":102,"column":2},"end":{"line":102,"column":18}},"loc":{"start":{"line":102,"column":18},"end":{"line":116,"column":3}}},"6":{"name":"(anonymous_6)","decl":{"start":{"line":119,"column":2},"end":{"line":119,"column":12}},"loc":{"start":{"line":119,"column":12},"end":{"line":134,"column":3}}},"7":{"name":"(anonymous_7)","decl":{"start":{"line":137,"column":2},"end":{"line":137,"column":14}},"loc":{"start":{"line":137,"column":28},"end":{"line":151,"column":3}}},"8":{"name":"(anonymous_8)","decl":{"start":{"line":154,"column":2},"end":{"line":154,"column":15}},"loc":{"start":{"line":154,"column":31},"end":{"line":170,"column":3}}},"9":{"name":"(anonymous_9)","decl":{"start":{"line":173,"column":2},"end":{"line":173,"column":18}},"loc":{"start":{"line":173,"column":32},"end":{"line":188,"column":3}}},"10":{"name":"generateId","decl":{"start":{"line":192,"column":9},"end":{"line":192,"column":19}},"loc":{"start":{"line":192,"column":19},"end":{"line":196,"column":1}}}},"branchMap":{"0":{"loc":{"start":{"line":51,"column":4},"end":{"line":51,"column":null}},"type":"if","locations":[{"start":{"line":51,"column":4},"end":{"line":51,"column":null}},{"start":{},"end":{}}]},"1":{"loc":{"start":{"line":90,"column":11},"end":{"line":90,"column":88}},"type":"binary-expr","locations":[{"start":{"line":90,"column":11},"end":{"line":90,"column":43}},{"start":{"line":90,"column":47},"end":{"line":90,"column":88}}]},"2":{"loc":{"start":{"line":96,"column":6},"end":{"line":97,"column":37}},"type":"binary-expr","locations":[{"start":{"line":96,"column":7},"end":{"line":96,"column":45}},{"start":{"line":96,"column":49},"end":{"line":96,"column":86}},{"start":{"line":97,"column":6},"end":{"line":97,"column":37}}]}},"s":{"0":11,"1":11,"2":33,"3":33,"4":33,"5":33,"6":33,"7":33,"8":33,"9":33,"10":33,"11":33,"12":33,"13":20,"14":1,"15":19,"16":19,"17":8,"18":6,"19":2,"20":2,"21":1,"22":1,"23":1,"24":1,"25":1,"26":1,"27":1,"28":1,"29":11,"30":19,"31":19,"32":19},"f":{"0":33,"1":20,"2":8,"3":6,"4":2,"5":2,"6":1,"7":1,"8":1,"9":1,"10":19},"b":{"0":[1,19],"1":[6,4],"2":[2,0,2]}}
,"/home/x/Desktop/games-arabic-main/src/domain/entities/notification-preference.ts": {"path":"/home/x/Desktop/games-arabic-main/src/domain/entities/notification-preference.ts","statementMap":{"0":{"start":{"line":7,"column":0},"end":{"line":7,"column":72}},"1":{"start":{"line":53,"column":13},"end":{"line":53,"column":23}},"2":{"start":{"line":54,"column":13},"end":{"line":54,"column":27}},"3":{"start":{"line":55,"column":13},"end":{"line":55,"column":34}},"4":{"start":{"line":56,"column":13},"end":{"line":56,"column":33}},"5":{"start":{"line":57,"column":13},"end":{"line":57,"column":34}},"6":{"start":{"line":58,"column":13},"end":{"line":58,"column":40}},"7":{"start":{"line":59,"column":13},"end":{"line":59,"column":34}},"8":{"start":{"line":60,"column":13},"end":{"line":60,"column":39}},"9":{"start":{"line":61,"column":13},"end":{"line":61,"column":43}},"10":{"start":{"line":62,"column":13},"end":{"line":62,"column":41}},"11":{"start":{"line":63,"column":13},"end":{"line":63,"column":60}},"12":{"start":{"line":64,"column":13},"end":{"line":64,"column":28}},"13":{"start":{"line":65,"column":13},"end":{"line":65,"column":28}},"14":{"start":{"line":72,"column":4},"end":{"line":72,"column":null}},"15":{"start":{"line":72,"column":17},"end":{"line":72,"column":null}},"16":{"start":{"line":74,"column":16},"end":{"line":74,"column":26}},"17":{"start":{"line":75,"column":4},"end":{"line":89,"column":null}},"18":{"start":{"line":96,"column":4},"end":{"line":110,"column":null}},"19":{"start":{"line":119,"column":4},"end":{"line":119,"column":null}},"20":{"start":{"line":119,"column":69},"end":{"line":119,"column":null}},"21":{"start":{"line":120,"column":4},"end":{"line":120,"column":null}},"22":{"start":{"line":120,"column":68},"end":{"line":120,"column":null}},"23":{"start":{"line":123,"column":21},"end":{"line":123,"column":47}},"24":{"start":{"line":124,"column":4},"end":{"line":128,"column":5}},"25":{"start":{"line":125,"column":6},"end":{"line":125,"column":null}},"26":{"start":{"line":125,"column":29},"end":{"line":125,"column":null}},"27":{"start":{"line":126,"column":6},"end":{"line":126,"column":null}},"28":{"start":{"line":126,"column":84},"end":{"line":126,"column":null}},"29":{"start":{"line":127,"column":6},"end":{"line":127,"column":null}},"30":{"start":{"line":127,"column":83},"end":{"line":127,"column":null}},"31":{"start":{"line":131,"column":4},"end":{"line":134,"column":5}},"32":{"start":{"line":132,"column":24},"end":{"line":132,"column":42}},"33":{"start":{"line":133,"column":6},"end":{"line":133,"column":null}},"34":{"start":{"line":133,"column":42},"end":{"line":133,"column":null}},"35":{"start":{"line":136,"column":4},"end":{"line":136,"column":null}},"36":{"start":{"line":144,"column":4},"end":{"line":144,"column":null}},"37":{"start":{"line":144,"column":33},"end":{"line":144,"column":null}},"38":{"start":{"line":145,"column":4},"end":{"line":145,"column":null}},"39":{"start":{"line":145,"column":54},"end":{"line":145,"column":null}},"40":{"start":{"line":147,"column":20},"end":{"line":147,"column":111}},"41":{"start":{"line":148,"column":18},"end":{"line":148,"column":38}},"42":{"start":{"line":149,"column":16},"end":{"line":149,"column":34}},"43":{"start":{"line":151,"column":4},"end":{"line":157,"column":5}},"44":{"start":{"line":153,"column":6},"end":{"line":153,"column":null}},"45":{"start":{"line":156,"column":6},"end":{"line":156,"column":null}},"46":{"start":{"line":164,"column":4},"end":{"line":178,"column":null}},"47":{"start":{"line":51,"column":0},"end":{"line":51,"column":13}},"48":{"start":{"line":184,"column":20},"end":{"line":184,"column":43}},"49":{"start":{"line":185,"column":17},"end":{"line":185,"column":60}},"50":{"start":{"line":186,"column":2},"end":{"line":186,"column":null}}},"fnMap":{"0":{"name":"(anonymous_0)","decl":{"start":{"line":52,"column":2},"end":{"line":52,"column":null}},"loc":{"start":{"line":65,"column":28},"end":{"line":66,"column":6}}},"1":{"name":"(anonymous_1)","decl":{"start":{"line":71,"column":2},"end":{"line":71,"column":8}},"loc":{"start":{"line":71,"column":37},"end":{"line":90,"column":3}}},"2":{"name":"(anonymous_2)","decl":{"start":{"line":95,"column":2},"end":{"line":95,"column":8}},"loc":{"start":{"line":95,"column":54},"end":{"line":111,"column":3}}},"3":{"name":"(anonymous_3)","decl":{"start":{"line":117,"column":2},"end":{"line":117,"column":12}},"loc":{"start":{"line":117,"column":78},"end":{"line":137,"column":3}}},"4":{"name":"(anonymous_4)","decl":{"start":{"line":143,"column":2},"end":{"line":143,"column":16}},"loc":{"start":{"line":143,"column":27},"end":{"line":158,"column":3}}},"5":{"name":"(anonymous_5)","decl":{"start":{"line":163,"column":2},"end":{"line":163,"column":18}},"loc":{"start":{"line":163,"column":53},"end":{"line":179,"column":3}}},"6":{"name":"generateId","decl":{"start":{"line":183,"column":9},"end":{"line":183,"column":19}},"loc":{"start":{"line":183,"column":19},"end":{"line":187,"column":1}}}},"branchMap":{"0":{"loc":{"start":{"line":72,"column":4},"end":{"line":72,"column":null}},"type":"if","locations":[{"start":{"line":72,"column":4},"end":{"line":72,"column":null}},{"start":{},"end":{}}]},"1":{"loc":{"start":{"line":119,"column":4},"end":{"line":119,"column":null}},"type":"if","locations":[{"start":{"line":119,"column":4},"end":{"line":119,"column":null}},{"start":{},"end":{}}]},"2":{"loc":{"start":{"line":119,"column":8},"end":{"line":119,"column":67}},"type":"binary-expr","locations":[{"start":{"line":119,"column":8},"end":{"line":119,"column":45}},{"start":{"line":119,"column":49},"end":{"line":119,"column":67}}]},"3":{"loc":{"start":{"line":120,"column":4},"end":{"line":120,"column":null}},"type":"if","locations":[{"start":{"line":120,"column":4},"end":{"line":120,"column":null}},{"start":{},"end":{}}]},"4":{"loc":{"start":{"line":120,"column":8},"end":{"line":120,"column":66}},"type":"binary-expr","locations":[{"start":{"line":120,"column":8},"end":{"line":120,"column":45}},{"start":{"line":120,"column":49},"end":{"line":120,"column":66}}]},"5":{"loc":{"start":{"line":124,"column":4},"end":{"line":128,"column":5}},"type":"if","locations":[{"start":{"line":124,"column":4},"end":{"line":128,"column":5}},{"start":{},"end":{}}]},"6":{"loc":{"start":{"line":125,"column":6},"end":{"line":125,"column":null}},"type":"if","locations":[{"start":{"line":125,"column":6},"end":{"line":125,"column":null}},{"start":{},"end":{}}]},"7":{"loc":{"start":{"line":126,"column":6},"end":{"line":126,"column":null}},"type":"if","locations":[{"start":{"line":126,"column":6},"end":{"line":126,"column":null}},{"start":{},"end":{}}]},"8":{"loc":{"start":{"line":126,"column":10},"end":{"line":126,"column":82}},"type":"binary-expr","locations":[{"start":{"line":126,"column":10},"end":{"line":126,"column":47}},{"start":{"line":126,"column":51},"end":{"line":126,"column":82}}]},"9":{"loc":{"start":{"line":127,"column":6},"end":{"line":127,"column":null}},"type":"if","locations":[{"start":{"line":127,"column":6},"end":{"line":127,"column":null}},{"start":{},"end":{}}]},"10":{"loc":{"start":{"line":127,"column":10},"end":{"line":127,"column":81}},"type":"binary-expr","locations":[{"start":{"line":127,"column":10},"end":{"line":127,"column":47}},{"start":{"line":127,"column":51},"end":{"line":127,"column":81}}]},"11":{"loc":{"start":{"line":131,"column":4},"end":{"line":134,"column":5}},"type":"if","locations":[{"start":{"line":131,"column":4},"end":{"line":134,"column":5}},{"start":{},"end":{}}]},"12":{"loc":{"start":{"line":131,"column":8},"end":{"line":131,"column":71}},"type":"binary-expr","locations":[{"start":{"line":131,"column":8},"end":{"line":131,"column":45}},{"start":{"line":131,"column":49},"end":{"line":131,"column":71}}]},"13":{"loc":{"start":{"line":132,"column":24},"end":{"line":132,"column":42}},"type":"cond-expr","locations":[{"start":{"line":132,"column":24},"end":{"line":132,"column":28}},{"start":{"line":132,"column":32},"end":{"line":132,"column":42}}]},"14":{"loc":{"start":{"line":132,"column":24},"end":{"line":132,"column":32}},"type":"binary-expr","locations":[{"start":{"line":132,"column":24},"end":{"line":132,"column":32}},{"start":{"line":132,"column":24},"end":{"line":132,"column":32}}]},"15":{"loc":{"start":{"line":133,"column":6},"end":{"line":133,"column":null}},"type":"if","locations":[{"start":{"line":133,"column":6},"end":{"line":133,"column":null}},{"start":{},"end":{}}]},"16":{"loc":{"start":{"line":144,"column":4},"end":{"line":144,"column":null}},"type":"if","locations":[{"start":{"line":144,"column":4},"end":{"line":144,"column":null}},{"start":{},"end":{}}]},"17":{"loc":{"start":{"line":145,"column":4},"end":{"line":145,"column":null}},"type":"if","locations":[{"start":{"line":145,"column":4},"end":{"line":145,"column":null}},{"start":{},"end":{}}]},"18":{"loc":{"start":{"line":145,"column":8},"end":{"line":145,"column":52}},"type":"binary-expr","locations":[{"start":{"line":145,"column":8},"end":{"line":145,"column":29}},{"start":{"line":145,"column":33},"end":{"line":145,"column":52}}]},"19":{"loc":{"start":{"line":151,"column":4},"end":{"line":157,"column":5}},"type":"if","locations":[{"start":{"line":151,"column":4},"end":{"line":157,"column":5}},{"start":{"line":154,"column":11},"end":{"line":157,"column":5}}]},"20":{"loc":{"start":{"line":153,"column":13},"end":{"line":153,"column":47}},"type":"binary-expr","locations":[{"start":{"line":153,"column":13},"end":{"line":153,"column":29}},{"start":{"line":153,"column":33},"end":{"line":153,"column":47}}]},"21":{"loc":{"start":{"line":156,"column":13},"end":{"line":156,"column":47}},"type":"binary-expr","locations":[{"start":{"line":156,"column":13},"end":{"line":156,"column":29}},{"start":{"line":156,"column":33},"end":{"line":156,"column":47}}]},"22":{"loc":{"start":{"line":167,"column":6},"end":{"line":167,"column":47}},"type":"cond-expr","locations":[{"start":{"line":167,"column":26},"end":{"line":167,"column":30}},{"start":{"line":167,"column":30},"end":{"line":167,"column":47}}]},"23":{"loc":{"start":{"line":167,"column":6},"end":{"line":167,"column":30}},"type":"binary-expr","locations":[{"start":{"line":167,"column":6},"end":{"line":167,"column":30}},{"start":{"line":167,"column":26},"end":{"line":167,"column":30}}]},"24":{"loc":{"start":{"line":168,"column":6},"end":{"line":168,"column":45}},"type":"cond-expr","locations":[{"start":{"line":168,"column":25},"end":{"line":168,"column":29}},{"start":{"line":168,"column":29},"end":{"line":168,"column":45}}]},"25":{"loc":{"start":{"line":168,"column":6},"end":{"line":168,"column":29}},"type":"binary-expr","locations":[{"start":{"line":168,"column":6},"end":{"line":168,"column":29}},{"start":{"line":168,"column":25},"end":{"line":168,"column":29}}]},"26":{"loc":{"start":{"line":169,"column":6},"end":{"line":169,"column":47}},"type":"cond-expr","locations":[{"start":{"line":169,"column":26},"end":{"line":169,"column":30}},{"start":{"line":169,"column":30},"end":{"line":169,"column":47}}]},"27":{"loc":{"start":{"line":169,"column":6},"end":{"line":169,"column":30}},"type":"binary-expr","locations":[{"start":{"line":169,"column":6},"end":{"line":169,"column":30}},{"start":{"line":169,"column":26},"end":{"line":169,"column":30}}]},"28":{"loc":{"start":{"line":170,"column":6},"end":{"line":170,"column":61}},"type":"cond-expr","locations":[{"start":{"line":170,"column":33},"end":{"line":170,"column":37}},{"start":{"line":170,"column":37},"end":{"line":170,"column":61}}]},"29":{"loc":{"start":{"line":170,"column":6},"end":{"line":170,"column":37}},"type":"binary-expr","locations":[{"start":{"line":170,"column":6},"end":{"line":170,"column":37}},{"start":{"line":170,"column":33},"end":{"line":170,"column":37}}]},"30":{"loc":{"start":{"line":171,"column":6},"end":{"line":171,"column":49}},"type":"cond-expr","locations":[{"start":{"line":171,"column":27},"end":{"line":171,"column":31}},{"start":{"line":171,"column":31},"end":{"line":171,"column":49}}]},"31":{"loc":{"start":{"line":171,"column":6},"end":{"line":171,"column":31}},"type":"binary-expr","locations":[{"start":{"line":171,"column":6},"end":{"line":171,"column":31}},{"start":{"line":171,"column":27},"end":{"line":171,"column":31}}]},"32":{"loc":{"start":{"line":172,"column":6},"end":{"line":172,"column":57}},"type":"cond-expr","locations":[{"start":{"line":172,"column":31},"end":{"line":172,"column":35}},{"start":{"line":172,"column":35},"end":{"line":172,"column":57}}]},"33":{"loc":{"start":{"line":172,"column":6},"end":{"line":172,"column":35}},"type":"binary-expr","locations":[{"start":{"line":172,"column":6},"end":{"line":172,"column":35}},{"start":{"line":172,"column":31},"end":{"line":172,"column":35}}]},"34":{"loc":{"start":{"line":173,"column":6},"end":{"line":173,"column":92}},"type":"cond-expr","locations":[{"start":{"line":173,"column":46},"end":{"line":173,"column":69}},{"start":{"line":173,"column":72},"end":{"line":173,"column":92}}]},"35":{"loc":{"start":{"line":174,"column":6},"end":{"line":174,"column":86}},"type":"cond-expr","locations":[{"start":{"line":174,"column":44},"end":{"line":174,"column":65}},{"start":{"line":174,"column":68},"end":{"line":174,"column":86}}]},"36":{"loc":{"start":{"line":175,"column":6},"end":{"line":175,"column":53}},"type":"cond-expr","locations":[{"start":{"line":175,"column":29},"end":{"line":175,"column":33}},{"start":{"line":175,"column":33},"end":{"line":175,"column":53}}]},"37":{"loc":{"start":{"line":175,"column":6},"end":{"line":175,"column":33}},"type":"binary-expr","locations":[{"start":{"line":175,"column":6},"end":{"line":175,"column":33}},{"start":{"line":175,"column":29},"end":{"line":175,"column":33}}]}},"s":{"0":10,"1":31,"2":31,"3":31,"4":31,"5":31,"6":31,"7":31,"8":31,"9":31,"10":31,"11":31,"12":31,"13":31,"14":15,"15":1,"16":14,"17":14,"18":6,"19":6,"20":1,"21":5,"22":1,"23":4,"24":4,"25":1,"26":1,"27":0,"28":0,"29":0,"30":0,"31":3,"32":1,"33":1,"34":1,"35":2,"36":7,"37":1,"38":6,"39":0,"40":6,"41":6,"42":6,"43":6,"44":2,"45":4,"46":11,"47":10,"48":14,"49":14,"50":14},"f":{"0":31,"1":15,"2":6,"3":6,"4":7,"5":11,"6":14},"b":{"0":[1,14],"1":[1,5],"2":[6,2],"3":[1,4],"4":[5,4],"5":[1,3],"6":[1,0],"7":[0,0],"8":[0,0],"9":[0,0],"10":[0,0],"11":[1,2],"12":[3,2],"13":[1,0],"14":[1,1],"15":[1,0],"16":[1,6],"17":[0,6],"18":[6,6],"19":[2,4],"20":[2,2],"21":[4,2],"22":[3,8],"23":[11,11],"24":[1,10],"25":[11,11],"26":[0,11],"27":[11,11],"28":[0,11],"29":[11,11],"30":[1,10],"31":[11,11],"32":[5,6],"33":[11,11],"34":[5,6],"35":[5,6],"36":[3,8],"37":[11,11]}}
,"/home/x/Desktop/games-arabic-main/src/domain/entities/notification.ts": {"path":"/home/x/Desktop/games-arabic-main/src/domain/entities/notification.ts","statementMap":{"0":{"start":{"line":36,"column":13},"end":{"line":36,"column":23}},"1":{"start":{"line":37,"column":13},"end":{"line":37,"column":27}},"2":{"start":{"line":38,"column":13},"end":{"line":38,"column":35}},"3":{"start":{"line":39,"column":13},"end":{"line":39,"column":35}},"4":{"start":{"line":40,"column":13},"end":{"line":40,"column":26}},"5":{"start":{"line":41,"column":13},"end":{"line":41,"column":28}},"6":{"start":{"line":42,"column":13},"end":{"line":42,"column":49}},"7":{"start":{"line":43,"column":13},"end":{"line":43,"column":28}},"8":{"start":{"line":44,"column":13},"end":{"line":44,"column":32}},"9":{"start":{"line":45,"column":13},"end":{"line":45,"column":28}},"10":{"start":{"line":46,"column":13},"end":{"line":46,"column":28}},"11":{"start":{"line":54,"column":4},"end":{"line":54,"column":null}},"12":{"start":{"line":54,"column":23},"end":{"line":54,"column":null}},"13":{"start":{"line":55,"column":4},"end":{"line":55,"column":null}},"14":{"start":{"line":55,"column":21},"end":{"line":55,"column":null}},"15":{"start":{"line":56,"column":4},"end":{"line":56,"column":null}},"16":{"start":{"line":56,"column":30},"end":{"line":56,"column":null}},"17":{"start":{"line":57,"column":4},"end":{"line":57,"column":null}},"18":{"start":{"line":57,"column":32},"end":{"line":57,"column":null}},"19":{"start":{"line":59,"column":16},"end":{"line":59,"column":26}},"20":{"start":{"line":60,"column":4},"end":{"line":72,"column":null}},"21":{"start":{"line":80,"column":4},"end":{"line":92,"column":null}},"22":{"start":{"line":97,"column":16},"end":{"line":97,"column":26}},"23":{"start":{"line":98,"column":4},"end":{"line":110,"column":null}},"24":{"start":{"line":115,"column":4},"end":{"line":115,"column":null}},"25":{"start":{"line":115,"column":26},"end":{"line":115,"column":null}},"26":{"start":{"line":117,"column":4},"end":{"line":129,"column":null}},"27":{"start":{"line":134,"column":4},"end":{"line":134,"column":null}},"28":{"start":{"line":139,"column":4},"end":{"line":139,"column":null}},"29":{"start":{"line":34,"column":0},"end":{"line":34,"column":13}},"30":{"start":{"line":145,"column":20},"end":{"line":145,"column":43}},"31":{"start":{"line":146,"column":17},"end":{"line":146,"column":60}},"32":{"start":{"line":147,"column":2},"end":{"line":147,"column":null}}},"fnMap":{"0":{"name":"(anonymous_0)","decl":{"start":{"line":35,"column":2},"end":{"line":35,"column":null}},"loc":{"start":{"line":46,"column":28},"end":{"line":47,"column":6}}},"1":{"name":"(anonymous_1)","decl":{"start":{"line":53,"column":2},"end":{"line":53,"column":8}},"loc":{"start":{"line":53,"column":46},"end":{"line":73,"column":3}}},"2":{"name":"(anonymous_2)","decl":{"start":{"line":79,"column":2},"end":{"line":79,"column":8}},"loc":{"start":{"line":79,"column":56},"end":{"line":93,"column":3}}},"3":{"name":"(anonymous_3)","decl":{"start":{"line":96,"column":2},"end":{"line":96,"column":12}},"loc":{"start":{"line":96,"column":12},"end":{"line":111,"column":3}}},"4":{"name":"(anonymous_4)","decl":{"start":{"line":114,"column":2},"end":{"line":114,"column":15}},"loc":{"start":{"line":114,"column":31},"end":{"line":130,"column":3}}},"5":{"name":"(anonymous_5)","decl":{"start":{"line":133,"column":2},"end":{"line":133,"column":11}},"loc":{"start":{"line":133,"column":26},"end":{"line":135,"column":3}}},"6":{"name":"(anonymous_6)","decl":{"start":{"line":138,"column":2},"end":{"line":138,"column":15}},"loc":{"start":{"line":138,"column":31},"end":{"line":140,"column":3}}},"7":{"name":"generateId","decl":{"start":{"line":144,"column":9},"end":{"line":144,"column":19}},"loc":{"start":{"line":144,"column":19},"end":{"line":148,"column":1}}}},"branchMap":{"0":{"loc":{"start":{"line":54,"column":4},"end":{"line":54,"column":null}},"type":"if","locations":[{"start":{"line":54,"column":4},"end":{"line":54,"column":null}},{"start":{},"end":{}}]},"1":{"loc":{"start":{"line":55,"column":4},"end":{"line":55,"column":null}},"type":"if","locations":[{"start":{"line":55,"column":4},"end":{"line":55,"column":null}},{"start":{},"end":{}}]},"2":{"loc":{"start":{"line":56,"column":4},"end":{"line":56,"column":null}},"type":"if","locations":[{"start":{"line":56,"column":4},"end":{"line":56,"column":null}},{"start":{},"end":{}}]},"3":{"loc":{"start":{"line":56,"column":9},"end":{"line":56,"column":28}},"type":"cond-expr","locations":[{"start":{"line":56,"column":20},"end":{"line":56,"column":22}},{"start":{"line":56,"column":20},"end":{"line":56,"column":28}}]},"4":{"loc":{"start":{"line":56,"column":9},"end":{"line":56,"column":22}},"type":"binary-expr","locations":[{"start":{"line":56,"column":9},"end":{"line":56,"column":22}},{"start":{"line":56,"column":20},"end":{"line":56,"column":22}}]},"5":{"loc":{"start":{"line":57,"column":4},"end":{"line":57,"column":null}},"type":"if","locations":[{"start":{"line":57,"column":4},"end":{"line":57,"column":null}},{"start":{},"end":{}}]},"6":{"loc":{"start":{"line":57,"column":9},"end":{"line":57,"column":30}},"type":"cond-expr","locations":[{"start":{"line":57,"column":22},"end":{"line":57,"column":24}},{"start":{"line":57,"column":22},"end":{"line":57,"column":30}}]},"7":{"loc":{"start":{"line":57,"column":9},"end":{"line":57,"column":24}},"type":"binary-expr","locations":[{"start":{"line":57,"column":9},"end":{"line":57,"column":24}},{"start":{"line":57,"column":22},"end":{"line":57,"column":24}}]},"8":{"loc":{"start":{"line":63,"column":6},"end":{"line":63,"column":27}},"type":"cond-expr","locations":[{"start":{"line":63,"column":19},"end":{"line":63,"column":23}},{"start":{"line":63,"column":23},"end":{"line":63,"column":27}}]},"9":{"loc":{"start":{"line":63,"column":6},"end":{"line":63,"column":23}},"type":"binary-expr","locations":[{"start":{"line":63,"column":6},"end":{"line":63,"column":23}},{"start":{"line":63,"column":19},"end":{"line":63,"column":23}}]},"10":{"loc":{"start":{"line":67,"column":6},"end":{"line":67,"column":24}},"type":"cond-expr","locations":[{"start":{"line":67,"column":16},"end":{"line":67,"column":20}},{"start":{"line":67,"column":20},"end":{"line":67,"column":24}}]},"11":{"loc":{"start":{"line":67,"column":6},"end":{"line":67,"column":20}},"type":"binary-expr","locations":[{"start":{"line":67,"column":6},"end":{"line":67,"column":20}},{"start":{"line":67,"column":16},"end":{"line":67,"column":20}}]},"12":{"loc":{"start":{"line":115,"column":4},"end":{"line":115,"column":null}},"type":"if","locations":[{"start":{"line":115,"column":4},"end":{"line":115,"column":null}},{"start":{},"end":{}}]},"13":{"loc":{"start":{"line":115,"column":9},"end":{"line":115,"column":24}},"type":"cond-expr","locations":[{"start":{"line":115,"column":16},"end":{"line":115,"column":18}},{"start":{"line":115,"column":9},"end":{"line":115,"column":24}}]},"14":{"loc":{"start":{"line":115,"column":9},"end":{"line":115,"column":18}},"type":"binary-expr","locations":[{"start":{"line":115,"column":9},"end":{"line":115,"column":18}},{"start":{"line":115,"column":9},"end":{"line":115,"column":18}}]}},"s":{"0":26,"1":26,"2":26,"3":26,"4":26,"5":26,"6":26,"7":26,"8":26,"9":26,"10":26,"11":28,"12":1,"13":27,"14":1,"15":26,"16":2,"17":24,"18":1,"19":23,"20":23,"21":1,"22":1,"23":1,"24":2,"25":1,"26":1,"27":2,"28":2,"29":10,"30":23,"31":23,"32":23},"f":{"0":26,"1":28,"2":1,"3":1,"4":2,"5":2,"6":2,"7":23},"b":{"0":[1,27],"1":[1,26],"2":[2,24],"3":[0,26],"4":[26,26],"5":[1,23],"6":[0,24],"7":[24,24],"8":[2,21],"9":[23,23],"10":[1,22],"11":[23,23],"12":[1,1],"13":[0,2],"14":[2,2]}}
,"/home/x/Desktop/games-arabic-main/src/domain/events/index.ts": {"path":"/home/x/Desktop/games-arabic-main/src/domain/events/index.ts","statementMap":{"0":{"start":{"line":2,"column":0},"end":{"line":2,"column":9}},"1":{"start":{"line":2,"column":9},"end":{"line":2,"column":71}},"2":{"start":{"line":4,"column":0},"end":{"line":4,"column":9}},"3":{"start":{"line":4,"column":9},"end":{"line":4,"column":75}},"4":{"start":{"line":6,"column":0},"end":{"line":6,"column":9}},"5":{"start":{"line":6,"column":9},"end":{"line":6,"column":69}}},"fnMap":{"0":{"name":"(anonymous_0)","decl":{"start":{"line":2,"column":9},"end":{"line":2,"column":39}},"loc":{"start":{"line":2,"column":9},"end":{"line":2,"column":71}}},"1":{"name":"(anonymous_1)","decl":{"start":{"line":4,"column":9},"end":{"line":4,"column":41}},"loc":{"start":{"line":4,"column":9},"end":{"line":4,"column":75}}},"2":{"name":"(anonymous_2)","decl":{"start":{"line":6,"column":9},"end":{"line":6,"column":38}},"loc":{"start":{"line":6,"column":9},"end":{"line":6,"column":69}}}},"branchMap":{},"s":{"0":9,"1":15,"2":9,"3":9,"4":9,"5":9},"f":{"0":6,"1":0,"2":0},"b":{}}
,"/home/x/Desktop/games-arabic-main/src/domain/events/notification-created.ts": {"path":"/home/x/Desktop/games-arabic-main/src/domain/events/notification-created.ts","statementMap":{"0":{"start":{"line":17,"column":0},"end":{"line":17,"column":16}},"1":{"start":{"line":24,"column":2},"end":{"line":32,"column":null}}},"fnMap":{"0":{"name":"createNotificationCreatedEvent","decl":{"start":{"line":17,"column":16},"end":{"line":17,"column":46}},"loc":{"start":{"line":23,"column":1},"end":{"line":33,"column":1}}}},"branchMap":{},"s":{"0":9,"1":6},"f":{"0":6},"b":{}}
,"/home/x/Desktop/games-arabic-main/src/domain/events/notification-delivered.ts": {"path":"/home/x/Desktop/games-arabic-main/src/domain/events/notification-delivered.ts","statementMap":{"0":{"start":{"line":15,"column":0},"end":{"line":15,"column":16}},"1":{"start":{"line":19,"column":2},"end":{"line":25,"column":null}}},"fnMap":{"0":{"name":"createNotificationDeliveredEvent","decl":{"start":{"line":15,"column":16},"end":{"line":15,"column":48}},"loc":{"start":{"line":18,"column":1},"end":{"line":26,"column":1}}}},"branchMap":{},"s":{"0":9,"1":0},"f":{"0":0},"b":{}}
,"/home/x/Desktop/games-arabic-main/src/domain/events/notification-failed.ts": {"path":"/home/x/Desktop/games-arabic-main/src/domain/events/notification-failed.ts","statementMap":{"0":{"start":{"line":17,"column":0},"end":{"line":17,"column":16}},"1":{"start":{"line":24,"column":2},"end":{"line":32,"column":null}}},"fnMap":{"0":{"name":"createNotificationFailedEvent","decl":{"start":{"line":17,"column":16},"end":{"line":17,"column":45}},"loc":{"start":{"line":23,"column":1},"end":{"line":33,"column":1}}}},"branchMap":{},"s":{"0":9,"1":0},"f":{"0":0},"b":{}}
,"/home/x/Desktop/games-arabic-main/src/domain/policies/deduplication-policy.ts": {"path":"/home/x/Desktop/games-arabic-main/src/domain/policies/deduplication-policy.ts","statementMap":{"0":{"start":{"line":7,"column":0},"end":{"line":7,"column":51}},"1":{"start":{"line":22,"column":13},"end":{"line":45,"column":null}},"2":{"start":{"line":49,"column":21},"end":{"line":49,"column":55}},"3":{"start":{"line":50,"column":21},"end":{"line":50,"column":51}},"4":{"start":{"line":58,"column":26},"end":{"line":58,"column":70}},"5":{"start":{"line":61,"column":4},"end":{"line":63,"column":5}},"6":{"start":{"line":62,"column":6},"end":{"line":62,"column":null}},"7":{"start":{"line":65,"column":21},"end":{"line":68,"column":null}},"8":{"start":{"line":71,"column":4},"end":{"line":77,"column":5}},"9":{"start":{"line":72,"column":6},"end":{"line":76,"column":null}},"10":{"start":{"line":79,"column":4},"end":{"line":79,"column":null}},"11":{"start":{"line":47,"column":0},"end":{"line":47,"column":13}}},"fnMap":{"0":{"name":"(anonymous_0)","decl":{"start":{"line":48,"column":2},"end":{"line":48,"column":null}},"loc":{"start":{"line":50,"column":79},"end":{"line":51,"column":6}}},"1":{"name":"(anonymous_1)","decl":{"start":{"line":57,"column":2},"end":{"line":57,"column":7}},"loc":{"start":{"line":57,"column":40},"end":{"line":80,"column":3}}}},"branchMap":{"0":{"loc":{"start":{"line":50,"column":21},"end":{"line":50,"column":79}},"type":"default-arg","locations":[{"start":{"line":50,"column":51},"end":{"line":50,"column":79}}]},"1":{"loc":{"start":{"line":61,"column":4},"end":{"line":63,"column":5}},"type":"if","locations":[{"start":{"line":61,"column":4},"end":{"line":63,"column":5}},{"start":{},"end":{}}]},"2":{"loc":{"start":{"line":71,"column":4},"end":{"line":77,"column":5}},"type":"if","locations":[{"start":{"line":71,"column":4},"end":{"line":77,"column":5}},{"start":{},"end":{}}]}},"s":{"0":9,"1":9,"2":0,"3":0,"4":0,"5":0,"6":0,"7":0,"8":0,"9":0,"10":0,"11":9},"f":{"0":0,"1":0},"b":{"0":[0],"1":[0,0],"2":[0,0]}}
,"/home/x/Desktop/games-arabic-main/src/domain/policies/delivery-policy.ts": {"path":"/home/x/Desktop/games-arabic-main/src/domain/policies/delivery-policy.ts","statementMap":{"0":{"start":{"line":25,"column":21},"end":{"line":25,"column":43}},"1":{"start":{"line":26,"column":21},"end":{"line":26,"column":42}},"2":{"start":{"line":27,"column":21},"end":{"line":27,"column":40}},"3":{"start":{"line":31,"column":4},"end":{"line":31,"column":null}},"4":{"start":{"line":35,"column":29},"end":{"line":35,"column":68}},"5":{"start":{"line":36,"column":19},"end":{"line":36,"column":48}},"6":{"start":{"line":37,"column":4},"end":{"line":37,"column":null}},"7":{"start":{"line":42,"column":4},"end":{"line":42,"column":null}},"8":{"start":{"line":23,"column":0},"end":{"line":23,"column":13}}},"fnMap":{"0":{"name":"(anonymous_0)","decl":{"start":{"line":24,"column":2},"end":{"line":24,"column":null}},"loc":{"start":{"line":27,"column":44},"end":{"line":28,"column":6}}},"1":{"name":"(anonymous_1)","decl":{"start":{"line":30,"column":2},"end":{"line":30,"column":13}},"loc":{"start":{"line":30,"column":34},"end":{"line":32,"column":3}}},"2":{"name":"(anonymous_2)","decl":{"start":{"line":34,"column":2},"end":{"line":34,"column":21}},"loc":{"start":{"line":34,"column":37},"end":{"line":38,"column":3}}},"3":{"name":"(anonymous_3)","decl":{"start":{"line":40,"column":2},"end":{"line":40,"column":15}},"loc":{"start":{"line":40,"column":32},"end":{"line":43,"column":3}}}},"branchMap":{"0":{"loc":{"start":{"line":25,"column":21},"end":{"line":25,"column":47}},"type":"default-arg","locations":[{"start":{"line":25,"column":43},"end":{"line":25,"column":47}}]},"1":{"loc":{"start":{"line":26,"column":21},"end":{"line":26,"column":49}},"type":"default-arg","locations":[{"start":{"line":26,"column":42},"end":{"line":26,"column":49}}]},"2":{"loc":{"start":{"line":27,"column":21},"end":{"line":27,"column":44}},"type":"default-arg","locations":[{"start":{"line":27,"column":40},"end":{"line":27,"column":44}}]}},"s":{"0":1,"1":1,"2":1,"3":2,"4":4,"5":4,"6":4,"7":1,"8":10},"f":{"0":1,"1":2,"2":4,"3":1},"b":{"0":[0],"1":[0],"2":[0]}}
,"/home/x/Desktop/games-arabic-main/src/domain/policies/index.ts": {"path":"/home/x/Desktop/games-arabic-main/src/domain/policies/index.ts","statementMap":{"0":{"start":{"line":1,"column":0},"end":{"line":1,"column":9}},"1":{"start":{"line":1,"column":9},"end":{"line":1,"column":30}},"2":{"start":{"line":1,"column":30},"end":{"line":1,"column":90}},"3":{"start":{"line":3,"column":0},"end":{"line":3,"column":9}},"4":{"start":{"line":3,"column":9},"end":{"line":3,"column":54}},"5":{"start":{"line":4,"column":0},"end":{"line":4,"column":9}},"6":{"start":{"line":4,"column":9},"end":{"line":4,"column":68}}},"fnMap":{"0":{"name":"(anonymous_0)","decl":{"start":{"line":1,"column":9},"end":{"line":1,"column":28}},"loc":{"start":{"line":1,"column":9},"end":{"line":1,"column":30}}},"1":{"name":"(anonymous_1)","decl":{"start":{"line":1,"column":30},"end":{"line":1,"column":58}},"loc":{"start":{"line":1,"column":30},"end":{"line":1,"column":90}}},"2":{"name":"(anonymous_2)","decl":{"start":{"line":3,"column":9},"end":{"line":3,"column":25}},"loc":{"start":{"line":3,"column":9},"end":{"line":3,"column":54}}},"3":{"name":"(anonymous_3)","decl":{"start":{"line":4,"column":9},"end":{"line":4,"column":41}},"loc":{"start":{"line":4,"column":9},"end":{"line":4,"column":68}}}},"branchMap":{},"s":{"0":9,"1":9,"2":9,"3":9,"4":9,"5":9,"6":9},"f":{"0":0,"1":0,"2":0,"3":0},"b":{}}
,"/home/x/Desktop/games-arabic-main/src/domain/policies/preference-policy.ts": {"path":"/home/x/Desktop/games-arabic-main/src/domain/policies/preference-policy.ts","statementMap":{"0":{"start":{"line":10,"column":31},"end":{"line":10,"column":73}},"1":{"start":{"line":20,"column":23},"end":{"line":20,"column":75}},"2":{"start":{"line":23,"column":4},"end":{"line":23,"column":null}},"3":{"start":{"line":23,"column":21},"end":{"line":23,"column":null}},"4":{"start":{"line":25,"column":4},"end":{"line":25,"column":null}},"5":{"start":{"line":33,"column":23},"end":{"line":33,"column":75}},"6":{"start":{"line":35,"column":4},"end":{"line":35,"column":null}},"7":{"start":{"line":35,"column":21},"end":{"line":35,"column":null}},"8":{"start":{"line":36,"column":4},"end":{"line":36,"column":null}},"9":{"start":{"line":36,"column":39},"end":{"line":36,"column":null}},"10":{"start":{"line":38,"column":4},"end":{"line":38,"column":null}},"11":{"start":{"line":9,"column":0},"end":{"line":9,"column":13}}},"fnMap":{"0":{"name":"(anonymous_0)","decl":{"start":{"line":10,"column":2},"end":{"line":10,"column":31}},"loc":{"start":{"line":10,"column":73},"end":{"line":10,"column":77}}},"1":{"name":"(anonymous_1)","decl":{"start":{"line":15,"column":2},"end":{"line":15,"column":7}},"loc":{"start":{"line":18,"column":32},"end":{"line":26,"column":3}}},"2":{"name":"(anonymous_2)","decl":{"start":{"line":32,"column":2},"end":{"line":32,"column":7}},"loc":{"start":{"line":32,"column":54},"end":{"line":39,"column":3}}}},"branchMap":{"0":{"loc":{"start":{"line":23,"column":4},"end":{"line":23,"column":null}},"type":"if","locations":[{"start":{"line":23,"column":4},"end":{"line":23,"column":null}},{"start":{},"end":{}}]},"1":{"loc":{"start":{"line":35,"column":4},"end":{"line":35,"column":null}},"type":"if","locations":[{"start":{"line":35,"column":4},"end":{"line":35,"column":null}},{"start":{},"end":{}}]},"2":{"loc":{"start":{"line":36,"column":4},"end":{"line":36,"column":null}},"type":"if","locations":[{"start":{"line":36,"column":4},"end":{"line":36,"column":null}},{"start":{},"end":{}}]}},"s":{"0":0,"1":0,"2":0,"3":0,"4":0,"5":0,"6":0,"7":0,"8":0,"9":0,"10":0,"11":9},"f":{"0":0,"1":0,"2":0},"b":{"0":[0,0],"1":[0,0],"2":[0,0]}}
[...]
,"/home/x/Desktop/games-arabic-main/src/infrastructure/resilience/retry-policy.ts": {"path":"/home/x/Desktop/games-arabic-main/src/infrastructure/resilience/retry-policy.ts","statementMap":{"0":{"start":{"line":15,"column":31},"end":{"line":15,"column":52}},"1":{"start":{"line":18,"column":29},"end":{"line":18,"column":76}},"2":{"start":{"line":19,"column":19},"end":{"line":19,"column":56}},"3":{"start":{"line":20,"column":4},"end":{"line":20,"column":null}},"4":{"start":{"line":24,"column":4},"end":{"line":24,"column":null}},"5":{"start":{"line":24,"column":45},"end":{"line":24,"column":null}},"6":{"start":{"line":25,"column":4},"end":{"line":25,"column":null}},"7":{"start":{"line":25,"column":34},"end":{"line":25,"column":null}},"8":{"start":{"line":26,"column":4},"end":{"line":26,"column":null}},"9":{"start":{"line":32,"column":4},"end":{"line":45,"column":5}},"10":{"start":{"line":32,"column":23},"end":{"line":32,"column":24}},"11":{"start":{"line":33,"column":6},"end":{"line":44,"column":7}},"12":{"start":{"line":34,"column":8},"end":{"line":34,"column":null}},"13":{"start":{"line":36,"column":8},"end":{"line":36,"column":null}},"14":{"start":{"line":38,"column":8},"end":{"line":40,"column":9}},"15":{"start":{"line":39,"column":10},"end":{"line":39,"column":null}},"16":{"start":{"line":42,"column":22},"end":{"line":42,"column":50}},"17":{"start":{"line":43,"column":8},"end":{"line":43,"column":null}},"18":{"start":{"line":47,"column":4},"end":{"line":47,"column":null}},"19":{"start":{"line":51,"column":4},"end":{"line":51,"column":null}},"20":{"start":{"line":51,"column":34},"end":{"line":51,"column":57}},"21":{"start":{"line":14,"column":0},"end":{"line":14,"column":13}}},"fnMap":{"0":{"name":"(anonymous_0)","decl":{"start":{"line":15,"column":2},"end":{"line":15,"column":31}},"loc":{"start":{"line":15,"column":52},"end":{"line":15,"column":56}}},"1":{"name":"(anonymous_1)","decl":{"start":{"line":17,"column":2},"end":{"line":17,"column":16}},"loc":{"start":{"line":17,"column":32},"end":{"line":21,"column":3}}},"2":{"name":"(anonymous_2)","decl":{"start":{"line":23,"column":2},"end":{"line":23,"column":13}},"loc":{"start":{"line":23,"column":45},"end":{"line":27,"column":3}}},"3":{"name":"(anonymous_3)","decl":{"start":{"line":29,"column":2},"end":{"line":29,"column":7}},"loc":{"start":{"line":29,"column":46},"end":{"line":48,"column":3}}},"4":{"name":"(anonymous_4)","decl":{"start":{"line":50,"column":10},"end":{"line":50,"column":15}},"loc":{"start":{"line":50,"column":26},"end":{"line":52,"column":3}}},"5":{"name":"(anonymous_5)","decl":{"start":{"line":51,"column":23},"end":{"line":51,"column":30}},"loc":{"start":{"line":51,"column":34},"end":{"line":51,"column":57}}}},"branchMap":{"0":{"loc":{"start":{"line":24,"column":4},"end":{"line":24,"column":null}},"type":"if","locations":[{"start":{"line":24,"column":4},"end":{"line":24,"column":null}},{"start":{},"end":{}}]},"1":{"loc":{"start":{"line":25,"column":4},"end":{"line":25,"column":null}},"type":"if","locations":[{"start":{"line":25,"column":4},"end":{"line":25,"column":null}},{"start":{},"end":{}}]},"2":{"loc":{"start":{"line":38,"column":8},"end":{"line":40,"column":9}},"type":"if","locations":[{"start":{"line":38,"column":8},"end":{"line":40,"column":9}},{"start":{},"end":{}}]}},"s":{"0":14,"1":8,"2":8,"3":8,"4":15,"5":9,"6":6,"7":2,"8":4,"9":11,"10":11,"11":14,"12":14,"13":11,"14":11,"15":8,"16":3,"17":3,"18":0,"19":3,"20":3,"21":2},"f":{"0":14,"1":8,"2":15,"3":11,"4":3,"5":3},"b":{"0":[9,6],"1":[2,4],"2":[8,3]}}
,"/home/x/Desktop/games-arabic-main/src/infrastructure/templates/email-base.ts": {"path":"/home/x/Desktop/games-arabic-main/src/infrastructure/templates/email-base.ts","statementMap":{"0":{"start":{"line":18,"column":0},"end":{"line":18,"column":16}},"1":{"start":{"line":19,"column":2},"end":{"line":68,"column":null}},"2":{"start":{"line":73,"column":2},"end":{"line":78,"column":null}},"3":{"start":{"line":83,"column":18},"end":{"line":83,"column":42}},"4":{"start":{"line":84,"column":2},"end":{"line":86,"column":3}},"5":{"start":{"line":85,"column":4},"end":{"line":85,"column":null}},"6":{"start":{"line":87,"column":2},"end":{"line":87,"column":null}}},"fnMap":{"0":{"name":"generateEmailWrapper","decl":{"start":{"line":18,"column":16},"end":{"line":18,"column":36}},"loc":{"start":{"line":18,"column":60},"end":{"line":69,"column":1}}},"1":{"name":"escapeHtml","decl":{"start":{"line":72,"column":9},"end":{"line":72,"column":19}},"loc":{"start":{"line":72,"column":31},"end":{"line":79,"column":1}}},"2":{"name":"sanitizeUrl","decl":{"start":{"line":82,"column":9},"end":{"line":82,"column":20}},"loc":{"start":{"line":82,"column":32},"end":{"line":88,"column":1}}}},"branchMap":{"0":{"loc":{"start":{"line":45,"column":12},"end":{"line":53,"column":16}},"type":"cond-expr","locations":[{"start":{"line":45,"column":29},"end":{"line":53,"column":12}},{"start":{"line":53,"column":14},"end":{"line":53,"column":16}}]},"1":{"loc":{"start":{"line":49,"column":29},"end":{"line":49,"column":63}},"type":"cond-expr","locations":[{"start":{"line":49,"column":45},"end":{"line":49,"column":49}},{"start":{"line":49,"column":49},"end":{"line":49,"column":63}}]},"2":{"loc":{"start":{"line":49,"column":29},"end":{"line":49,"column":49}},"type":"binary-expr","locations":[{"start":{"line":49,"column":29},"end":{"line":49,"column":49}},{"start":{"line":49,"column":45},"end":{"line":49,"column":49}}]},"3":{"loc":{"start":{"line":84,"column":2},"end":{"line":86,"column":3}},"type":"if","locations":[{"start":{"line":84,"column":2},"end":{"line":86,"column":3}},{"start":{},"end":{}}]}},"s":{"0":4,"1":16,"2":23,"3":4,"4":4,"5":1,"6":3},"f":{"0":16,"1":23,"2":4},"b":{"0":[4,12],"1":[2,2],"2":[4,4],"3":[1,3]}}
,"/home/x/Desktop/games-arabic-main/src/lib/api-response.ts": {"path":"/home/x/Desktop/games-arabic-main/src/lib/api-response.ts","statementMap":{"0":{"start":{"line":41,"column":0},"end":{"line":41,"column":16}},"1":{"start":{"line":46,"column":0},"end":{"line":46,"column":16}},"2":{"start":{"line":55,"column":0},"end":{"line":55,"column":16}},"3":{"start":{"line":67,"column":0},"end":{"line":67,"column":16}},"4":{"start":{"line":12,"column":0},"end":{"line":12,"column":42}},"5":{"start":{"line":42,"column":2},"end":{"line":42,"column":null}},"6":{"start":{"line":51,"column":2},"end":{"line":51,"column":null}},"7":{"start":{"line":61,"column":2},"end":{"line":61,"column":null}},"8":{"start":{"line":73,"column":2},"end":{"line":76,"column":null}},"9":{"start":{"line":80,"column":24},"end":{"line":80,"column":83}},"10":{"start":{"line":80,"column":56},"end":{"line":80,"column":83}},"11":{"start":{"line":80,"column":13},"end":{"line":80,"column":24}},"12":{"start":{"line":83,"column":28},"end":{"line":83,"column":84}},"13":{"start":{"line":83,"column":54},"end":{"line":83,"column":84}},"14":{"start":{"line":83,"column":13},"end":{"line":83,"column":28}},"15":{"start":{"line":86,"column":25},"end":{"line":86,"column":75}},"16":{"start":{"line":86,"column":48},"end":{"line":86,"column":75}},"17":{"start":{"line":86,"column":13},"end":{"line":86,"column":25}},"18":{"start":{"line":89,"column":30},"end":{"line":89,"column":108}},"19":{"start":{"line":89,"column":53},"end":{"line":89,"column":108}},"20":{"start":{"line":89,"column":13},"end":{"line":89,"column":30}},"21":{"start":{"line":92,"column":27},"end":{"line":92,"column":79}},"22":{"start":{"line":92,"column":33},"end":{"line":92,"column":79}},"23":{"start":{"line":92,"column":13},"end":{"line":92,"column":27}},"24":{"start":{"line":95,"column":24},"end":{"line":95,"column":87}},"25":{"start":{"line":95,"column":61},"end":{"line":95,"column":87}},"26":{"start":{"line":95,"column":13},"end":{"line":95,"column":24}},"27":{"start":{"line":98,"column":29},"end":{"line":98,"column":96}},"28":{"start":{"line":98,"column":64},"end":{"line":98,"column":96}},"29":{"start":{"line":98,"column":13},"end":{"line":98,"column":29}}},"fnMap":{"0":{"name":"ok","decl":{"start":{"line":41,"column":16},"end":{"line":41,"column":18}},"loc":{"start":{"line":41,"column":50},"end":{"line":43,"column":1}}},"1":{"name":"okPaginated","decl":{"start":{"line":46,"column":16},"end":{"line":46,"column":27}},"loc":{"start":{"line":49,"column":21},"end":{"line":52,"column":1}}},"2":{"name":"okPaginatedWithMeta","decl":{"start":{"line":55,"column":16},"end":{"line":55,"column":35}},"loc":{"start":{"line":59,"column":21},"end":{"line":62,"column":1}}},"3":{"name":"fail","decl":{"start":{"line":67,"column":16},"end":{"line":67,"column":20}},"loc":{"start":{"line":71,"column":19},"end":{"line":77,"column":1}}},"4":{"name":"(anonymous_4)","decl":{"start":{"line":80,"column":24},"end":{"line":80,"column":25}},"loc":{"start":{"line":80,"column":56},"end":{"line":80,"column":83}}},"5":{"name":"(anonymous_5)","decl":{"start":{"line":83,"column":28},"end":{"line":83,"column":29}},"loc":{"start":{"line":83,"column":54},"end":{"line":83,"column":84}}},"6":{"name":"(anonymous_6)","decl":{"start":{"line":86,"column":25},"end":{"line":86,"column":26}},"loc":{"start":{"line":86,"column":48},"end":{"line":86,"column":75}}},"7":{"name":"(anonymous_7)","decl":{"start":{"line":89,"column":30},"end":{"line":89,"column":31}},"loc":{"start":{"line":89,"column":53},"end":{"line":89,"column":108}}},"8":{"name":"(anonymous_8)","decl":{"start":{"line":92,"column":27},"end":{"line":92,"column":30}},"loc":{"start":{"line":92,"column":33},"end":{"line":92,"column":79}}},"9":{"name":"(anonymous_9)","decl":{"start":{"line":95,"column":24},"end":{"line":95,"column":25}},"loc":{"start":{"line":95,"column":61},"end":{"line":95,"column":87}}},"10":{"name":"(anonymous_10)","decl":{"start":{"line":98,"column":29},"end":{"line":98,"column":30}},"loc":{"start":{"line":98,"column":64},"end":{"line":98,"column":96}}}},"branchMap":{"0":{"loc":{"start":{"line":80,"column":25},"end":{"line":80,"column":51}},"type":"default-arg","locations":[{"start":{"line":80,"column":31},"end":{"line":80,"column":51}}]},"1":{"loc":{"start":{"line":83,"column":29},"end":{"line":83,"column":49}},"type":"default-arg","locations":[{"start":{"line":83,"column":35},"end":{"line":83,"column":49}}]},"2":{"loc":{"start":{"line":86,"column":26},"end":{"line":86,"column":43}},"type":"default-arg","locations":[{"start":{"line":86,"column":32},"end":{"line":86,"column":43}}]},"3":{"loc":{"start":{"line":95,"column":25},"end":{"line":95,"column":56}},"type":"default-arg","locations":[{"start":{"line":95,"column":31},"end":{"line":95,"column":56}}]},"4":{"loc":{"start":{"line":98,"column":30},"end":{"line":98,"column":59}},"type":"default-arg","locations":[{"start":{"line":98,"column":36},"end":{"line":98,"column":59}}]}},"s":{"0":2,"1":2,"2":2,"3":2,"4":2,"5":12,"6":3,"7":0,"8":17,"9":2,"10":3,"11":2,"12":2,"13":2,"14":2,"15":2,"16":0,"17":2,"18":2,"19":12,"20":2,"21":2,"22":0,"23":2,"24":2,"25":0,"26":2,"27":2,"28":0,"29":2},"f":{"0":12,"1":3,"2":0,"3":17,"4":3,"5":2,"6":0,"7":12,"8":0,"9":0,"10":0},"b":{"0":[0],"1":[2],"2":[0],"3":[0],"4":[0]}}
,"/home/x/Desktop/games-arabic-main/src/lib/constants.ts": {"path":"/home/x/Desktop/games-arabic-main/src/lib/constants.ts","statementMap":{"0":{"start":{"line":62,"column":0},"end":{"line":62,"column":16}},"1":{"start":{"line":87,"column":0},"end":{"line":87,"column":16}},"2":{"start":{"line":10,"column":13},"end":{"line":18,"column":null}},"3":{"start":{"line":21,"column":13},"end":{"line":21,"column":null}},"4":{"start":{"line":21,"column":50},"end":{"line":21,"column":55}},"5":{"start":{"line":24,"column":13},"end":{"line":26,"column":null}},"6":{"start":{"line":25,"column":23},"end":{"line":25,"column":45}},"7":{"start":{"line":29,"column":13},"end":{"line":31,"column":null}},"8":{"start":{"line":30,"column":23},"end":{"line":30,"column":39}},"9":{"start":{"line":39,"column":13},"end":{"line":59,"column":null}},"10":{"start":{"line":63,"column":2},"end":{"line":63,"column":null}},"11":{"start":{"line":67,"column":13},"end":{"line":67,"column":null}},"12":{"start":{"line":69,"column":13},"end":{"line":73,"column":null}},"13":{"start":{"line":76,"column":13},"end":{"line":85,"column":null}},"14":{"start":{"line":88,"column":2},"end":{"line":95,"column":3}},"15":{"start":{"line":89,"column":21},"end":{"line":89,"column":42}},"16":{"start":{"line":90,"column":4},"end":{"line":92,"column":null}},"17":{"start":{"line":91,"column":13},"end":{"line":91,"column":57}},"18":{"start":{"line":94,"column":4},"end":{"line":94,"column":null}},"19":{"start":{"line":99,"column":13},"end":{"line":130,"column":null}}},"fnMap":{"0":{"name":"(anonymous_0)","decl":{"start":{"line":21,"column":43},"end":{"line":21,"column":44}},"loc":{"start":{"line":21,"column":50},"end":{"line":21,"column":55}}},"1":{"name":"(anonymous_1)","decl":{"start":{"line":25,"column":16},"end":{"line":25,"column":17}},"loc":{"start":{"line":25,"column":23},"end":{"line":25,"column":45}}},"2":{"name":"(anonymous_2)","decl":{"start":{"line":30,"column":16},"end":{"line":30,"column":17}},"loc":{"start":{"line":30,"column":23},"end":{"line":30,"column":39}}},"3":{"name":"translateGameName","decl":{"start":{"line":62,"column":16},"end":{"line":62,"column":33}},"loc":{"start":{"line":62,"column":46},"end":{"line":64,"column":1}}},"4":{"name":"isAllowedDownloadUrl","decl":{"start":{"line":87,"column":16},"end":{"line":87,"column":36}},"loc":{"start":{"line":87,"column":48},"end":{"line":96,"column":1}}},"5":{"name":"(anonymous_5)","decl":{"start":{"line":91,"column":6},"end":{"line":91,"column":7}},"loc":{"start":{"line":91,"column":13},"end":{"line":91,"column":57}}}},"branchMap":{"0":{"loc":{"start":{"line":63,"column":9},"end":{"line":63,"column":40}},"type":"binary-expr","locations":[{"start":{"line":63,"column":9},"end":{"line":63,"column":32}},{"start":{"line":63,"column":36},"end":{"line":63,"column":40}}]},"1":{"loc":{"start":{"line":91,"column":13},"end":{"line":91,"column":57}},"type":"binary-expr","locations":[{"start":{"line":91,"column":13},"end":{"line":91,"column":27}},{"start":{"line":91,"column":31},"end":{"line":91,"column":57}}]}},"s":{"0":3,"1":3,"2":3,"3":3,"4":21,"5":3,"6":21,"7":3,"8":21,"9":3,"10":0,"11":3,"12":3,"13":3,"14":0,"15":0,"16":0,"17":0,"18":0,"19":3},"f":{"0":21,"1":21,"2":21,"3":0,"4":0,"5":0},"b":{"0":[0,0],"1":[0,0]}}
,"/home/x/Desktop/games-arabic-main/src/lib/schemas.ts": {"path":"/home/x/Desktop/games-arabic-main/src/lib/schemas.ts","statementMap":{"0":{"start":{"line":10,"column":0},"end":{"line":10,"column":23}},"1":{"start":{"line":11,"column":0},"end":{"line":11,"column":54}},"2":{"start":{"line":15,"column":13},"end":{"line":18,"column":null}},"3":{"start":{"line":20,"column":13},"end":{"line":20,"column":null}},"4":{"start":{"line":21,"column":13},"end":{"line":21,"column":null}},"5":{"start":{"line":25,"column":13},"end":{"line":28,"column":null}},"6":{"start":{"line":30,"column":13},"end":{"line":33,"column":null}},"7":{"start":{"line":37,"column":13},"end":{"line":118,"column":null}},"8":{"start":{"line":76,"column":17},"end":{"line":76,"column":42}},"9":{"start":{"line":120,"column":13},"end":{"line":120,"column":null}},"10":{"start":{"line":124,"column":13},"end":{"line":139,"column":null}},"11":{"start":{"line":141,"column":13},"end":{"line":145,"column":null}},"12":{"start":{"line":149,"column":13},"end":{"line":153,"column":null}},"13":{"start":{"line":155,"column":13},"end":{"line":157,"column":null}},"14":{"start":{"line":161,"column":13},"end":{"line":163,"column":null}},"15":{"start":{"line":167,"column":13},"end":{"line":174,"column":null}},"16":{"start":{"line":178,"column":13},"end":{"line":199,"column":null}},"17":{"start":{"line":201,"column":13},"end":{"line":201,"column":null}},"18":{"start":{"line":203,"column":13},"end":{"line":210,"column":null}},"19":{"start":{"line":212,"column":13},"end":{"line":212,"column":null}},"20":{"start":{"line":216,"column":13},"end":{"line":237,"column":null}},"21":{"start":{"line":231,"column":2},"end":{"line":233,"column":3}},"22":{"start":{"line":232,"column":4},"end":{"line":232,"column":null}},"23":{"start":{"line":234,"column":2},"end":{"line":234,"column":null}},"24":{"start":{"line":241,"column":13},"end":{"line":253,"column":null}},"25":{"start":{"line":255,"column":13},"end":{"line":255,"column":null}},"26":{"start":{"line":259,"column":13},"end":{"line":269,"column":null}},"27":{"start":{"line":271,"column":13},"end":{"line":271,"column":null}},"28":{"start":{"line":275,"column":13},"end":{"line":285,"column":null}},"29":{"start":{"line":287,"column":13},"end":{"line":287,"column":null}},"30":{"start":{"line":291,"column":13},"end":{"line":304,"column":null}},"31":{"start":{"line":306,"column":13},"end":{"line":306,"column":null}},"32":{"start":{"line":310,"column":13},"end":{"line":319,"column":null}},"33":{"start":{"line":321,"column":13},"end":{"line":321,"column":null}},"34":{"start":{"line":325,"column":13},"end":{"line":329,"column":null}},"35":{"start":{"line":333,"column":13},"end":{"line":336,"column":null}},"36":{"start":{"line":340,"column":13},"end":{"line":351,"column":null}}},"fnMap":{"0":{"name":"(anonymous_0)","decl":{"start":{"line":76,"column":8},"end":{"line":76,"column":9}},"loc":{"start":{"line":76,"column":17},"end":{"line":76,"column":42}}},"1":{"name":"(anonymous_1)","decl":{"start":{"line":230,"column":10},"end":{"line":230,"column":14}},"loc":{"start":{"line":230,"column":17},"end":{"line":235,"column":1}}}},"branchMap":{"0":{"loc":{"start":{"line":231,"column":2},"end":{"line":233,"column":3}},"type":"if","locations":[{"start":{"line":231,"column":2},"end":{"line":233,"column":3}},{"start":{},"end":{}}]},"1":{"loc":{"start":{"line":232,"column":11},"end":{"line":232,"column":69}},"type":"binary-expr","locations":[{"start":{"line":232,"column":11},"end":{"line":232,"column":39}},{"start":{"line":232,"column":43},"end":{"line":232,"column":69}}]}},"s":{"0":3,"1":3,"2":3,"3":3,"4":3,"5":3,"6":3,"7":3,"8":0,"9":3,"10":3,"11":3,"12":3,"13":3,"14":3,"15":3,"16":3,"17":3,"18":3,"19":3,"20":3,"21":35,"22":14,"23":21,"24":3,"25":3,"26":3,"27":3,"28":3,"29":3,"30":3,"31":3,"32":3,"33":3,"34":3,"35":3,"36":3},"f":{"0":0,"1":35},"b":{"0":[14,21],"1":[14,14]}}
}
