TN:
SF:src/app/api/comments/[id]/route.ts
FN:19,PATCH
FN:62,DELETE
FNF:2
FNH:2
FNDA:4,PATCH
FNDA:2,DELETE
DA:2,1
DA:10,1
DA:11,1
DA:12,1
DA:19,1
DA:20,4
DA:21,4
DA:22,4
DA:23,0
DA:26,4
DA:27,4
DA:32,4
DA:33,0
DA:36,4
DA:37,1
DA:40,3
DA:41,3
DA:42,3
DA:43,0
DA:46,3
DA:48,3
DA:54,3
DA:56,0
DA:57,0
DA:62,1
DA:63,2
DA:64,2
DA:65,2
DA:66,0
DA:69,2
DA:70,2
DA:75,2
DA:76,0
DA:79,2
DA:80,2
DA:82,2
DA:83,1
DA:87,1
DA:91,1
DA:92,1
DA:93,4
DA:94,3
DA:95,3
DA:96,3
DA:99,1
DA:100,1
DA:101,1
DA:102,4
DA:103,4
DA:104,4
DA:105,3
DA:106,3
DA:109,1
DA:110,1
DA:112,1
DA:120,1
DA:122,0
DA:123,0
LF:58
LH:49
BRDA:22,0,0,0
BRDA:22,0,1,4
BRDA:32,1,0,0
BRDA:32,1,1,4
BRDA:36,2,0,1
BRDA:36,2,1,3
BRDA:42,3,0,0
BRDA:42,3,1,3
BRDA:65,4,0,0
BRDA:65,4,1,2
BRDA:75,5,0,0
BRDA:75,5,1,2
BRDA:82,6,0,1
BRDA:82,6,1,1
BRDA:82,7,0,2
BRDA:82,7,1,1
BRDA:93,8,0,3
BRDA:93,8,1,1
BRDA:94,9,0,3
BRDA:94,9,1,2
BRDA:103,10,0,4
BRDA:103,10,1,2
BRF:22
BRH:17
end_of_record
TN:
SF:src/app/api/comments/[id]/dislike/route.ts
FN:12,POST
FNF:1
FNH:1
FNDA:1,POST
DA:2,1
DA:3,1
DA:4,1
DA:5,1
DA:12,1
DA:13,1
DA:14,1
DA:15,1
DA:16,0
DA:19,1
DA:20,1
DA:21,0
DA:24,1
DA:25,1
DA:29,1
DA:30,0
DA:33,1
DA:37,1
DA:38,1
DA:39,1
DA:41,0
DA:47,1
DA:58,0
DA:64,0
DA:70,0
DA:74,0
DA:76,0
DA:79,1
DA:84,1
DA:90,0
LF:30
LH:20
BRDA:15,0,0,0
BRDA:15,0,1,1
BRDA:20,1,0,0
BRDA:20,1,1,1
BRDA:29,2,0,0
BRDA:29,2,1,1
BRDA:38,3,0,1
BRDA:38,3,1,0
BRDA:39,4,0,0
BRDA:39,4,1,1
BRDA:64,5,0,0
BRDA:64,5,1,0
BRDA:65,6,0,0
BRDA:65,6,1,0
BRDA:65,6,2,0
BRDA:65,6,3,0
BRDA:74,7,0,0
BRDA:74,7,1,0
BRDA:74,8,0,0
BRDA:74,8,1,0
BRDA:74,9,0,0
BRDA:74,9,1,0
BRDA:74,10,0,0
BRDA:74,10,1,0
BRDA:74,11,0,0
BRDA:74,11,1,0
BRDA:74,12,0,0
BRDA:74,12,1,0
BRDA:74,13,0,0
BRDA:74,13,1,0
BRDA:74,14,0,0
BRDA:74,14,1,0
BRDA:85,15,0,1
BRDA:85,15,1,1
BRDA:86,16,0,1
BRDA:86,16,1,0
BRDA:86,17,0,1
BRDA:86,17,1,1
BRDA:86,18,0,0
BRDA:86,18,1,1
BRDA:86,19,0,1
BRDA:86,19,1,1
BRDA:87,20,0,1
BRDA:87,20,1,0
BRDA:87,21,0,1
BRDA:87,21,1,1
BRDA:87,22,0,0
BRDA:87,22,1,1
BRDA:87,23,0,1
BRDA:87,23,1,1
BRF:50
BRH:19
end_of_record
TN:
SF:src/app/api/comments/[id]/like/route.ts
FN:12,POST
FNF:1
FNH:1
FNDA:2,POST
DA:2,1
DA:3,1
DA:4,1
DA:5,1
DA:12,1
DA:13,2
DA:14,2
DA:15,2
DA:16,0
DA:19,2
DA:20,2
DA:21,0
DA:24,2
DA:25,2
DA:29,2
DA:30,0
DA:33,2
DA:37,2
DA:38,2
DA:39,1
DA:41,1
DA:47,0
DA:58,1
DA:66,0
DA:72,0
DA:76,0
DA:78,0
DA:81,2
DA:86,2
DA:92,0
LF:30
LH:21
BRDA:15,0,0,0
BRDA:15,0,1,2
BRDA:20,1,0,0
BRDA:20,1,1,2
BRDA:29,2,0,0
BRDA:29,2,1,2
BRDA:38,3,0,1
BRDA:38,3,1,1
BRDA:39,4,0,1
BRDA:39,4,1,0
BRDA:66,5,0,0
BRDA:66,5,1,0
BRDA:67,6,0,0
BRDA:67,6,1,0
BRDA:67,6,2,0
BRDA:67,6,3,0
BRDA:76,7,0,0
BRDA:76,7,1,0
BRDA:76,8,0,0
BRDA:76,8,1,0
BRDA:76,9,0,0
BRDA:76,9,1,0
BRDA:76,10,0,0
BRDA:76,10,1,0
BRDA:76,11,0,0
BRDA:76,11,1,0
BRDA:76,12,0,0
BRDA:76,12,1,0
BRDA:76,13,0,0
BRDA:76,13,1,0
BRDA:76,14,0,0
BRDA:76,14,1,0
BRDA:87,15,0,2
BRDA:87,15,1,1
BRDA:88,16,0,2
BRDA:88,16,1,0
BRDA:88,17,0,2
BRDA:88,17,1,2
BRDA:88,18,0,0
BRDA:88,18,1,2
BRDA:88,19,0,2
BRDA:88,19,1,2
BRDA:89,20,0,2
BRDA:89,20,1,0
BRDA:89,21,0,2
BRDA:89,21,1,2
BRDA:89,22,0,0
BRDA:89,22,1,2
BRDA:89,23,0,2
BRDA:89,23,1,2
BRF:50
BRH:20
end_of_record
TN:
SF:src/app/api/creator/comments/[id]/route.ts
FN:10,PATCH
FN:28,(anonymous_1)
FN:55,DELETE
FNF:3
FNH:0
FNDA:0,PATCH
FNDA:0,(anonymous_1)
FNDA:0,DELETE
DA:2,0
DA:3,0
DA:4,0
DA:10,0
DA:11,0
DA:12,0
DA:13,0
DA:15,0
DA:16,0
DA:21,0
DA:23,0
DA:24,0
DA:25,0
DA:28,0
DA:29,0
DA:31,0
DA:32,0
DA:36,0
DA:39,0
DA:40,0
DA:44,0
DA:47,0
DA:48,0
DA:49,0
DA:52,0
DA:55,0
DA:57,0
DA:58,0
DA:59,0
DA:61,0
DA:62,0
DA:66,0
DA:68,0
DA:69,0
DA:70,0
DA:73,0
DA:74,0
LF:37
LH:0
BRDA:12,0,0,0
BRDA:12,0,1,0
BRDA:13,1,0,0
BRDA:13,1,1,0
BRDA:21,2,0,0
BRDA:21,2,1,0
BRDA:24,3,0,0
BRDA:24,3,1,0
BRDA:24,4,0,0
BRDA:24,4,1,0
BRDA:31,5,0,0
BRDA:31,5,1,0
BRDA:39,6,0,0
BRDA:39,6,1,0
BRDA:47,7,0,0
BRDA:47,7,1,0
BRDA:58,8,0,0
BRDA:58,8,1,0
BRDA:59,9,0,0
BRDA:59,9,1,0
BRDA:66,10,0,0
BRDA:66,10,1,0
BRDA:69,11,0,0
BRDA:69,11,1,0
BRDA:69,12,0,0
BRDA:69,12,1,0
BRF:26
BRH:0
end_of_record
TN:
SF:src/app/api/mods/[slug]/comments/route.ts
FN:16,GET
FN:70,(anonymous_1)
FN:72,(anonymous_2)
FN:79,(anonymous_3)
FN:90,(anonymous_4)
FN:94,(anonymous_5)
FN:95,(anonymous_6)
FN:108,POST
FN:118,(anonymous_8)
FN:149,(anonymous_9)
FNF:10
FNH:7
FNDA:3,GET
FNDA:1008,(anonymous_1)
FNDA:0,(anonymous_2)
FNDA:1057,(anonymous_3)
FNDA:0,(anonymous_4)
FNDA:2,(anonymous_5)
FNDA:1055,(anonymous_6)
FNDA:8,POST
FNDA:0,(anonymous_8)
FNDA:7,(anonymous_9)
DA:2,1
DA:3,1
DA:4,1
DA:5,1
DA:6,1
DA:16,1
DA:17,3
DA:18,3
DA:19,3
DA:21,3
DA:22,3
DA:23,0
DA:27,3
DA:45,3
DA:49,3
DA:51,3
DA:52,1005
DA:54,3
DA:55,1005
DA:56,1005
DA:57,0
DA:58,0
DA:59,0
DA:61,0
DA:64,1005
DA:70,3
DA:71,1008
DA:72,1005
DA:73,1005
DA:76,3
DA:79,3
DA:84,1057
DA:85,1056
DA:86,1056
DA:89,3
DA:91,0
DA:94,2
DA:96,1055
DA:100,3
DA:102,3
DA:108,1
DA:109,8
DA:111,8
DA:113,8
DA:114,1
DA:117,7
DA:118,7
DA:119,7
DA:120,7
DA:121,1
DA:124,6
DA:126,6
DA:130,6
DA:131,0
DA:135,6
DA:136,2
DA:140,2
DA:141,0
DA:145,2
DA:149,7
DA:150,2
DA:151,2
DA:152,2
DA:153,5
DA:154,5
DA:156,2
DA:157,1
DA:161,5
DA:171,5
DA:177,5
DA:178,1
DA:182,1
DA:183,0
DA:184,0
DA:185,0
DA:200,5
DA:201,4
DA:202,4
DA:203,4
DA:215,5
DA:217,0
DA:218,0
LF:82
LH:69
BRDA:19,0,0,3
BRDA:19,0,1,1
BRDA:22,1,0,0
BRDA:22,1,1,3
BRDA:56,2,0,0
BRDA:56,2,1,1005
BRDA:58,3,0,0
BRDA:58,3,1,0
BRDA:84,4,0,1
BRDA:84,4,1,1056
BRDA:84,5,0,1057
BRDA:84,5,1,1
BRDA:85,6,0,0
BRDA:85,6,1,1056
BRDA:85,7,0,1056
BRDA:85,7,1,1056
BRDA:89,8,0,0
BRDA:89,8,1,3
BRDA:93,9,0,1
BRDA:93,9,1,2
BRDA:113,10,0,1
BRDA:113,10,1,7
BRDA:120,11,0,1
BRDA:120,11,1,6
BRDA:130,12,0,0
BRDA:130,12,1,6
BRDA:135,13,0,2
BRDA:135,13,1,4
BRDA:140,14,0,0
BRDA:140,14,1,2
BRDA:140,15,0,2
BRDA:140,15,1,2
BRDA:152,16,0,7
BRDA:152,16,1,5
BRDA:154,17,0,4
BRDA:154,17,1,1
BRDA:154,18,0,5
BRDA:154,18,1,4
BRDA:156,19,0,1
BRDA:156,19,1,1
BRDA:164,20,0,5
BRDA:164,20,1,4
BRDA:177,21,0,1
BRDA:177,21,1,4
BRDA:182,22,0,0
BRDA:182,22,1,1
BRDA:182,23,0,0
BRDA:182,23,1,1
BRDA:182,24,0,1
BRDA:182,24,1,1
BRDA:188,25,0,0
BRDA:188,25,1,0
BRDA:190,26,0,0
BRDA:190,26,1,0
BRDA:200,27,0,4
BRDA:200,27,1,1
BRDA:200,28,0,5
BRDA:200,28,1,4
BRDA:206,29,0,4
BRDA:206,29,1,0
BRDA:208,30,0,4
BRDA:208,30,1,0
BRF:62
BRH:46
end_of_record
