TN:
SF:src/app/api/admin/templates/route.ts
FN:8,GET
FN:48,POST
FNF:2
FNH:2
FNDA:3,GET
FNDA:5,POST
DA:2,1
DA:3,1
DA:4,1
DA:5,1
DA:6,1
DA:8,1
DA:9,3
DA:10,3
DA:12,3
DA:13,3
DA:17,3
DA:19,3
DA:20,3
DA:22,3
DA:23,3
DA:24,3
DA:26,3
DA:36,3
DA:43,0
DA:44,0
DA:48,1
DA:49,5
DA:50,5
DA:51,5
DA:53,5
DA:54,5
DA:55,3
DA:58,2
DA:61,2
DA:62,2
DA:64,0
DA:66,2
DA:67,2
DA:69,0
DA:73,2
DA:77,2
DA:79,1
DA:89,1
DA:92,1
DA:104,1
DA:106,0
DA:107,0
LF:42
LH:36
BRDA:17,0,0,0
BRDA:17,0,1,3
BRDA:23,1,0,1
BRDA:23,1,1,2
BRDA:24,2,0,1
BRDA:24,2,1,2
BRDA:54,3,0,3
BRDA:54,3,1,2
BRDA:77,4,0,1
BRDA:77,4,1,1
BRF:10
BRH:9
end_of_record
TN:
SF:src/app/api/admin/templates/[id]/route.ts
FN:12,PUT
FN:73,DELETE
FNF:2
FNH:2
FNDA:3,PUT
FNDA:3,DELETE
DA:2,1
DA:3,1
DA:4,1
DA:5,1
DA:6,1
DA:12,1
DA:13,3
DA:14,3
DA:15,3
DA:16,3
DA:18,3
DA:19,3
DA:20,1
DA:23,2
DA:24,2
DA:25,1
DA:28,1
DA:31,1
DA:32,1
DA:33,1
DA:35,0
DA:38,1
DA:39,0
DA:40,0
DA:42,0
DA:46,1
DA:47,1
DA:48,1
DA:49,1
DA:50,1
DA:51,1
DA:52,1
DA:55,1
DA:57,1
DA:62,1
DA:64,0
DA:65,0
DA:66,0
DA:67,0
DA:69,0
DA:73,1
DA:74,3
DA:75,3
DA:76,3
DA:78,3
DA:79,3
DA:80,1
DA:84,2
DA:93,2
DA:94,1
DA:99,1
DA:101,1
DA:103,0
DA:104,0
LF:54
LH:43
BRDA:19,0,0,1
BRDA:19,0,1,2
BRDA:24,1,0,1
BRDA:24,1,1,1
BRDA:31,2,0,1
BRDA:31,2,1,0
BRDA:38,3,0,0
BRDA:38,3,1,1
BRDA:47,4,0,0
BRDA:47,4,1,1
BRDA:48,5,0,0
BRDA:48,5,1,1
BRDA:49,6,0,1
BRDA:49,6,1,0
BRDA:50,7,0,0
BRDA:50,7,1,1
BRDA:51,8,0,1
BRDA:51,8,1,0
BRDA:52,9,0,1
BRDA:52,9,1,0
BRDA:65,10,0,0
BRDA:65,10,1,0
BRDA:66,11,0,0
BRDA:66,11,1,0
BRDA:79,12,0,1
BRDA:79,12,1,2
BRDA:93,13,0,1
BRDA:93,13,1,1
BRDA:93,14,0,2
BRDA:93,14,1,2
BRF:30
BRH:18
end_of_record
TN:
SF:src/app/api/admin/templates/[id]/preview/route.ts
FN:35,POST
FN:45,(anonymous_2)
FNF:2
FNH:1
FNDA:4,POST
FNDA:0,(anonymous_2)
DA:2,1
DA:3,1
DA:4,1
DA:5,1
DA:6,1
DA:12,1
DA:35,1
DA:36,4
DA:37,4
DA:38,4
DA:40,4
DA:41,4
DA:42,1
DA:45,3
DA:46,3
DA:50,3
DA:51,3
DA:53,3
DA:54,3
DA:57,3
DA:58,1
DA:67,3
DA:74,0
DA:75,0
LF:24
LH:22
BRDA:41,0,0,1
BRDA:41,0,1,3
BRDA:46,1,0,1
BRDA:46,1,1,2
BRDA:46,2,0,3
BRDA:46,2,1,1
BRDA:48,3,0,2
BRDA:48,3,1,0
BRDA:57,4,0,1
BRDA:57,4,1,2
BRF:10
BRH:9
end_of_record
TN:
SF:src/app/api/notifications/preferences/route.ts
FN:21,GET
FN:44,PUT
FNF:2
FNH:2
FNDA:3,GET
FNDA:11,PUT
DA:2,1
DA:4,1
DA:5,1
DA:6,1
DA:8,1
DA:21,1
DA:22,3
DA:23,3
DA:25,2
DA:29,2
DA:30,1
DA:35,2
DA:37,1
DA:38,0
DA:39,0
DA:44,1
DA:45,11
DA:46,11
DA:48,10
DA:49,10
DA:50,10
DA:51,7
DA:54,3
DA:56,3
DA:57,3
DA:58,3
DA:59,3
DA:60,3
DA:61,3
DA:62,3
DA:63,3
DA:64,3
DA:65,3
DA:66,1
DA:69,3
DA:80,3
DA:82,1
DA:83,0
DA:84,0
LF:39
LH:35
BRDA:29,0,0,1
BRDA:29,0,1,1
BRDA:37,1,0,1
BRDA:37,1,1,0
BRDA:50,2,0,7
BRDA:50,2,1,3
BRDA:57,3,0,1
BRDA:57,3,1,2
BRDA:58,4,0,0
BRDA:58,4,1,3
BRDA:59,5,0,0
BRDA:59,5,1,3
BRDA:60,6,0,0
BRDA:60,6,1,3
BRDA:61,7,0,0
BRDA:61,7,1,3
BRDA:62,8,0,1
BRDA:62,8,1,2
BRDA:63,9,0,1
BRDA:63,9,1,2
BRDA:64,10,0,1
BRDA:64,10,1,2
BRDA:65,11,0,1
BRDA:65,11,1,2
BRDA:76,12,0,1
BRDA:76,12,1,2
BRDA:76,13,0,3
BRDA:76,13,1,3
BRDA:82,14,0,1
BRDA:82,14,1,0
BRF:30
BRH:24
end_of_record
TN:
SF:src/application/event-bus/in-memory-event-bus.ts
FN:9,(anonymous_0)
FN:12,(anonymous_1)
FN:29,(anonymous_2)
FN:36,(anonymous_3)
FNF:4
FNH:4
FNDA:5,(anonymous_0)
FNDA:5,(anonymous_1)
FNDA:7,(anonymous_2)
FNDA:1,(anonymous_3)
DA:7,1
DA:9,1
DA:10,5
DA:13,5
DA:14,5
DA:16,4
DA:17,5
DA:18,5
DA:20,1
DA:30,7
DA:31,5
DA:33,7
DA:37,1
LF:13
LH:13
BRDA:14,0,0,1
BRDA:14,0,1,4
BRDA:23,1,0,1
BRDA:23,1,1,0
BRDA:30,2,0,5
BRDA:30,2,1,2
BRDA:37,3,0,0
BRDA:37,3,1,1
BRDA:37,4,0,1
BRDA:37,4,1,1
BRF:10
BRH:8
end_of_record
TN:
SF:src/application/services/notification-query-service.ts
FN:10,(anonymous_0)
FN:15,(anonymous_1)
FN:26,(anonymous_2)
FN:40,(anonymous_3)
FN:44,(anonymous_4)
FNF:5
FNH:5
FNDA:2,(anonymous_0)
FNDA:1,(anonymous_1)
FNDA:1,(anonymous_2)
FNDA:1,(anonymous_3)
FNDA:1,(anonymous_4)
DA:9,1
DA:10,2
DA:20,1
DA:25,1
DA:26,1
DA:41,1
DA:55,1
LF:7
LH:7
BRDA:17,0,0,0
BRDA:18,1,0,0
BRDA:31,2,0,1
BRDA:31,2,1,0
BRDA:63,3,0,0
BRDA:63,3,1,1
BRDA:63,4,0,1
BRDA:63,4,1,0
BRDA:64,5,0,0
BRDA:64,5,1,1
BRDA:64,6,0,1
BRDA:64,6,1,0
BRF:12
BRH:5
end_of_record
TN:
SF:src/application/services/notification-service.ts
FN:50,(anonymous_0)
FN:56,(anonymous_1)
FN:66,(anonymous_2)
FN:67,(anonymous_3)
FN:72,(anonymous_4)
FNF:5
FNH:5
FNDA:38,(anonymous_0)
FNDA:533,(anonymous_1)
FNDA:531,(anonymous_2)
FNDA:531,(anonymous_3)
FNDA:598,(anonymous_4)
DA:7,4
DA:49,4
DA:50,38
DA:57,533
DA:58,533
DA:60,533
DA:61,598
DA:62,596
DA:65,531
DA:66,531
DA:67,531
DA:77,598
DA:80,597
DA:81,3
DA:85,594
DA:89,594
DA:90,594
DA:93,594
DA:94,577
DA:103,577
DA:104,2
DA:114,592
DA:124,592
DA:127,591
DA:134,591
DA:137,591
DA:138,65
DA:139,65
DA:142,591
LF:29
LH:29
BRDA:57,0,0,74
BRDA:57,0,1,459
BRDA:57,1,0,533
BRDA:57,1,1,533
BRDA:67,2,0,4
BRDA:67,2,1,527
BRDA:67,3,0,531
BRDA:67,3,1,531
BRDA:80,4,0,3
BRDA:80,4,1,594
BRDA:86,5,0,22
BRDA:86,5,1,572
BRDA:86,6,0,594
BRDA:86,6,1,594
BRDA:89,7,0,461
BRDA:89,7,1,133
BRDA:89,8,0,594
BRDA:89,8,1,594
BRDA:90,9,0,461
BRDA:90,9,1,133
BRDA:90,10,0,594
BRDA:90,10,1,594
BRDA:93,11,0,577
BRDA:93,11,1,17
BRDA:103,12,0,2
BRDA:103,12,1,575
BRDA:108,13,0,2
BRDA:108,13,1,0
BRDA:108,14,0,2
BRDA:108,14,1,2
BRDA:132,15,0,13
BRDA:132,15,1,578
BRDA:132,16,0,591
BRDA:132,16,1,13
BRDA:137,17,0,65
BRDA:137,17,1,526
BRF:36
BRH:35
end_of_record
TN:
SF:src/application/use-cases/admin/send-admin-alert.ts
FN:17,(anonymous_0)
FN:19,(anonymous_1)
FNF:2
FNH:2
FNDA:3,(anonymous_0)
FNDA:3,(anonymous_1)
DA:6,2
DA:16,2
DA:17,3
DA:20,3
DA:21,5
LF:5
LH:5
BRF:0
BRH:0
end_of_record
TN:
SF:src/application/use-cases/admin/send-system-announcement.ts
FN:17,(anonymous_0)
FN:19,(anonymous_1)
FNF:2
FNH:2
FNDA:3,(anonymous_0)
FNDA:3,(anonymous_1)
DA:6,2
DA:16,2
DA:17,3
DA:20,3
DA:21,5
LF:5
LH:5
BRDA:28,0,0,2
BRDA:28,0,1,3
BRF:2
BRH:2
end_of_record
TN:
SF:src/application/use-cases/mods/send-mod-deleted.ts
FN:17,(anonymous_0)
FN:19,(anonymous_1)
FNF:2
FNH:2
FNDA:1,(anonymous_0)
FNDA:1,(anonymous_1)
DA:6,1
DA:16,1
DA:17,1
DA:20,1
LF:4
LH:4
BRF:0
BRH:0
end_of_record
TN:
SF:src/application/use-cases/mods/send-mod-featured.ts
FN:17,(anonymous_0)
FN:19,(anonymous_1)
FNF:2
FNH:2
FNDA:1,(anonymous_0)
FNDA:1,(anonymous_1)
DA:6,1
DA:16,1
DA:17,1
DA:20,1
LF:4
LH:4
BRF:0
BRH:0
end_of_record
TN:
SF:src/application/use-cases/mods/send-mod-published.ts
FN:17,(anonymous_0)
FN:19,(anonymous_1)
FNF:2
FNH:2
FNDA:2,(anonymous_0)
FNDA:2,(anonymous_1)
DA:6,2
DA:16,2
DA:17,2
DA:20,2
LF:4
LH:4
BRF:0
BRH:0
end_of_record
TN:
SF:src/application/use-cases/mods/send-mod-updated.ts
FN:18,(anonymous_0)
FN:20,(anonymous_1)
FNF:2
FNH:2
FNDA:1,(anonymous_0)
FNDA:1,(anonymous_1)
DA:6,1
DA:17,1
DA:18,1
DA:21,1
DA:23,1
LF:5
LH:5
BRDA:21,0,0,0
BRDA:21,0,1,1
BRF:2
BRH:1
end_of_record
TN:
SF:src/application/use-cases/reports/send-auto-ban.ts
FN:17,(anonymous_0)
FN:19,(anonymous_1)
FNF:2
FNH:2
FNDA:2,(anonymous_0)
FNDA:2,(anonymous_1)
DA:6,2
DA:16,2
DA:17,2
DA:20,2
DA:24,2
LF:5
LH:5
BRDA:20,0,0,2
BRDA:20,0,1,0
BRF:2
BRH:1
end_of_record
TN:
SF:src/application/use-cases/reports/send-auto-warning.ts
FN:17,(anonymous_0)
FN:19,(anonymous_1)
FNF:2
FNH:2
FNDA:2,(anonymous_0)
FNDA:2,(anonymous_1)
DA:6,2
DA:16,2
DA:17,2
DA:20,2
LF:4
LH:4
BRF:0
BRH:0
end_of_record
TN:
SF:src/application/use-cases/reports/send-report-confirmed.ts
FN:23,(anonymous_0)
FN:25,(anonymous_1)
FNF:2
FNH:2
FNDA:4,(anonymous_0)
FNDA:4,(anonymous_1)
DA:7,3
DA:22,3
DA:23,4
DA:29,4
DA:49,4
LF:5
LH:5
BRF:0
BRH:0
end_of_record
TN:
SF:src/application/use-cases/reports/send-report-rejected.ts
FN:20,(anonymous_0)
FN:22,(anonymous_1)
FNF:2
FNH:2
FNDA:1,(anonymous_0)
FNDA:1,(anonymous_1)
DA:6,1
DA:19,1
DA:20,1
DA:23,1
LF:4
LH:4
BRF:0
BRH:0
end_of_record
TN:
SF:src/application/use-cases/reports/send-report-submitted.ts
FN:19,(anonymous_0)
FN:21,(anonymous_1)
FNF:2
FNH:2
FNDA:1,(anonymous_0)
FNDA:1,(anonymous_1)
DA:6,1
DA:18,1
DA:19,1
DA:23,1
DA:24,2
LF:5
LH:5
BRF:0
BRH:0
end_of_record
TN:
SF:src/application/use-cases/social/send-comment-reply.ts
FN:21,(anonymous_0)
FN:23,(anonymous_1)
FNF:2
FNH:2
FNDA:7,(anonymous_0)
FNDA:7,(anonymous_1)
DA:6,3
DA:20,3
DA:21,7
DA:24,7
DA:26,4
LF:5
LH:5
BRDA:24,0,0,3
BRDA:24,0,1,4
BRF:2
BRH:2
end_of_record
TN:
SF:src/application/use-cases/social/send-endorse-milestone.ts
FN:18,(anonymous_0)
FN:20,(anonymous_1)
FNF:2
FNH:2
FNDA:2,(anonymous_0)
FNDA:2,(anonymous_1)
DA:6,2
DA:17,2
DA:18,2
DA:21,2
LF:4
LH:4
BRF:0
BRH:0
end_of_record
TN:
SF:src/application/use-cases/social/send-follow.ts
FN:16,(anonymous_0)
FN:18,(anonymous_1)
FNF:2
FNH:2
FNDA:4,(anonymous_0)
FNDA:4,(anonymous_1)
DA:6,2
DA:15,2
DA:16,4
DA:19,4
DA:21,2
LF:5
LH:5
BRDA:19,0,0,2
BRDA:19,0,1,2
BRF:2
BRH:2
end_of_record
TN:
SF:src/application/use-cases/social/send-like.ts
FN:20,(anonymous_0)
FN:22,(anonymous_1)
FNF:2
FNH:2
FNDA:4,(anonymous_0)
FNDA:4,(anonymous_1)
DA:6,2
DA:19,2
DA:20,4
DA:23,4
DA:25,2
LF:5
LH:5
BRDA:23,0,0,2
BRDA:23,0,1,2
BRF:2
BRH:2
end_of_record
TN:
SF:src/application/use-cases/social/send-top-level-comment.ts
FN:20,(anonymous_0)
FN:22,(anonymous_1)
FNF:2
FNH:2
FNDA:4,(anonymous_0)
FNDA:4,(anonymous_1)
DA:6,2
DA:19,2
DA:20,4
DA:23,4
DA:25,2
LF:5
LH:5
BRDA:23,0,0,2
BRDA:23,0,1,2
BRF:2
BRH:2
end_of_record
TN:
SF:src/application/use-cases/tiers-roles/send-special-role-assigned.ts
FN:17,(anonymous_0)
FN:19,(anonymous_1)
FNF:2
FNH:2
FNDA:1,(anonymous_0)
FNDA:1,(anonymous_1)
DA:6,1
DA:16,1
DA:17,1
DA:20,1
LF:4
LH:4
BRF:0
BRH:0
end_of_record
TN:
SF:src/application/use-cases/tiers-roles/send-special-role-removed.ts
FN:17,(anonymous_0)
FN:19,(anonymous_1)
FNF:2
FNH:2
FNDA:1,(anonymous_0)
FNDA:1,(anonymous_1)
DA:6,1
DA:16,1
DA:17,1
DA:20,1
LF:4
LH:4
BRF:0
BRH:0
end_of_record
TN:
SF:src/application/use-cases/tiers-roles/send-tier-revoked.ts
FN:16,(anonymous_0)
FN:18,(anonymous_1)
FNF:2
FNH:2
FNDA:2,(anonymous_0)
FNDA:2,(anonymous_1)
DA:6,2
DA:15,2
DA:16,2
DA:19,2
LF:4
LH:4
BRF:0
BRH:0
end_of_record
TN:
SF:src/application/use-cases/tiers-roles/send-tier-upgrade.ts
FN:19,(anonymous_0)
FN:21,(anonymous_1)
FNF:2
FNH:2
FNDA:2,(anonymous_0)
FNDA:2,(anonymous_1)
DA:6,2
DA:18,2
DA:19,2
DA:22,2
LF:4
LH:4
BRF:0
BRH:0
end_of_record
TN:
SF:src/domain/index.ts
FNF:0
FNH:0
DA:7,13
DA:10,13
DA:13,13
DA:16,13
DA:19,13
LF:5
LH:5
BRF:0
BRH:0
end_of_record
TN:
SF:src/domain/entities/index.ts
FN:1,(anonymous_0)
FN:3,(anonymous_1)
FN:5,(anonymous_2)
FNF:3
FNH:3
FNDA:1179,(anonymous_0)
FNDA:10,(anonymous_1)
FNDA:83,(anonymous_2)
DA:1,1193
DA:3,24
DA:5,97
LF:3
LH:3
BRF:0
BRH:0
end_of_record
TN:
SF:src/domain/entities/notification-job.ts
FN:33,(anonymous_0)
FN:50,(anonymous_1)
FN:72,(anonymous_2)
FN:89,(anonymous_3)
FN:94,(anonymous_4)
FN:102,(anonymous_5)
FN:119,(anonymous_6)
FN:137,(anonymous_7)
FN:154,(anonymous_8)
FN:173,(anonymous_9)
FN:192,generateId
FNF:11
FNH:11
FNDA:103,(anonymous_0)
FNDA:90,(anonymous_1)
FNDA:8,(anonymous_2)
FNDA:6,(anonymous_3)
FNDA:2,(anonymous_4)
FNDA:2,(anonymous_5)
FNDA:1,(anonymous_6)
FNDA:1,(anonymous_7)
FNDA:1,(anonymous_8)
FNDA:1,(anonymous_9)
FNDA:89,generateId
DA:7,16
DA:30,16
DA:32,16
DA:34,103
DA:35,103
DA:36,103
DA:37,103
DA:38,103
DA:39,103
DA:40,103
DA:41,103
DA:42,103
DA:43,103
DA:44,103
DA:51,90
DA:53,89
DA:54,89
DA:73,8
DA:90,6
DA:95,2
DA:103,2
DA:120,1
DA:121,1
DA:138,1
DA:155,1
DA:156,1
DA:157,1
DA:174,1
DA:175,1
DA:193,89
DA:194,89
DA:195,89
LF:32
LH:32
BRDA:51,0,0,1
BRDA:51,0,1,89
BRDA:90,1,0,6
BRDA:90,1,1,4
BRDA:96,2,0,2
BRDA:96,2,1,0
BRDA:96,2,2,2
BRF:7
BRH:6
end_of_record
TN:
SF:src/domain/entities/notification-preference.ts
FN:52,(anonymous_0)
FN:71,(anonymous_1)
FN:95,(anonymous_2)
FN:117,(anonymous_3)
FN:143,(anonymous_4)
FN:163,(anonymous_5)
FN:183,generateId
FNF:7
FNH:7
FNDA:40,(anonymous_0)
FNDA:18,(anonymous_1)
FNDA:9,(anonymous_2)
FNDA:9,(anonymous_3)
FNDA:7,(anonymous_4)
FNDA:14,(anonymous_5)
FNDA:17,generateId
DA:7,15
DA:51,15
DA:53,40
DA:54,40
DA:55,40
DA:56,40
DA:57,40
DA:58,40
DA:59,40
DA:60,40
DA:61,40
DA:62,40
DA:63,40
DA:64,40
DA:65,40
DA:72,18
DA:74,17
DA:75,17
DA:96,9
DA:119,9
DA:120,8
DA:123,7
DA:124,7
DA:125,4
DA:126,3
DA:127,2
DA:131,4
DA:132,1
DA:133,1
DA:136,3
DA:144,7
DA:145,6
DA:147,6
DA:148,6
DA:149,6
DA:151,6
DA:153,2
DA:156,4
DA:164,14
DA:184,17
DA:185,17
DA:186,17
LF:42
LH:42
BRDA:72,0,0,1
BRDA:72,0,1,17
BRDA:119,1,0,1
BRDA:119,1,1,8
BRDA:119,2,0,9
BRDA:119,2,1,3
BRDA:120,3,0,1
BRDA:120,3,1,7
BRDA:120,4,0,8
BRDA:120,4,1,6
BRDA:124,5,0,4
BRDA:124,5,1,3
BRDA:125,6,0,1
BRDA:125,6,1,3
BRDA:126,7,0,1
BRDA:126,7,1,2
BRDA:126,8,0,3
BRDA:126,8,1,1
BRDA:127,9,0,1
BRDA:127,9,1,1
BRDA:127,10,0,2
BRDA:127,10,1,2
BRDA:131,11,0,1
BRDA:131,11,1,3
BRDA:131,12,0,4
BRDA:131,12,1,3
BRDA:132,13,0,1
BRDA:132,13,1,0
BRDA:132,14,0,1
BRDA:132,14,1,1
BRDA:133,15,0,1
BRDA:133,15,1,0
BRDA:144,16,0,1
BRDA:144,16,1,6
BRDA:145,17,0,0
BRDA:145,17,1,6
BRDA:145,18,0,6
BRDA:145,18,1,6
BRDA:151,19,0,2
BRDA:151,19,1,4
BRDA:153,20,0,2
BRDA:153,20,1,2
BRDA:156,21,0,4
BRDA:156,21,1,2
BRDA:167,22,0,3
BRDA:167,22,1,11
BRDA:167,23,0,14
BRDA:167,23,1,14
BRDA:168,24,0,1
BRDA:168,24,1,13
BRDA:168,25,0,14
BRDA:168,25,1,14
BRDA:169,26,0,0
BRDA:169,26,1,14
BRDA:169,27,0,14
BRDA:169,27,1,14
BRDA:170,28,0,0
BRDA:170,28,1,14
BRDA:170,29,0,14
BRDA:170,29,1,14
BRDA:171,30,0,1
BRDA:171,30,1,13
BRDA:171,31,0,14
BRDA:171,31,1,14
BRDA:172,32,0,5
BRDA:172,32,1,9
BRDA:172,33,0,14
BRDA:172,33,1,14
BRDA:173,34,0,5
BRDA:173,34,1,9
BRDA:174,35,0,5
BRDA:174,35,1,9
BRDA:175,36,0,6
BRDA:175,36,1,8
BRDA:175,37,0,14
BRDA:175,37,1,14
BRF:76
BRH:71
end_of_record
TN:
SF:src/domain/entities/notification.ts
FN:35,(anonymous_0)
FN:53,(anonymous_1)
FN:79,(anonymous_2)
FN:96,(anonymous_3)
FN:114,(anonymous_4)
FN:133,(anonymous_5)
FN:138,(anonymous_6)
FN:144,generateId
FNF:8
FNH:8
FNDA:1192,(anonymous_0)
FNDA:1194,(anonymous_1)
FNDA:1,(anonymous_2)
FNDA:1,(anonymous_3)
FNDA:2,(anonymous_4)
FNDA:2,(anonymous_5)
FNDA:2,(anonymous_6)
FNDA:1189,generateId
DA:34,15
DA:36,1192
DA:37,1192
DA:38,1192
DA:39,1192
DA:40,1192
DA:41,1192
DA:42,1192
DA:43,1192
DA:44,1192
DA:45,1192
DA:46,1192
DA:54,1194
DA:55,1193
DA:56,1192
DA:57,1190
DA:59,1189
DA:60,1189
DA:80,1
DA:97,1
DA:98,1
DA:115,2
DA:117,1
DA:134,2
DA:139,2
DA:145,1189
DA:146,1189
DA:147,1189
LF:28
LH:28
BRDA:54,0,0,1
BRDA:54,0,1,1193
BRDA:55,1,0,1
BRDA:55,1,1,1192
BRDA:56,2,0,2
BRDA:56,2,1,1190
BRDA:56,3,0,0
BRDA:56,3,1,1192
BRDA:56,4,0,1192
BRDA:56,4,1,1192
BRDA:57,5,0,1
BRDA:57,5,1,1189
BRDA:57,6,0,0
BRDA:57,6,1,1190
BRDA:57,7,0,1190
BRDA:57,7,1,1190
BRDA:63,8,0,24
BRDA:63,8,1,1165
BRDA:63,9,0,1189
BRDA:63,9,1,1189
BRDA:67,10,0,29
BRDA:67,10,1,1160
BRDA:67,11,0,1189
BRDA:67,11,1,1189
BRDA:115,12,0,1
BRDA:115,12,1,1
BRDA:115,13,0,0
BRDA:115,13,1,2
BRDA:115,14,0,2
BRDA:115,14,1,2
BRF:30
BRH:27
end_of_record
TN:
SF:src/domain/events/index.ts
FN:2,(anonymous_0)
FN:4,(anonymous_1)
FN:6,(anonymous_2)
FNF:3
FNH:1
FNDA:591,(anonymous_0)
FNDA:0,(anonymous_1)
FNDA:0,(anonymous_2)
DA:2,604
DA:4,13
DA:6,13
LF:3
LH:3
BRF:0
BRH:0
end_of_record
TN:
SF:src/domain/events/notification-created.ts
FN:17,createNotificationCreatedEvent
FNF:1
FNH:1
FNDA:591,createNotificationCreatedEvent
DA:17,13
DA:24,591
LF:2
LH:2
BRF:0
BRH:0
end_of_record
TN:
SF:src/domain/events/notification-delivered.ts
FN:15,createNotificationDeliveredEvent
FNF:1
FNH:0
FNDA:0,createNotificationDeliveredEvent
DA:15,13
DA:19,0
LF:2
LH:1
BRF:0
BRH:0
end_of_record
TN:
SF:src/domain/events/notification-failed.ts
FN:17,createNotificationFailedEvent
FNF:1
FNH:0
FNDA:0,createNotificationFailedEvent
DA:17,13
DA:24,0
LF:2
LH:1
BRF:0
BRH:0
end_of_record
TN:
SF:src/domain/policies/deduplication-policy.ts
FN:48,(anonymous_0)
FN:57,(anonymous_1)
FNF:2
FNH:2
FNDA:8,(anonymous_0)
FNDA:8,(anonymous_1)
DA:7,14
DA:22,14
DA:47,14
DA:49,8
DA:50,8
DA:58,8
DA:61,8
DA:62,2
DA:65,6
DA:71,6
DA:72,5
DA:79,1
LF:12
LH:12
BRDA:50,0,0,7
BRDA:61,1,0,2
BRDA:61,1,1,6
BRDA:71,2,0,5
BRDA:71,2,1,1
BRF:5
BRH:5
end_of_record
TN:
SF:src/domain/policies/delivery-policy.ts
FN:24,(anonymous_0)
FN:30,(anonymous_1)
FN:34,(anonymous_2)
FN:40,(anonymous_3)
FNF:4
FNH:4
FNDA:1,(anonymous_0)
FNDA:2,(anonymous_1)
FNDA:4,(anonymous_2)
FNDA:1,(anonymous_3)
DA:23,14
DA:25,1
DA:26,1
DA:27,1
DA:31,2
DA:35,4
DA:36,4
DA:37,4
DA:42,1
LF:9
LH:9
BRDA:25,0,0,0
BRDA:26,1,0,0
BRDA:27,2,0,0
BRF:3
BRH:0
end_of_record
TN:
SF:src/domain/policies/index.ts
FN:1,(anonymous_0)
FN:1,(anonymous_1)
FN:3,(anonymous_2)
FN:4,(anonymous_3)
FNF:4
FNH:0
FNDA:0,(anonymous_0)
FNDA:0,(anonymous_1)
FNDA:0,(anonymous_2)
FNDA:0,(anonymous_3)
DA:1,13
DA:3,13
DA:4,13
LF:3
LH:3
BRF:0
BRH:0
end_of_record
TN:
SF:src/domain/policies/preference-policy.ts
FN:10,(anonymous_0)
FN:15,(anonymous_1)
FN:32,(anonymous_2)
FNF:3
FNH:3
FNDA:7,(anonymous_0)
FNDA:3,(anonymous_1)
FNDA:4,(anonymous_2)
DA:9,14
DA:10,7
DA:20,3
DA:23,3
DA:25,2
DA:33,4
DA:35,4
DA:36,3
DA:38,2
LF:9
LH:9
BRDA:23,0,0,1
BRDA:23,0,1,2
BRDA:35,1,0,1
BRDA:35,1,1,3
BRDA:36,2,0,1
BRDA:36,2,1,2
BRF:6
BRH:6
end_of_record
TN:
SF:src/domain/value-objects/delivery-status.ts
FN:6,(anonymous_0)
FNF:1
FNH:1
FNDA:19,(anonymous_0)
DA:6,19
DA:7,19
DA:8,19
DA:9,19
DA:10,19
DA:11,19
LF:6
LH:6
BRDA:6,0,0,19
BRDA:6,0,1,19
BRF:2
BRH:2
end_of_record
TN:
SF:src/domain/value-objects/index.ts
FN:1,(anonymous_0)
FN:1,(anonymous_1)
FN:1,(anonymous_2)
FN:2,(anonymous_3)
FN:3,(anonymous_4)
FNF:5
FNH:3
FNDA:891,(anonymous_0)
FNDA:0,(anonymous_1)
FNDA:0,(anonymous_2)
FNDA:1425,(anonymous_3)
FNDA:119,(anonymous_4)
DA:1,910
DA:2,1444
DA:3,138
LF:3
LH:3
BRF:0
BRH:0
end_of_record
TN:
SF:src/domain/value-objects/notification-channel.ts
FN:6,(anonymous_0)
FNF:1
FNH:1
FNDA:19,(anonymous_0)
DA:6,19
DA:7,19
DA:8,19
DA:9,19
LF:4
LH:4
BRDA:6,0,0,19
BRDA:6,0,1,19
BRF:2
BRH:2
end_of_record
TN:
SF:src/domain/value-objects/notification-type.ts
FN:6,(anonymous_0)
FNF:1
FNH:1
FNDA:19,(anonymous_0)
DA:6,19
DA:8,19
DA:9,19
DA:10,19
DA:11,19
DA:14,19
DA:15,19
DA:16,19
DA:17,19
DA:18,19
DA:19,19
DA:22,19
DA:23,19
DA:24,19
DA:25,19
DA:28,19
DA:29,19
DA:30,19
DA:31,19
DA:32,19
DA:35,19
DA:39,19
DA:63,19
LF:23
LH:23
BRDA:6,0,0,19
BRDA:6,0,1,19
BRF:2
BRH:2
end_of_record
TN:
SF:src/infrastructure/adapters/handlebars-template-renderer.ts
FN:33,(anonymous_1)
FN:34,(anonymous_2)
FN:39,(anonymous_3)
FN:48,(anonymous_4)
FN:87,(anonymous_5)
FN:106,(anonymous_6)
FN:205,(anonymous_7)
FNF:7
FNH:5
FNDA:10,(anonymous_1)
FNDA:0,(anonymous_2)
FNDA:0,(anonymous_3)
FNDA:32,(anonymous_4)
FNDA:32,(anonymous_5)
FNDA:23,(anonymous_6)
FNDA:1,(anonymous_7)
DA:6,2
DA:13,2
DA:14,2
DA:15,2
DA:30,2
DA:31,10
DA:33,10
DA:34,10
DA:35,0
DA:36,0
DA:39,10
DA:40,0
DA:53,32
DA:55,32
DA:56,32
DA:57,1
DA:58,1
DA:59,1
DA:62,31
DA:64,31
DA:65,23
DA:68,8
DA:69,8
DA:71,8
DA:77,8
DA:78,0
DA:79,0
DA:82,8
DA:83,8
DA:84,8
DA:93,32
DA:94,4
DA:101,4
DA:103,28
DA:111,23
DA:194,23
DA:199,23
DA:200,23
DA:202,23
DA:206,1
LF:40
LH:35
BRDA:35,0,0,0
BRDA:35,0,1,0
BRDA:36,1,0,0
BRDA:36,1,1,0
BRDA:56,2,0,1
BRDA:56,2,1,31
BRDA:56,3,0,32
BRDA:56,3,1,1
BRDA:64,4,0,23
BRDA:64,4,1,8
BRDA:77,5,0,0
BRDA:77,5,1,8
BRDA:79,6,0,0
BRDA:79,6,1,0
BRDA:93,7,0,4
BRDA:93,7,1,28
BRDA:194,8,0,22
BRDA:194,8,1,1
BRDA:194,9,0,23
BRDA:194,9,1,23
BRF:20
BRH:13
end_of_record
TN:
SF:src/infrastructure/adapters/resend-email-sender.ts
FN:22,(anonymous_0)
FN:31,(anonymous_1)
FN:46,(anonymous_2)
FN:55,(anonymous_3)
FN:57,(anonymous_4)
FN:58,(anonymous_5)
FN:95,(anonymous_6)
FN:99,(anonymous_7)
FNF:8
FNH:7
FNDA:5,(anonymous_0)
FNDA:1,(anonymous_1)
FNDA:0,(anonymous_2)
FNDA:8,(anonymous_3)
FNDA:8,(anonymous_4)
FNDA:8,(anonymous_5)
FNDA:2,(anonymous_6)
FNDA:1,(anonymous_7)
DA:8,1
DA:9,1
DA:10,1
DA:11,1
DA:12,1
DA:18,1
DA:23,5
DA:24,5
DA:27,5
DA:32,1
DA:41,5
DA:47,0
DA:48,0
DA:50,0
DA:56,8
DA:57,8
DA:58,8
DA:59,8
DA:66,2
DA:67,2
DA:68,1
DA:71,1
DA:75,1
DA:80,7
DA:81,7
DA:82,7
DA:88,7
DA:96,2
DA:100,1
LF:29
LH:26
BRDA:24,0,0,5
BRDA:42,1,0,5
BRDA:42,1,1,0
BRDA:42,2,0,5
BRDA:42,2,1,5
BRDA:42,3,0,0
BRDA:42,3,1,5
BRDA:42,4,0,5
BRDA:42,4,1,5
BRDA:42,5,0,0
BRDA:42,5,1,5
BRDA:42,6,0,5
BRDA:42,6,1,5
BRDA:43,7,0,5
BRDA:43,7,1,0
BRDA:43,8,0,5
BRDA:43,8,1,5
BRDA:43,9,0,0
BRDA:43,9,1,5
BRDA:43,10,0,5
BRDA:43,10,1,5
BRDA:43,11,0,0
BRDA:43,11,1,5
BRDA:43,12,0,5
BRDA:43,12,1,5
BRDA:44,13,0,5
BRDA:44,13,1,0
BRDA:44,14,0,5
BRDA:44,14,1,5
BRDA:44,15,0,0
BRDA:44,15,1,5
BRDA:44,16,0,5
BRDA:44,16,1,5
BRDA:44,17,0,0
BRDA:44,17,1,5
BRDA:44,18,0,5
BRDA:44,18,1,5
BRDA:45,19,0,5
BRDA:45,19,1,0
BRDA:45,20,0,5
BRDA:45,20,1,5
BRDA:45,21,0,0
BRDA:45,21,1,5
BRDA:45,22,0,5
BRDA:45,22,1,5
BRDA:45,23,0,0
BRDA:45,23,1,5
BRDA:45,24,0,5
BRDA:45,24,1,5
BRDA:46,25,0,0
BRDA:46,25,1,5
BRDA:46,26,0,5
BRDA:46,26,1,5
BRDA:46,27,0,0
BRDA:46,27,1,5
BRDA:46,28,0,5
BRDA:46,28,1,5
BRDA:46,29,0,0
BRDA:46,29,1,5
BRDA:46,30,0,5
BRDA:46,30,1,5
BRDA:47,31,0,0
BRDA:47,31,1,0
BRDA:47,32,0,0
BRDA:47,32,1,0
BRDA:67,33,0,1
BRDA:67,33,1,1
BRDA:77,34,0,0
BRDA:77,34,1,1
BRDA:77,35,0,1
BRDA:77,35,1,1
BRDA:80,36,0,7
BRDA:80,36,1,0
BRF:73
BRH:52
end_of_record
TN:
SF:src/infrastructure/config/notification-config.ts
FNF:0
FNH:0
DA:6,3
LF:1
LH:1
BRDA:36,0,0,0
BRDA:36,0,1,3
BRDA:36,1,0,3
BRDA:36,1,1,3
BRF:4
BRH:3
end_of_record
TN:
SF:src/infrastructure/observability/logger.ts
FN:18,(anonymous_0)
FN:20,(anonymous_1)
FN:24,(anonymous_2)
FN:28,(anonymous_3)
FN:32,(anonymous_4)
FN:36,(anonymous_5)
FNF:6
FNH:4
FNDA:4,(anonymous_0)
FNDA:0,(anonymous_1)
FNDA:0,(anonymous_2)
FNDA:1,(anonymous_3)
FNDA:22,(anonymous_4)
FNDA:23,(anonymous_5)
DA:17,4
DA:18,4
DA:21,0
DA:25,0
DA:29,1
DA:33,22
DA:37,23
DA:45,23
DA:47,23
DA:49,0
DA:50,0
DA:52,0
DA:53,0
DA:55,1
DA:56,1
DA:58,22
DA:59,22
DA:64,4
LF:18
LH:12
BRDA:18,0,0,4
BRDA:47,1,0,0
BRDA:47,1,1,0
BRDA:47,1,2,1
BRDA:47,1,3,22
BRF:5
BRH:3
end_of_record
TN:
SF:src/infrastructure/observability/metrics.ts
FN:19,(anonymous_0)
FN:31,(anonymous_1)
FN:35,(anonymous_2)
FN:42,(anonymous_3)
FN:57,(anonymous_4)
FN:60,(anonymous_5)
FN:64,(anonymous_6)
FN:65,(anonymous_7)
FNF:8
FNH:2
FNDA:1,(anonymous_0)
FNDA:7,(anonymous_1)
FNDA:0,(anonymous_2)
FNDA:0,(anonymous_3)
FNDA:0,(anonymous_4)
FNDA:0,(anonymous_5)
FNDA:0,(anonymous_6)
FNDA:0,(anonymous_7)
DA:19,1
DA:20,1
DA:29,1
DA:32,7
DA:36,0
DA:37,0
DA:38,0
DA:43,0
DA:58,0
DA:59,0
DA:60,0
DA:65,0
DA:66,0
DA:68,0
DA:72,1
LF:15
LH:5
BRDA:31,0,0,7
BRDA:32,1,0,7
BRDA:32,1,1,0
BRDA:32,2,0,7
BRDA:32,2,1,7
BRDA:37,3,0,0
BRDA:37,3,1,0
BRDA:44,4,0,0
BRDA:44,4,1,0
BRDA:44,5,0,0
BRDA:44,5,1,0
BRDA:45,6,0,0
BRDA:45,6,1,0
BRDA:45,7,0,0
BRDA:45,7,1,0
BRDA:46,8,0,0
BRDA:46,8,1,0
BRDA:46,9,0,0
BRDA:46,9,1,0
BRDA:47,10,0,0
BRDA:47,10,1,0
BRDA:47,11,0,0
BRDA:47,11,1,0
BRDA:48,12,0,0
BRDA:48,12,1,0
BRDA:48,13,0,0
BRDA:48,13,1,0
BRDA:49,14,0,0
BRDA:49,14,1,0
BRDA:49,15,0,0
BRDA:49,15,1,0
BRDA:58,16,0,0
BRDA:58,16,1,0
BRF:33
BRH:4
end_of_record
TN:
SF:src/infrastructure/repositories/prisma-job-queue.ts
FN:11,(anonymous_0)
FN:13,(anonymous_1)
FN:36,(anonymous_2)
FN:70,(anonymous_3)
FN:77,(anonymous_4)
FN:84,(anonymous_5)
FN:90,(anonymous_6)
FNF:7
FNH:7
FNDA:7,(anonymous_0)
FNDA:1,(anonymous_1)
FNDA:3,(anonymous_2)
FNDA:1,(anonymous_3)
FNDA:1,(anonymous_4)
FNDA:1,(anonymous_5)
FNDA:1,(anonymous_6)
DA:8,1
DA:10,1
DA:11,7
DA:14,1
DA:37,3
DA:45,3
DA:48,2
DA:53,2
DA:55,1
DA:71,1
DA:78,1
DA:85,1
DA:90,1
DA:91,1
LF:14
LH:14
BRDA:45,0,0,1
BRDA:45,0,1,2
BRDA:53,1,0,1
BRDA:53,1,1,1
BRF:4
BRH:4
end_of_record
TN:
SF:src/infrastructure/repositories/prisma-preference-repository.ts
FN:11,(anonymous_0)
FN:13,(anonymous_1)
FN:35,(anonymous_2)
FN:81,parseTypePreferences
FNF:4
FNH:4
FNDA:8,(anonymous_0)
FNDA:7,(anonymous_1)
FNDA:2,(anonymous_2)
FNDA:8,parseTypePreferences
DA:7,1
DA:10,1
DA:11,8
DA:14,7
DA:17,7
DA:18,6
DA:36,2
DA:62,2
DA:82,8
DA:83,7
DA:84,3
DA:85,2
DA:86,2
DA:87,1
DA:90,2
LF:15
LH:15
BRDA:17,0,0,1
BRDA:17,0,1,6
BRDA:82,1,0,1
BRDA:82,1,1,7
BRDA:83,2,0,4
BRDA:83,2,1,3
BRDA:83,3,0,7
BRDA:83,3,1,5
BRDA:84,4,0,2
BRDA:84,4,1,1
BRDA:87,5,0,1
BRDA:87,5,1,0
BRDA:87,6,0,1
BRDA:87,6,1,1
BRF:14
BRH:13
end_of_record
TN:
SF:src/infrastructure/resilience/circuit-breaker.ts
FN:23,(anonymous_0)
FN:28,(anonymous_1)
FN:32,(anonymous_2)
FN:43,(anonymous_3)
FN:58,(anonymous_4)
FN:68,(anonymous_5)
FN:79,(anonymous_6)
FN:98,(anonymous_7)
FN:106,(anonymous_8)
FNF:9
FNH:9
FNDA:23,(anonymous_0)
FNDA:15,(anonymous_1)
FNDA:66,(anonymous_2)
FNDA:64,(anonymous_3)
FNDA:9,(anonymous_4)
FNDA:53,(anonymous_5)
FNDA:24,(anonymous_6)
FNDA:3,(anonymous_7)
FNDA:2,(anonymous_8)
DA:16,3
DA:17,23
DA:18,23
DA:19,23
DA:20,23
DA:21,23
DA:24,23
DA:25,23
DA:29,15
DA:33,66
DA:34,9
DA:35,6
DA:36,6
DA:38,3
DA:40,57
DA:44,64
DA:45,2
DA:48,62
DA:49,62
DA:50,9
DA:51,9
DA:53,53
DA:54,53
DA:59,9
DA:60,9
DA:61,6
DA:62,6
DA:63,2
DA:69,53
DA:70,53
DA:72,53
DA:73,2
DA:74,51
DA:75,14
DA:80,24
DA:81,24
DA:83,24
DA:84,24
DA:86,24
DA:87,2
DA:88,2
DA:90,24
DA:91,6
DA:94,24
DA:95,24
DA:99,3
DA:100,3
DA:101,3
DA:105,3
DA:107,2
DA:108,2
LF:51
LH:51
BRDA:33,0,0,9
BRDA:33,0,1,57
BRDA:34,1,0,6
BRDA:34,1,1,3
BRDA:44,2,0,2
BRDA:44,2,1,62
BRDA:60,3,0,6
BRDA:60,3,1,3
BRDA:62,4,0,2
BRDA:62,4,1,4
BRDA:72,5,0,2
BRDA:72,5,1,51
BRDA:74,6,0,14
BRDA:74,6,1,37
BRDA:80,7,0,0
BRDA:80,7,1,24
BRDA:86,8,0,2
BRDA:86,8,1,22
BRDA:90,9,0,6
BRDA:90,9,1,18
BRDA:94,10,0,0
BRDA:94,10,1,24
BRDA:94,11,0,24
BRDA:94,11,1,24
BRF:24
BRH:22
end_of_record
TN:
SF:src/infrastructure/resilience/dead-letter-handler.ts
FN:16,(anonymous_0)
FN:19,(anonymous_1)
FN:36,(anonymous_2)
FN:40,(anonymous_3)
FN:44,(anonymous_4)
FN:48,(anonymous_5)
FN:49,(anonymous_6)
FNF:7
FNH:7
FNDA:11,(anonymous_0)
FNDA:14,(anonymous_1)
FNDA:4,(anonymous_2)
FNDA:7,(anonymous_3)
FNDA:2,(anonymous_4)
FNDA:4,(anonymous_5)
FNDA:2,(anonymous_6)
DA:7,2
DA:16,2
DA:17,11
DA:20,14
DA:27,14
DA:37,4
DA:41,7
DA:45,2
DA:49,4
DA:50,4
DA:51,2
DA:52,2
DA:53,2
LF:13
LH:13
BRDA:50,0,0,2
BRDA:50,0,1,2
BRF:2
BRH:2
end_of_record
TN:
SF:src/infrastructure/resilience/retry-policy.ts
FN:15,(anonymous_0)
FN:17,(anonymous_1)
FN:23,(anonymous_2)
FN:29,(anonymous_3)
FN:50,(anonymous_4)
FN:51,(anonymous_5)
FNF:6
FNH:6
FNDA:18,(anonymous_0)
FNDA:23,(anonymous_1)
FNDA:22,(anonymous_2)
FNDA:14,(anonymous_3)
FNDA:8,(anonymous_4)
FNDA:8,(anonymous_5)
DA:14,3
DA:15,18
DA:18,23
DA:19,23
DA:20,23
DA:24,22
DA:25,12
DA:26,9
DA:32,14
DA:33,22
DA:34,22
DA:36,18
DA:38,18
DA:39,10
DA:42,8
DA:43,8
DA:47,0
DA:51,8
LF:18
LH:17
BRDA:24,0,0,10
BRDA:24,0,1,12
BRDA:25,1,0,3
BRDA:25,1,1,9
BRDA:38,2,0,10
BRDA:38,2,1,8
BRF:6
BRH:6
end_of_record
TN:
SF:src/infrastructure/templates/email-base.ts
FN:18,generateEmailWrapper
FN:72,escapeHtml
FN:82,sanitizeUrl
FNF:3
FNH:3
FNDA:16,generateEmailWrapper
FNDA:23,escapeHtml
FNDA:4,sanitizeUrl
DA:18,4
DA:19,16
DA:73,23
DA:83,4
DA:84,4
DA:85,1
DA:87,3
LF:7
LH:7
BRDA:45,0,0,4
BRDA:45,0,1,12
BRDA:49,1,0,2
BRDA:49,1,1,2
BRDA:49,2,0,4
BRDA:49,2,1,4
BRDA:84,3,0,1
BRDA:84,3,1,3
BRF:8
BRH:8
end_of_record
TN:
SF:src/lib/api-response.ts
FN:41,ok
FN:46,okPaginated
FN:55,okPaginatedWithMeta
FN:67,fail
FN:80,(anonymous_4)
FN:83,(anonymous_5)
FN:86,(anonymous_6)
FN:89,(anonymous_7)
FN:92,(anonymous_8)
FN:95,(anonymous_9)
FN:98,(anonymous_10)
FNF:11
FNH:6
FNDA:12,ok
FNDA:3,okPaginated
FNDA:0,okPaginatedWithMeta
FNDA:17,fail
FNDA:3,(anonymous_4)
FNDA:2,(anonymous_5)
FNDA:0,(anonymous_6)
FNDA:12,(anonymous_7)
FNDA:0,(anonymous_8)
FNDA:0,(anonymous_9)
FNDA:0,(anonymous_10)
DA:12,2
DA:41,2
DA:42,12
DA:46,2
DA:51,3
DA:55,2
DA:61,0
DA:67,2
DA:73,17
DA:80,3
DA:83,2
DA:86,2
DA:89,12
DA:92,2
DA:95,2
DA:98,2
LF:16
LH:15
BRDA:80,0,0,0
BRDA:83,1,0,2
BRDA:86,2,0,0
BRDA:95,3,0,0
BRDA:98,4,0,0
BRF:5
BRH:1
end_of_record
TN:
SF:src/lib/constants.ts
FN:21,(anonymous_0)
FN:25,(anonymous_1)
FN:30,(anonymous_2)
FN:62,translateGameName
FN:87,isAllowedDownloadUrl
FN:91,(anonymous_5)
FNF:6
FNH:3
FNDA:21,(anonymous_0)
FNDA:21,(anonymous_1)
FNDA:21,(anonymous_2)
FNDA:0,translateGameName
FNDA:0,isAllowedDownloadUrl
FNDA:0,(anonymous_5)
DA:10,3
DA:21,21
DA:24,3
DA:25,21
DA:29,3
DA:30,21
DA:39,3
DA:62,3
DA:63,0
DA:67,3
DA:69,3
DA:76,3
DA:87,3
DA:88,0
DA:89,0
DA:90,0
DA:91,0
DA:94,0
DA:99,3
LF:19
LH:13
BRDA:63,0,0,0
BRDA:63,0,1,0
BRDA:91,1,0,0
BRDA:91,1,1,0
BRF:4
BRH:0
end_of_record
TN:
SF:src/lib/schemas.ts
FN:76,(anonymous_0)
FN:230,(anonymous_1)
FNF:2
FNH:1
FNDA:0,(anonymous_0)
FNDA:35,(anonymous_1)
DA:10,3
DA:11,3
DA:15,3
DA:20,3
DA:21,3
DA:25,3
DA:30,3
DA:37,3
DA:76,0
DA:120,3
DA:124,3
DA:141,3
DA:149,3
DA:155,3
DA:161,3
DA:167,3
DA:178,3
DA:201,3
DA:203,3
DA:212,3
DA:216,3
DA:231,35
DA:232,14
DA:234,21
DA:241,3
DA:255,3
DA:259,3
DA:271,3
DA:275,3
DA:287,3
DA:291,3
DA:306,3
DA:310,3
DA:321,3
DA:325,3
DA:333,3
DA:340,3
LF:37
LH:36
BRDA:231,0,0,14
BRDA:231,0,1,21
BRDA:232,1,0,14
BRDA:232,1,1,14
BRF:4
BRH:4
end_of_record
